#! /c/Source/iverilog-install/bin/vvp
:ivl_version "12.0 (devel)" "(s20150603-1539-g2693dd32b)";
:ivl_delay_selection "TYPICAL";
:vpi_time_precision - 12;
:vpi_module "F:\iverilog\iverilog\lib\ivl\system.vpi";
:vpi_module "F:\iverilog\iverilog\lib\ivl\vhdl_sys.vpi";
:vpi_module "F:\iverilog\iverilog\lib\ivl\vhdl_textio.vpi";
:vpi_module "F:\iverilog\iverilog\lib\ivl\v2005_math.vpi";
:vpi_module "F:\iverilog\iverilog\lib\ivl\va_math.vpi";
S_000001f7c86ffc70 .scope module, "tb_decompose_L1" "tb_decompose_L1" 2 8;
 .timescale -9 -12;
P_000001f7c86c0b50 .param/l "COEFF_WIDTH" 0 2 10, +C4<00000000000000000000000000011001>;
P_000001f7c86c0b88 .param/l "DATA_WIDTH" 0 2 9, +C4<00000000000000000000000000010000>;
P_000001f7c86c0bc0 .param/l "DEC_H0" 0 2 22, C4<1111101100100110101001111>;
P_000001f7c86c0bf8 .param/l "DEC_H1" 0 2 23, C4<1111111000011010011100111>;
P_000001f7c86c0c30 .param/l "DEC_H2" 0 2 24, C4<0001111111011000111111000>;
P_000001f7c86c0c68 .param/l "DEC_H3" 0 2 25, C4<0011001101110000011101001>;
P_000001f7c86c0ca0 .param/l "DEC_H4" 0 2 26, C4<0001001100010000000110100>;
P_000001f7c86c0cd8 .param/l "DEC_H5" 0 2 27, C4<1111100110100110011000110>;
P_000001f7c86c0d10 .param/l "DEC_H6" 0 2 28, C4<1111111100110001011111110>;
P_000001f7c86c0d48 .param/l "DEC_H7" 0 2 29, C4<0000001000001111111100011>;
P_000001f7c86c0d80 .param/l "INTERNAL_WIDTH" 0 2 11, +C4<00000000000000000000000000110000>;
P_000001f7c86c0db8 .param/l "REC_H0" 0 2 32, C4<0000001000001111111100011>;
P_000001f7c86c0df0 .param/l "REC_H1" 0 2 33, C4<1111111100110001011111110>;
P_000001f7c86c0e28 .param/l "REC_H2" 0 2 34, C4<1111100110100110011000110>;
P_000001f7c86c0e60 .param/l "REC_H3" 0 2 35, C4<0001001100010000000110100>;
P_000001f7c86c0e98 .param/l "REC_H4" 0 2 36, C4<0011001101110000011101001>;
P_000001f7c86c0ed0 .param/l "REC_H5" 0 2 37, C4<0001111111011000111111000>;
P_000001f7c86c0f08 .param/l "REC_H6" 0 2 38, C4<1111111000011010011100111>;
P_000001f7c86c0f40 .param/l "REC_H7" 0 2 39, C4<1111101100100110101001111>;
P_000001f7c86c0f78 .param/l "T" 0 2 21, +C4<00000000000000000000000000001010>;
v000001f7c873dee0 .array "a1", 7 0;
v000001f7c873dee0_0 .net/s v000001f7c873dee0 0, 47 0, v000001f7c8682780_0; 1 drivers
v000001f7c873dee0_1 .net/s v000001f7c873dee0 1, 47 0, v000001f7c8652ff0_0; 1 drivers
v000001f7c873dee0_2 .net/s v000001f7c873dee0 2, 47 0, v000001f7c8652e80_0; 1 drivers
v000001f7c873dee0_3 .net/s v000001f7c873dee0 3, 47 0, v000001f7c86fcdc0_0; 1 drivers
v000001f7c873dee0_4 .net/s v000001f7c873dee0 4, 47 0, v000001f7c87abeb0_0; 1 drivers
v000001f7c873dee0_5 .net/s v000001f7c873dee0 5, 47 0, v000001f7c868e5a0_0; 1 drivers
v000001f7c873dee0_6 .net/s v000001f7c873dee0 6, 47 0, v000001f7c86ff3e0_0; 1 drivers
v000001f7c873dee0_7 .net/s v000001f7c873dee0 7, 47 0, v000001f7c86ffe00_0; 1 drivers
v000001f7c873e0c0_0 .var "clk", 0 0;
v000001f7c87c8440 .array/s "din", 15 0, 15 0;
v000001f7c87c9160_0 .var "din_valid", 0 0;
v000001f7c87c9de0_0 .net "dout_valid", 0 0, v000001f7c873d940_0;  1 drivers
v000001f7c87c84e0_0 .var/i "file_handle", 31 0;
v000001f7c87c9ac0_0 .var/i "i", 31 0;
v000001f7c87c93e0_0 .var/i "out_file", 31 0;
v000001f7c87c9f20_0 .var "rst_n", 0 0;
v000001f7c87c9e80_0 .var/i "scan_ret", 31 0;
S_000001f7c86d2fc0 .scope module, "u_dut" "decompose_L1" 2 51, 3 20 0, S_000001f7c86ffc70;
 .timescale -9 -12;
    .port_info 0 /INPUT 1 "clk";
    .port_info 1 /INPUT 1 "rst_n";
    .port_info 2 /INPUT 1 "din_valid";
    .port_info 3 /INPUT 16 "din_0";
    .port_info 4 /INPUT 16 "din_1";
    .port_info 5 /INPUT 16 "din_2";
    .port_info 6 /INPUT 16 "din_3";
    .port_info 7 /INPUT 16 "din_4";
    .port_info 8 /INPUT 16 "din_5";
    .port_info 9 /INPUT 16 "din_6";
    .port_info 10 /INPUT 16 "din_7";
    .port_info 11 /INPUT 16 "din_8";
    .port_info 12 /INPUT 16 "din_9";
    .port_info 13 /INPUT 16 "din_10";
    .port_info 14 /INPUT 16 "din_11";
    .port_info 15 /INPUT 16 "din_12";
    .port_info 16 /INPUT 16 "din_13";
    .port_info 17 /INPUT 16 "din_14";
    .port_info 18 /INPUT 16 "din_15";
    .port_info 19 /OUTPUT 1 "dout_valid";
    .port_info 20 /OUTPUT 48 "a1_0";
    .port_info 21 /OUTPUT 48 "a1_1";
    .port_info 22 /OUTPUT 48 "a1_2";
    .port_info 23 /OUTPUT 48 "a1_3";
    .port_info 24 /OUTPUT 48 "a1_4";
    .port_info 25 /OUTPUT 48 "a1_5";
    .port_info 26 /OUTPUT 48 "a1_6";
    .port_info 27 /OUTPUT 48 "a1_7";
P_000001f7c86ff100 .param/l "COEF_FRAC" 0 3 24, +C4<00000000000000000000000000010111>;
P_000001f7c86ff138 .param/l "COEF_WIDTH" 0 3 22, +C4<00000000000000000000000000011001>;
P_000001f7c86ff170 .param/l "DATA_WIDTH" 0 3 21, +C4<00000000000000000000000000010000>;
P_000001f7c86ff1a8 .param/l "DEC_H0" 0 3 27, +C4<1111101100100110101001111>;
P_000001f7c86ff1e0 .param/l "DEC_H1" 0 3 28, +C4<1111111000011010011100111>;
P_000001f7c86ff218 .param/l "DEC_H2" 0 3 29, +C4<0001111111011000111111000>;
P_000001f7c86ff250 .param/l "DEC_H3" 0 3 30, +C4<0011001101110000011101001>;
P_000001f7c86ff288 .param/l "DEC_H4" 0 3 31, +C4<0001001100010000000110100>;
P_000001f7c86ff2c0 .param/l "DEC_H5" 0 3 32, +C4<1111100110100110011000110>;
P_000001f7c86ff2f8 .param/l "DEC_H6" 0 3 33, +C4<1111111100110001011111110>;
P_000001f7c86ff330 .param/l "DEC_H7" 0 3 34, +C4<0000001000001111111100011>;
P_000001f7c86ff368 .param/l "INTERNAL_WIDTH" 0 3 23, +C4<00000000000000000000000000110000>;
P_000001f7c86ff3a0 .param/l "MULT_WIDTH" 1 3 125, +C4<000000000000000000000000000101001>;
v000001f7c8682780_0 .var/s "a1_0", 47 0;
v000001f7c8652ff0_0 .var/s "a1_1", 47 0;
v000001f7c8652e80_0 .var/s "a1_2", 47 0;
v000001f7c86fcdc0_0 .var/s "a1_3", 47 0;
v000001f7c87abeb0_0 .var/s "a1_4", 47 0;
v000001f7c868e5a0_0 .var/s "a1_5", 47 0;
v000001f7c86ff3e0_0 .var/s "a1_6", 47 0;
v000001f7c86ffe00_0 .var/s "a1_7", 47 0;
v000001f7c86d3150_0 .net "clk", 0 0, v000001f7c873e0c0_0;  1 drivers
v000001f7c87c8440_0 .array/port v000001f7c87c8440, 0;
v000001f7c86d31f0_0 .net/s "din_0", 15 0, v000001f7c87c8440_0;  1 drivers
v000001f7c87c8440_1 .array/port v000001f7c87c8440, 1;
v000001f7c8652a60_0 .net/s "din_1", 15 0, v000001f7c87c8440_1;  1 drivers
v000001f7c87c8440_10 .array/port v000001f7c87c8440, 10;
v000001f7c873e520_0 .net/s "din_10", 15 0, v000001f7c87c8440_10;  1 drivers
v000001f7c87c8440_11 .array/port v000001f7c87c8440, 11;
v000001f7c873e200_0 .net/s "din_11", 15 0, v000001f7c87c8440_11;  1 drivers
v000001f7c87c8440_12 .array/port v000001f7c87c8440, 12;
v000001f7c873df80_0 .net/s "din_12", 15 0, v000001f7c87c8440_12;  1 drivers
v000001f7c87c8440_13 .array/port v000001f7c87c8440, 13;
v000001f7c873d8a0_0 .net/s "din_13", 15 0, v000001f7c87c8440_13;  1 drivers
v000001f7c87c8440_14 .array/port v000001f7c87c8440, 14;
v000001f7c873e5c0_0 .net/s "din_14", 15 0, v000001f7c87c8440_14;  1 drivers
v000001f7c87c8440_15 .array/port v000001f7c87c8440, 15;
v000001f7c873da80_0 .net/s "din_15", 15 0, v000001f7c87c8440_15;  1 drivers
v000001f7c87c8440_2 .array/port v000001f7c87c8440, 2;
v000001f7c873e480_0 .net/s "din_2", 15 0, v000001f7c87c8440_2;  1 drivers
v000001f7c87c8440_3 .array/port v000001f7c87c8440, 3;
v000001f7c873e340_0 .net/s "din_3", 15 0, v000001f7c87c8440_3;  1 drivers
v000001f7c87c8440_4 .array/port v000001f7c87c8440, 4;
v000001f7c873e660_0 .net/s "din_4", 15 0, v000001f7c87c8440_4;  1 drivers
v000001f7c87c8440_5 .array/port v000001f7c87c8440, 5;
v000001f7c873e700_0 .net/s "din_5", 15 0, v000001f7c87c8440_5;  1 drivers
v000001f7c87c8440_6 .array/port v000001f7c87c8440, 6;
v000001f7c873e2a0_0 .net/s "din_6", 15 0, v000001f7c87c8440_6;  1 drivers
v000001f7c87c8440_7 .array/port v000001f7c87c8440, 7;
v000001f7c873db20_0 .net/s "din_7", 15 0, v000001f7c87c8440_7;  1 drivers
v000001f7c87c8440_8 .array/port v000001f7c87c8440, 8;
v000001f7c873d9e0_0 .net/s "din_8", 15 0, v000001f7c87c8440_8;  1 drivers
v000001f7c87c8440_9 .array/port v000001f7c87c8440, 9;
v000001f7c873dbc0_0 .net/s "din_9", 15 0, v000001f7c87c8440_9;  1 drivers
v000001f7c873e160_0 .net "din_valid", 0 0, v000001f7c87c9160_0;  1 drivers
v000001f7c873d940_0 .var "dout_valid", 0 0;
v000001f7c873dd00_0 .var "has_data", 0 0;
v000001f7c873dc60 .array/s "mult_s1", 63 0, 40 0;
v000001f7c873e3e0_0 .net "rst_n", 0 0, v000001f7c87c9f20_0;  1 drivers
v000001f7c873e7a0 .array/s "sum_s2", 7 0, 47 0;
v000001f7c873e020_0 .var "valid_s1", 0 0;
v000001f7c873dda0_0 .var "valid_s2", 0 0;
v000001f7c873de40 .array/s "x_hist", 6 0, 15 0;
E_000001f7c86e90b0/0 .event negedge, v000001f7c873e3e0_0;
E_000001f7c86e90b0/1 .event posedge, v000001f7c86d3150_0;
E_000001f7c86e90b0 .event/or E_000001f7c86e90b0/0, E_000001f7c86e90b0/1;
E_000001f7c86e8eb0 .event posedge, v000001f7c86d3150_0;
    .scope S_000001f7c86d2fc0;
T_0 ;
    %wait E_000001f7c86e90b0;
    %load/vec4 v000001f7c873e3e0_0;
    %nor/r;
    %flag_set/vec4 8;
    %jmp/0xz  T_0.0, 8;
    %pushi/vec4 0, 0, 16;
    %ix/load 3, 0, 0;
    %flag_set/imm 4, 0;
    %ix/load 4, 0, 0; Constant delay
    %assign/vec4/a/d v000001f7c873de40, 0, 4;
    %pushi/vec4 0, 0, 16;
    %ix/load 3, 1, 0;
    %flag_set/imm 4, 0;
    %ix/load 4, 0, 0; Constant delay
    %assign/vec4/a/d v000001f7c873de40, 0, 4;
    %pushi/vec4 0, 0, 16;
    %ix/load 3, 2, 0;
    %flag_set/imm 4, 0;
    %ix/load 4, 0, 0; Constant delay
    %assign/vec4/a/d v000001f7c873de40, 0, 4;
    %pushi/vec4 0, 0, 16;
    %ix/load 3, 3, 0;
    %flag_set/imm 4, 0;
    %ix/load 4, 0, 0; Constant delay
    %assign/vec4/a/d v000001f7c873de40, 0, 4;
    %pushi/vec4 0, 0, 16;
    %ix/load 3, 4, 0;
    %flag_set/imm 4, 0;
    %ix/load 4, 0, 0; Constant delay
    %assign/vec4/a/d v000001f7c873de40, 0, 4;
    %pushi/vec4 0, 0, 16;
    %ix/load 3, 5, 0;
    %flag_set/imm 4, 0;
    %ix/load 4, 0, 0; Constant delay
    %assign/vec4/a/d v000001f7c873de40, 0, 4;
    %pushi/vec4 0, 0, 16;
    %ix/load 3, 6, 0;
    %flag_set/imm 4, 0;
    %ix/load 4, 0, 0; Constant delay
    %assign/vec4/a/d v000001f7c873de40, 0, 4;
    %jmp T_0.1;
T_0.0 ;
    %load/vec4 v000001f7c873e160_0;
    %flag_set/vec4 8;
    %jmp/0xz  T_0.2, 8;
    %load/vec4 v000001f7c873da80_0;
    %ix/load 3, 0, 0;
    %flag_set/imm 4, 0;
    %ix/load 4, 0, 0; Constant delay
    %assign/vec4/a/d v000001f7c873de40, 0, 4;
    %load/vec4 v000001f7c873e5c0_0;
    %ix/load 3, 1, 0;
    %flag_set/imm 4, 0;
    %ix/load 4, 0, 0; Constant delay
    %assign/vec4/a/d v000001f7c873de40, 0, 4;
    %load/vec4 v000001f7c873d8a0_0;
    %ix/load 3, 2, 0;
    %flag_set/imm 4, 0;
    %ix/load 4, 0, 0; Constant delay
    %assign/vec4/a/d v000001f7c873de40, 0, 4;
    %load/vec4 v000001f7c873df80_0;
    %ix/load 3, 3, 0;
    %flag_set/imm 4, 0;
    %ix/load 4, 0, 0; Constant delay
    %assign/vec4/a/d v000001f7c873de40, 0, 4;
    %load/vec4 v000001f7c873e200_0;
    %ix/load 3, 4, 0;
    %flag_set/imm 4, 0;
    %ix/load 4, 0, 0; Constant delay
    %assign/vec4/a/d v000001f7c873de40, 0, 4;
    %load/vec4 v000001f7c873e520_0;
    %ix/load 3, 5, 0;
    %flag_set/imm 4, 0;
    %ix/load 4, 0, 0; Constant delay
    %assign/vec4/a/d v000001f7c873de40, 0, 4;
    %load/vec4 v000001f7c873dbc0_0;
    %ix/load 3, 6, 0;
    %flag_set/imm 4, 0;
    %ix/load 4, 0, 0; Constant delay
    %assign/vec4/a/d v000001f7c873de40, 0, 4;
T_0.2 ;
T_0.1 ;
    %jmp T_0;
    .thread T_0;
    .scope S_000001f7c86d2fc0;
T_1 ;
    %wait E_000001f7c86e90b0;
    %load/vec4 v000001f7c873e3e0_0;
    %nor/r;
    %flag_set/vec4 8;
    %jmp/0xz  T_1.0, 8;
    %pushi/vec4 0, 0, 1;
    %assign/vec4 v000001f7c873dd00_0, 0;
    %jmp T_1.1;
T_1.0 ;
    %load/vec4 v000001f7c873e160_0;
    %flag_set/vec4 8;
    %jmp/0xz  T_1.2, 8;
    %pushi/vec4 1, 0, 1;
    %assign/vec4 v000001f7c873dd00_0, 0;
T_1.2 ;
T_1.1 ;
    %jmp T_1;
    .thread T_1;
    .scope S_000001f7c86d2fc0;
T_2 ;
    %wait E_000001f7c86e90b0;
    %load/vec4 v000001f7c873e3e0_0;
    %nor/r;
    %flag_set/vec4 8;
    %jmp/0xz  T_2.0, 8;
    %pushi/vec4 0, 0, 1;
    %assign/vec4 v000001f7c873e020_0, 0;
    %pushi/vec4 0, 0, 1;
    %assign/vec4 v000001f7c873dda0_0, 0;
    %pushi/vec4 0, 0, 1;
    %assign/vec4 v000001f7c873d940_0, 0;
    %jmp T_2.1;
T_2.0 ;
    %load/vec4 v000001f7c873e160_0;
    %flag_set/vec4 8;
    %flag_get/vec4 8;
    %jmp/0 T_2.2, 8;
    %load/vec4 v000001f7c873dd00_0;
    %and;
T_2.2;
    %assign/vec4 v000001f7c873e020_0, 0;
    %load/vec4 v000001f7c873e020_0;
    %assign/vec4 v000001f7c873dda0_0, 0;
    %load/vec4 v000001f7c873dda0_0;
    %assign/vec4 v000001f7c873d940_0, 0;
T_2.1 ;
    %jmp T_2;
    .thread T_2;
    .scope S_000001f7c86d2fc0;
T_3 ;
    %wait E_000001f7c86e8eb0;
    %load/vec4 v000001f7c86d31f0_0;
    %pad/s 41;
    %pushi/vec4 4294966054, 0, 32;
    %concati/vec4 335, 0, 9;
    %mul;
    %ix/load 3, 0, 0;
    %flag_set/imm 4, 0;
    %ix/load 4, 0, 0; Constant delay
    %assign/vec4/a/d v000001f7c873dc60, 0, 4;
    %ix/load 4, 0, 0;
    %flag_set/imm 4, 0;
    %load/vec4a v000001f7c873de40, 4;
    %pad/s 41;
    %pushi/vec4 4294966810, 0, 32;
    %concati/vec4 231, 0, 9;
    %mul;
    %ix/load 3, 1, 0;
    %flag_set/imm 4, 0;
    %ix/load 4, 0, 0; Constant delay
    %assign/vec4/a/d v000001f7c873dc60, 0, 4;
    %ix/load 4, 1, 0;
    %flag_set/imm 4, 0;
    %load/vec4a v000001f7c873de40, 4;
    %pad/s 41;
    %muli 4174328, 0, 41;
    %ix/load 3, 2, 0;
    %flag_set/imm 4, 0;
    %ix/load 4, 0, 0; Constant delay
    %assign/vec4/a/d v000001f7c873dc60, 0, 4;
    %ix/load 4, 2, 0;
    %flag_set/imm 4, 0;
    %load/vec4a v000001f7c873de40, 4;
    %pad/s 41;
    %muli 6742249, 0, 41;
    %ix/load 3, 3, 0;
    %flag_set/imm 4, 0;
    %ix/load 4, 0, 0; Constant delay
    %assign/vec4/a/d v000001f7c873dc60, 0, 4;
    %ix/load 4, 3, 0;
    %flag_set/imm 4, 0;
    %load/vec4a v000001f7c873de40, 4;
    %pad/s 41;
    %muli 2498612, 0, 41;
    %ix/load 3, 4, 0;
    %flag_set/imm 4, 0;
    %ix/load 4, 0, 0; Constant delay
    %assign/vec4/a/d v000001f7c873dc60, 0, 4;
    %ix/load 4, 4, 0;
    %flag_set/imm 4, 0;
    %load/vec4a v000001f7c873de40, 4;
    %pad/s 41;
    %pushi/vec4 4294965670, 0, 32;
    %concati/vec4 198, 0, 9;
    %mul;
    %ix/load 3, 5, 0;
    %flag_set/imm 4, 0;
    %ix/load 4, 0, 0; Constant delay
    %assign/vec4/a/d v000001f7c873dc60, 0, 4;
    %ix/load 4, 5, 0;
    %flag_set/imm 4, 0;
    %load/vec4a v000001f7c873de40, 4;
    %pad/s 41;
    %pushi/vec4 4294967089, 0, 32;
    %concati/vec4 254, 0, 9;
    %mul;
    %ix/load 3, 6, 0;
    %flag_set/imm 4, 0;
    %ix/load 4, 0, 0; Constant delay
    %assign/vec4/a/d v000001f7c873dc60, 0, 4;
    %ix/load 4, 6, 0;
    %flag_set/imm 4, 0;
    %load/vec4a v000001f7c873de40, 4;
    %pad/s 41;
    %muli 270307, 0, 41;
    %ix/load 3, 7, 0;
    %flag_set/imm 4, 0;
    %ix/load 4, 0, 0; Constant delay
    %assign/vec4/a/d v000001f7c873dc60, 0, 4;
    %load/vec4 v000001f7c873e480_0;
    %pad/s 41;
    %pushi/vec4 4294966054, 0, 32;
    %concati/vec4 335, 0, 9;
    %mul;
    %ix/load 3, 8, 0;
    %flag_set/imm 4, 0;
    %ix/load 4, 0, 0; Constant delay
    %assign/vec4/a/d v000001f7c873dc60, 0, 4;
    %load/vec4 v000001f7c8652a60_0;
    %pad/s 41;
    %pushi/vec4 4294966810, 0, 32;
    %concati/vec4 231, 0, 9;
    %mul;
    %ix/load 3, 9, 0;
    %flag_set/imm 4, 0;
    %ix/load 4, 0, 0; Constant delay
    %assign/vec4/a/d v000001f7c873dc60, 0, 4;
    %load/vec4 v000001f7c86d31f0_0;
    %pad/s 41;
    %muli 4174328, 0, 41;
    %ix/load 3, 10, 0;
    %flag_set/imm 4, 0;
    %ix/load 4, 0, 0; Constant delay
    %assign/vec4/a/d v000001f7c873dc60, 0, 4;
    %ix/load 4, 0, 0;
    %flag_set/imm 4, 0;
    %load/vec4a v000001f7c873de40, 4;
    %pad/s 41;
    %muli 6742249, 0, 41;
    %ix/load 3, 11, 0;
    %flag_set/imm 4, 0;
    %ix/load 4, 0, 0; Constant delay
    %assign/vec4/a/d v000001f7c873dc60, 0, 4;
    %ix/load 4, 1, 0;
    %flag_set/imm 4, 0;
    %load/vec4a v000001f7c873de40, 4;
    %pad/s 41;
    %muli 2498612, 0, 41;
    %ix/load 3, 12, 0;
    %flag_set/imm 4, 0;
    %ix/load 4, 0, 0; Constant delay
    %assign/vec4/a/d v000001f7c873dc60, 0, 4;
    %ix/load 4, 2, 0;
    %flag_set/imm 4, 0;
    %load/vec4a v000001f7c873de40, 4;
    %pad/s 41;
    %pushi/vec4 4294965670, 0, 32;
    %concati/vec4 198, 0, 9;
    %mul;
    %ix/load 3, 13, 0;
    %flag_set/imm 4, 0;
    %ix/load 4, 0, 0; Constant delay
    %assign/vec4/a/d v000001f7c873dc60, 0, 4;
    %ix/load 4, 3, 0;
    %flag_set/imm 4, 0;
    %load/vec4a v000001f7c873de40, 4;
    %pad/s 41;
    %pushi/vec4 4294967089, 0, 32;
    %concati/vec4 254, 0, 9;
    %mul;
    %ix/load 3, 14, 0;
    %flag_set/imm 4, 0;
    %ix/load 4, 0, 0; Constant delay
    %assign/vec4/a/d v000001f7c873dc60, 0, 4;
    %ix/load 4, 4, 0;
    %flag_set/imm 4, 0;
    %load/vec4a v000001f7c873de40, 4;
    %pad/s 41;
    %muli 270307, 0, 41;
    %ix/load 3, 15, 0;
    %flag_set/imm 4, 0;
    %ix/load 4, 0, 0; Constant delay
    %assign/vec4/a/d v000001f7c873dc60, 0, 4;
    %load/vec4 v000001f7c873e660_0;
    %pad/s 41;
    %pushi/vec4 4294966054, 0, 32;
    %concati/vec4 335, 0, 9;
    %mul;
    %ix/load 3, 16, 0;
    %flag_set/imm 4, 0;
    %ix/load 4, 0, 0; Constant delay
    %assign/vec4/a/d v000001f7c873dc60, 0, 4;
    %load/vec4 v000001f7c873e340_0;
    %pad/s 41;
    %pushi/vec4 4294966810, 0, 32;
    %concati/vec4 231, 0, 9;
    %mul;
    %ix/load 3, 17, 0;
    %flag_set/imm 4, 0;
    %ix/load 4, 0, 0; Constant delay
    %assign/vec4/a/d v000001f7c873dc60, 0, 4;
    %load/vec4 v000001f7c873e480_0;
    %pad/s 41;
    %muli 4174328, 0, 41;
    %ix/load 3, 18, 0;
    %flag_set/imm 4, 0;
    %ix/load 4, 0, 0; Constant delay
    %assign/vec4/a/d v000001f7c873dc60, 0, 4;
    %load/vec4 v000001f7c8652a60_0;
    %pad/s 41;
    %muli 6742249, 0, 41;
    %ix/load 3, 19, 0;
    %flag_set/imm 4, 0;
    %ix/load 4, 0, 0; Constant delay
    %assign/vec4/a/d v000001f7c873dc60, 0, 4;
    %load/vec4 v000001f7c86d31f0_0;
    %pad/s 41;
    %muli 2498612, 0, 41;
    %ix/load 3, 20, 0;
    %flag_set/imm 4, 0;
    %ix/load 4, 0, 0; Constant delay
    %assign/vec4/a/d v000001f7c873dc60, 0, 4;
    %ix/load 4, 0, 0;
    %flag_set/imm 4, 0;
    %load/vec4a v000001f7c873de40, 4;
    %pad/s 41;
    %pushi/vec4 4294965670, 0, 32;
    %concati/vec4 198, 0, 9;
    %mul;
    %ix/load 3, 21, 0;
    %flag_set/imm 4, 0;
    %ix/load 4, 0, 0; Constant delay
    %assign/vec4/a/d v000001f7c873dc60, 0, 4;
    %ix/load 4, 1, 0;
    %flag_set/imm 4, 0;
    %load/vec4a v000001f7c873de40, 4;
    %pad/s 41;
    %pushi/vec4 4294967089, 0, 32;
    %concati/vec4 254, 0, 9;
    %mul;
    %ix/load 3, 22, 0;
    %flag_set/imm 4, 0;
    %ix/load 4, 0, 0; Constant delay
    %assign/vec4/a/d v000001f7c873dc60, 0, 4;
    %ix/load 4, 2, 0;
    %flag_set/imm 4, 0;
    %load/vec4a v000001f7c873de40, 4;
    %pad/s 41;
    %muli 270307, 0, 41;
    %ix/load 3, 23, 0;
    %flag_set/imm 4, 0;
    %ix/load 4, 0, 0; Constant delay
    %assign/vec4/a/d v000001f7c873dc60, 0, 4;
    %load/vec4 v000001f7c873e2a0_0;
    %pad/s 41;
    %pushi/vec4 4294966054, 0, 32;
    %concati/vec4 335, 0, 9;
    %mul;
    %ix/load 3, 24, 0;
    %flag_set/imm 4, 0;
    %ix/load 4, 0, 0; Constant delay
    %assign/vec4/a/d v000001f7c873dc60, 0, 4;
    %load/vec4 v000001f7c873e700_0;
    %pad/s 41;
    %pushi/vec4 4294966810, 0, 32;
    %concati/vec4 231, 0, 9;
    %mul;
    %ix/load 3, 25, 0;
    %flag_set/imm 4, 0;
    %ix/load 4, 0, 0; Constant delay
    %assign/vec4/a/d v000001f7c873dc60, 0, 4;
    %load/vec4 v000001f7c873e660_0;
    %pad/s 41;
    %muli 4174328, 0, 41;
    %ix/load 3, 26, 0;
    %flag_set/imm 4, 0;
    %ix/load 4, 0, 0; Constant delay
    %assign/vec4/a/d v000001f7c873dc60, 0, 4;
    %load/vec4 v000001f7c873e340_0;
    %pad/s 41;
    %muli 6742249, 0, 41;
    %ix/load 3, 27, 0;
    %flag_set/imm 4, 0;
    %ix/load 4, 0, 0; Constant delay
    %assign/vec4/a/d v000001f7c873dc60, 0, 4;
    %load/vec4 v000001f7c873e480_0;
    %pad/s 41;
    %muli 2498612, 0, 41;
    %ix/load 3, 28, 0;
    %flag_set/imm 4, 0;
    %ix/load 4, 0, 0; Constant delay
    %assign/vec4/a/d v000001f7c873dc60, 0, 4;
    %load/vec4 v000001f7c8652a60_0;
    %pad/s 41;
    %pushi/vec4 4294965670, 0, 32;
    %concati/vec4 198, 0, 9;
    %mul;
    %ix/load 3, 29, 0;
    %flag_set/imm 4, 0;
    %ix/load 4, 0, 0; Constant delay
    %assign/vec4/a/d v000001f7c873dc60, 0, 4;
    %load/vec4 v000001f7c86d31f0_0;
    %pad/s 41;
    %pushi/vec4 4294967089, 0, 32;
    %concati/vec4 254, 0, 9;
    %mul;
    %ix/load 3, 30, 0;
    %flag_set/imm 4, 0;
    %ix/load 4, 0, 0; Constant delay
    %assign/vec4/a/d v000001f7c873dc60, 0, 4;
    %ix/load 4, 0, 0;
    %flag_set/imm 4, 0;
    %load/vec4a v000001f7c873de40, 4;
    %pad/s 41;
    %muli 270307, 0, 41;
    %ix/load 3, 31, 0;
    %flag_set/imm 4, 0;
    %ix/load 4, 0, 0; Constant delay
    %assign/vec4/a/d v000001f7c873dc60, 0, 4;
    %load/vec4 v000001f7c873d9e0_0;
    %pad/s 41;
    %pushi/vec4 4294966054, 0, 32;
    %concati/vec4 335, 0, 9;
    %mul;
    %ix/load 3, 32, 0;
    %flag_set/imm 4, 0;
    %ix/load 4, 0, 0; Constant delay
    %assign/vec4/a/d v000001f7c873dc60, 0, 4;
    %load/vec4 v000001f7c873db20_0;
    %pad/s 41;
    %pushi/vec4 4294966810, 0, 32;
    %concati/vec4 231, 0, 9;
    %mul;
    %ix/load 3, 33, 0;
    %flag_set/imm 4, 0;
    %ix/load 4, 0, 0; Constant delay
    %assign/vec4/a/d v000001f7c873dc60, 0, 4;
    %load/vec4 v000001f7c873e2a0_0;
    %pad/s 41;
    %muli 4174328, 0, 41;
    %ix/load 3, 34, 0;
    %flag_set/imm 4, 0;
    %ix/load 4, 0, 0; Constant delay
    %assign/vec4/a/d v000001f7c873dc60, 0, 4;
    %load/vec4 v000001f7c873e700_0;
    %pad/s 41;
    %muli 6742249, 0, 41;
    %ix/load 3, 35, 0;
    %flag_set/imm 4, 0;
    %ix/load 4, 0, 0; Constant delay
    %assign/vec4/a/d v000001f7c873dc60, 0, 4;
    %load/vec4 v000001f7c873e660_0;
    %pad/s 41;
    %muli 2498612, 0, 41;
    %ix/load 3, 36, 0;
    %flag_set/imm 4, 0;
    %ix/load 4, 0, 0; Constant delay
    %assign/vec4/a/d v000001f7c873dc60, 0, 4;
    %load/vec4 v000001f7c873e340_0;
    %pad/s 41;
    %pushi/vec4 4294965670, 0, 32;
    %concati/vec4 198, 0, 9;
    %mul;
    %ix/load 3, 37, 0;
    %flag_set/imm 4, 0;
    %ix/load 4, 0, 0; Constant delay
    %assign/vec4/a/d v000001f7c873dc60, 0, 4;
    %load/vec4 v000001f7c873e480_0;
    %pad/s 41;
    %pushi/vec4 4294967089, 0, 32;
    %concati/vec4 254, 0, 9;
    %mul;
    %ix/load 3, 38, 0;
    %flag_set/imm 4, 0;
    %ix/load 4, 0, 0; Constant delay
    %assign/vec4/a/d v000001f7c873dc60, 0, 4;
    %load/vec4 v000001f7c8652a60_0;
    %pad/s 41;
    %muli 270307, 0, 41;
    %ix/load 3, 39, 0;
    %flag_set/imm 4, 0;
    %ix/load 4, 0, 0; Constant delay
    %assign/vec4/a/d v000001f7c873dc60, 0, 4;
    %load/vec4 v000001f7c873e520_0;
    %pad/s 41;
    %pushi/vec4 4294966054, 0, 32;
    %concati/vec4 335, 0, 9;
    %mul;
    %ix/load 3, 40, 0;
    %flag_set/imm 4, 0;
    %ix/load 4, 0, 0; Constant delay
    %assign/vec4/a/d v000001f7c873dc60, 0, 4;
    %load/vec4 v000001f7c873dbc0_0;
    %pad/s 41;
    %pushi/vec4 4294966810, 0, 32;
    %concati/vec4 231, 0, 9;
    %mul;
    %ix/load 3, 41, 0;
    %flag_set/imm 4, 0;
    %ix/load 4, 0, 0; Constant delay
    %assign/vec4/a/d v000001f7c873dc60, 0, 4;
    %load/vec4 v000001f7c873d9e0_0;
    %pad/s 41;
    %muli 4174328, 0, 41;
    %ix/load 3, 42, 0;
    %flag_set/imm 4, 0;
    %ix/load 4, 0, 0; Constant delay
    %assign/vec4/a/d v000001f7c873dc60, 0, 4;
    %load/vec4 v000001f7c873db20_0;
    %pad/s 41;
    %muli 6742249, 0, 41;
    %ix/load 3, 43, 0;
    %flag_set/imm 4, 0;
    %ix/load 4, 0, 0; Constant delay
    %assign/vec4/a/d v000001f7c873dc60, 0, 4;
    %load/vec4 v000001f7c873e2a0_0;
    %pad/s 41;
    %muli 2498612, 0, 41;
    %ix/load 3, 44, 0;
    %flag_set/imm 4, 0;
    %ix/load 4, 0, 0; Constant delay
    %assign/vec4/a/d v000001f7c873dc60, 0, 4;
    %load/vec4 v000001f7c873e700_0;
    %pad/s 41;
    %pushi/vec4 4294965670, 0, 32;
    %concati/vec4 198, 0, 9;
    %mul;
    %ix/load 3, 45, 0;
    %flag_set/imm 4, 0;
    %ix/load 4, 0, 0; Constant delay
    %assign/vec4/a/d v000001f7c873dc60, 0, 4;
    %load/vec4 v000001f7c873e660_0;
    %pad/s 41;
    %pushi/vec4 4294967089, 0, 32;
    %concati/vec4 254, 0, 9;
    %mul;
    %ix/load 3, 46, 0;
    %flag_set/imm 4, 0;
    %ix/load 4, 0, 0; Constant delay
    %assign/vec4/a/d v000001f7c873dc60, 0, 4;
    %load/vec4 v000001f7c873e340_0;
    %pad/s 41;
    %muli 270307, 0, 41;
    %ix/load 3, 47, 0;
    %flag_set/imm 4, 0;
    %ix/load 4, 0, 0; Constant delay
    %assign/vec4/a/d v000001f7c873dc60, 0, 4;
    %load/vec4 v000001f7c873df80_0;
    %pad/s 41;
    %pushi/vec4 4294966054, 0, 32;
    %concati/vec4 335, 0, 9;
    %mul;
    %ix/load 3, 48, 0;
    %flag_set/imm 4, 0;
    %ix/load 4, 0, 0; Constant delay
    %assign/vec4/a/d v000001f7c873dc60, 0, 4;
    %load/vec4 v000001f7c873e200_0;
    %pad/s 41;
    %pushi/vec4 4294966810, 0, 32;
    %concati/vec4 231, 0, 9;
    %mul;
    %ix/load 3, 49, 0;
    %flag_set/imm 4, 0;
    %ix/load 4, 0, 0; Constant delay
    %assign/vec4/a/d v000001f7c873dc60, 0, 4;
    %load/vec4 v000001f7c873e520_0;
    %pad/s 41;
    %muli 4174328, 0, 41;
    %ix/load 3, 50, 0;
    %flag_set/imm 4, 0;
    %ix/load 4, 0, 0; Constant delay
    %assign/vec4/a/d v000001f7c873dc60, 0, 4;
    %load/vec4 v000001f7c873dbc0_0;
    %pad/s 41;
    %muli 6742249, 0, 41;
    %ix/load 3, 51, 0;
    %flag_set/imm 4, 0;
    %ix/load 4, 0, 0; Constant delay
    %assign/vec4/a/d v000001f7c873dc60, 0, 4;
    %load/vec4 v000001f7c873d9e0_0;
    %pad/s 41;
    %muli 2498612, 0, 41;
    %ix/load 3, 52, 0;
    %flag_set/imm 4, 0;
    %ix/load 4, 0, 0; Constant delay
    %assign/vec4/a/d v000001f7c873dc60, 0, 4;
    %load/vec4 v000001f7c873db20_0;
    %pad/s 41;
    %pushi/vec4 4294965670, 0, 32;
    %concati/vec4 198, 0, 9;
    %mul;
    %ix/load 3, 53, 0;
    %flag_set/imm 4, 0;
    %ix/load 4, 0, 0; Constant delay
    %assign/vec4/a/d v000001f7c873dc60, 0, 4;
    %load/vec4 v000001f7c873e2a0_0;
    %pad/s 41;
    %pushi/vec4 4294967089, 0, 32;
    %concati/vec4 254, 0, 9;
    %mul;
    %ix/load 3, 54, 0;
    %flag_set/imm 4, 0;
    %ix/load 4, 0, 0; Constant delay
    %assign/vec4/a/d v000001f7c873dc60, 0, 4;
    %load/vec4 v000001f7c873e700_0;
    %pad/s 41;
    %muli 270307, 0, 41;
    %ix/load 3, 55, 0;
    %flag_set/imm 4, 0;
    %ix/load 4, 0, 0; Constant delay
    %assign/vec4/a/d v000001f7c873dc60, 0, 4;
    %load/vec4 v000001f7c873e5c0_0;
    %pad/s 41;
    %pushi/vec4 4294966054, 0, 32;
    %concati/vec4 335, 0, 9;
    %mul;
    %ix/load 3, 56, 0;
    %flag_set/imm 4, 0;
    %ix/load 4, 0, 0; Constant delay
    %assign/vec4/a/d v000001f7c873dc60, 0, 4;
    %load/vec4 v000001f7c873d8a0_0;
    %pad/s 41;
    %pushi/vec4 4294966810, 0, 32;
    %concati/vec4 231, 0, 9;
    %mul;
    %ix/load 3, 57, 0;
    %flag_set/imm 4, 0;
    %ix/load 4, 0, 0; Constant delay
    %assign/vec4/a/d v000001f7c873dc60, 0, 4;
    %load/vec4 v000001f7c873df80_0;
    %pad/s 41;
    %muli 4174328, 0, 41;
    %ix/load 3, 58, 0;
    %flag_set/imm 4, 0;
    %ix/load 4, 0, 0; Constant delay
    %assign/vec4/a/d v000001f7c873dc60, 0, 4;
    %load/vec4 v000001f7c873e200_0;
    %pad/s 41;
    %muli 6742249, 0, 41;
    %ix/load 3, 59, 0;
    %flag_set/imm 4, 0;
    %ix/load 4, 0, 0; Constant delay
    %assign/vec4/a/d v000001f7c873dc60, 0, 4;
    %load/vec4 v000001f7c873e520_0;
    %pad/s 41;
    %muli 2498612, 0, 41;
    %ix/load 3, 60, 0;
    %flag_set/imm 4, 0;
    %ix/load 4, 0, 0; Constant delay
    %assign/vec4/a/d v000001f7c873dc60, 0, 4;
    %load/vec4 v000001f7c873dbc0_0;
    %pad/s 41;
    %pushi/vec4 4294965670, 0, 32;
    %concati/vec4 198, 0, 9;
    %mul;
    %ix/load 3, 61, 0;
    %flag_set/imm 4, 0;
    %ix/load 4, 0, 0; Constant delay
    %assign/vec4/a/d v000001f7c873dc60, 0, 4;
    %load/vec4 v000001f7c873d9e0_0;
    %pad/s 41;
    %pushi/vec4 4294967089, 0, 32;
    %concati/vec4 254, 0, 9;
    %mul;
    %ix/load 3, 62, 0;
    %flag_set/imm 4, 0;
    %ix/load 4, 0, 0; Constant delay
    %assign/vec4/a/d v000001f7c873dc60, 0, 4;
    %load/vec4 v000001f7c873db20_0;
    %pad/s 41;
    %muli 270307, 0, 41;
    %ix/load 3, 63, 0;
    %flag_set/imm 4, 0;
    %ix/load 4, 0, 0; Constant delay
    %assign/vec4/a/d v000001f7c873dc60, 0, 4;
    %jmp T_3;
    .thread T_3;
    .scope S_000001f7c86d2fc0;
T_4 ;
    %wait E_000001f7c86e8eb0;
    %ix/load 4, 0, 0;
    %flag_set/imm 4, 0;
    %load/vec4a v000001f7c873dc60, 4;
    %pad/s 48;
    %ix/load 4, 1, 0;
    %flag_set/imm 4, 0;
    %load/vec4a v000001f7c873dc60, 4;
    %pad/s 48;
    %add;
    %ix/load 4, 2, 0;
    %flag_set/imm 4, 0;
    %load/vec4a v000001f7c873dc60, 4;
    %pad/s 48;
    %add;
    %ix/load 4, 3, 0;
    %flag_set/imm 4, 0;
    %load/vec4a v000001f7c873dc60, 4;
    %pad/s 48;
    %add;
    %ix/load 4, 4, 0;
    %flag_set/imm 4, 0;
    %load/vec4a v000001f7c873dc60, 4;
    %pad/s 48;
    %add;
    %ix/load 4, 5, 0;
    %flag_set/imm 4, 0;
    %load/vec4a v000001f7c873dc60, 4;
    %pad/s 48;
    %add;
    %ix/load 4, 6, 0;
    %flag_set/imm 4, 0;
    %load/vec4a v000001f7c873dc60, 4;
    %pad/s 48;
    %add;
    %ix/load 4, 7, 0;
    %flag_set/imm 4, 0;
    %load/vec4a v000001f7c873dc60, 4;
    %pad/s 48;
    %add;
    %ix/load 3, 0, 0;
    %flag_set/imm 4, 0;
    %ix/load 4, 0, 0; Constant delay
    %assign/vec4/a/d v000001f7c873e7a0, 0, 4;
    %ix/load 4, 8, 0;
    %flag_set/imm 4, 0;
    %load/vec4a v000001f7c873dc60, 4;
    %pad/s 48;
    %ix/load 4, 9, 0;
    %flag_set/imm 4, 0;
    %load/vec4a v000001f7c873dc60, 4;
    %pad/s 48;
    %add;
    %ix/load 4, 10, 0;
    %flag_set/imm 4, 0;
    %load/vec4a v000001f7c873dc60, 4;
    %pad/s 48;
    %add;
    %ix/load 4, 11, 0;
    %flag_set/imm 4, 0;
    %load/vec4a v000001f7c873dc60, 4;
    %pad/s 48;
    %add;
    %ix/load 4, 12, 0;
    %flag_set/imm 4, 0;
    %load/vec4a v000001f7c873dc60, 4;
    %pad/s 48;
    %add;
    %ix/load 4, 13, 0;
    %flag_set/imm 4, 0;
    %load/vec4a v000001f7c873dc60, 4;
    %pad/s 48;
    %add;
    %ix/load 4, 14, 0;
    %flag_set/imm 4, 0;
    %load/vec4a v000001f7c873dc60, 4;
    %pad/s 48;
    %add;
    %ix/load 4, 15, 0;
    %flag_set/imm 4, 0;
    %load/vec4a v000001f7c873dc60, 4;
    %pad/s 48;
    %add;
    %ix/load 3, 1, 0;
    %flag_set/imm 4, 0;
    %ix/load 4, 0, 0; Constant delay
    %assign/vec4/a/d v000001f7c873e7a0, 0, 4;
    %ix/load 4, 16, 0;
    %flag_set/imm 4, 0;
    %load/vec4a v000001f7c873dc60, 4;
    %pad/s 48;
    %ix/load 4, 17, 0;
    %flag_set/imm 4, 0;
    %load/vec4a v000001f7c873dc60, 4;
    %pad/s 48;
    %add;
    %ix/load 4, 18, 0;
    %flag_set/imm 4, 0;
    %load/vec4a v000001f7c873dc60, 4;
    %pad/s 48;
    %add;
    %ix/load 4, 19, 0;
    %flag_set/imm 4, 0;
    %load/vec4a v000001f7c873dc60, 4;
    %pad/s 48;
    %add;
    %ix/load 4, 20, 0;
    %flag_set/imm 4, 0;
    %load/vec4a v000001f7c873dc60, 4;
    %pad/s 48;
    %add;
    %ix/load 4, 21, 0;
    %flag_set/imm 4, 0;
    %load/vec4a v000001f7c873dc60, 4;
    %pad/s 48;
    %add;
    %ix/load 4, 22, 0;
    %flag_set/imm 4, 0;
    %load/vec4a v000001f7c873dc60, 4;
    %pad/s 48;
    %add;
    %ix/load 4, 23, 0;
    %flag_set/imm 4, 0;
    %load/vec4a v000001f7c873dc60, 4;
    %pad/s 48;
    %add;
    %ix/load 3, 2, 0;
    %flag_set/imm 4, 0;
    %ix/load 4, 0, 0; Constant delay
    %assign/vec4/a/d v000001f7c873e7a0, 0, 4;
    %ix/load 4, 24, 0;
    %flag_set/imm 4, 0;
    %load/vec4a v000001f7c873dc60, 4;
    %pad/s 48;
    %ix/load 4, 25, 0;
    %flag_set/imm 4, 0;
    %load/vec4a v000001f7c873dc60, 4;
    %pad/s 48;
    %add;
    %ix/load 4, 26, 0;
    %flag_set/imm 4, 0;
    %load/vec4a v000001f7c873dc60, 4;
    %pad/s 48;
    %add;
    %ix/load 4, 27, 0;
    %flag_set/imm 4, 0;
    %load/vec4a v000001f7c873dc60, 4;
    %pad/s 48;
    %add;
    %ix/load 4, 28, 0;
    %flag_set/imm 4, 0;
    %load/vec4a v000001f7c873dc60, 4;
    %pad/s 48;
    %add;
    %ix/load 4, 29, 0;
    %flag_set/imm 4, 0;
    %load/vec4a v000001f7c873dc60, 4;
    %pad/s 48;
    %add;
    %ix/load 4, 30, 0;
    %flag_set/imm 4, 0;
    %load/vec4a v000001f7c873dc60, 4;
    %pad/s 48;
    %add;
    %ix/load 4, 31, 0;
    %flag_set/imm 4, 0;
    %load/vec4a v000001f7c873dc60, 4;
    %pad/s 48;
    %add;
    %ix/load 3, 3, 0;
    %flag_set/imm 4, 0;
    %ix/load 4, 0, 0; Constant delay
    %assign/vec4/a/d v000001f7c873e7a0, 0, 4;
    %ix/load 4, 32, 0;
    %flag_set/imm 4, 0;
    %load/vec4a v000001f7c873dc60, 4;
    %pad/s 48;
    %ix/load 4, 33, 0;
    %flag_set/imm 4, 0;
    %load/vec4a v000001f7c873dc60, 4;
    %pad/s 48;
    %add;
    %ix/load 4, 34, 0;
    %flag_set/imm 4, 0;
    %load/vec4a v000001f7c873dc60, 4;
    %pad/s 48;
    %add;
    %ix/load 4, 35, 0;
    %flag_set/imm 4, 0;
    %load/vec4a v000001f7c873dc60, 4;
    %pad/s 48;
    %add;
    %ix/load 4, 36, 0;
    %flag_set/imm 4, 0;
    %load/vec4a v000001f7c873dc60, 4;
    %pad/s 48;
    %add;
    %ix/load 4, 37, 0;
    %flag_set/imm 4, 0;
    %load/vec4a v000001f7c873dc60, 4;
    %pad/s 48;
    %add;
    %ix/load 4, 38, 0;
    %flag_set/imm 4, 0;
    %load/vec4a v000001f7c873dc60, 4;
    %pad/s 48;
    %add;
    %ix/load 4, 39, 0;
    %flag_set/imm 4, 0;
    %load/vec4a v000001f7c873dc60, 4;
    %pad/s 48;
    %add;
    %ix/load 3, 4, 0;
    %flag_set/imm 4, 0;
    %ix/load 4, 0, 0; Constant delay
    %assign/vec4/a/d v000001f7c873e7a0, 0, 4;
    %ix/load 4, 40, 0;
    %flag_set/imm 4, 0;
    %load/vec4a v000001f7c873dc60, 4;
    %pad/s 48;
    %ix/load 4, 41, 0;
    %flag_set/imm 4, 0;
    %load/vec4a v000001f7c873dc60, 4;
    %pad/s 48;
    %add;
    %ix/load 4, 42, 0;
    %flag_set/imm 4, 0;
    %load/vec4a v000001f7c873dc60, 4;
    %pad/s 48;
    %add;
    %ix/load 4, 43, 0;
    %flag_set/imm 4, 0;
    %load/vec4a v000001f7c873dc60, 4;
    %pad/s 48;
    %add;
    %ix/load 4, 44, 0;
    %flag_set/imm 4, 0;
    %load/vec4a v000001f7c873dc60, 4;
    %pad/s 48;
    %add;
    %ix/load 4, 45, 0;
    %flag_set/imm 4, 0;
    %load/vec4a v000001f7c873dc60, 4;
    %pad/s 48;
    %add;
    %ix/load 4, 46, 0;
    %flag_set/imm 4, 0;
    %load/vec4a v000001f7c873dc60, 4;
    %pad/s 48;
    %add;
    %ix/load 4, 47, 0;
    %flag_set/imm 4, 0;
    %load/vec4a v000001f7c873dc60, 4;
    %pad/s 48;
    %add;
    %ix/load 3, 5, 0;
    %flag_set/imm 4, 0;
    %ix/load 4, 0, 0; Constant delay
    %assign/vec4/a/d v000001f7c873e7a0, 0, 4;
    %ix/load 4, 48, 0;
    %flag_set/imm 4, 0;
    %load/vec4a v000001f7c873dc60, 4;
    %pad/s 48;
    %ix/load 4, 49, 0;
    %flag_set/imm 4, 0;
    %load/vec4a v000001f7c873dc60, 4;
    %pad/s 48;
    %add;
    %ix/load 4, 50, 0;
    %flag_set/imm 4, 0;
    %load/vec4a v000001f7c873dc60, 4;
    %pad/s 48;
    %add;
    %ix/load 4, 51, 0;
    %flag_set/imm 4, 0;
    %load/vec4a v000001f7c873dc60, 4;
    %pad/s 48;
    %add;
    %ix/load 4, 52, 0;
    %flag_set/imm 4, 0;
    %load/vec4a v000001f7c873dc60, 4;
    %pad/s 48;
    %add;
    %ix/load 4, 53, 0;
    %flag_set/imm 4, 0;
    %load/vec4a v000001f7c873dc60, 4;
    %pad/s 48;
    %add;
    %ix/load 4, 54, 0;
    %flag_set/imm 4, 0;
    %load/vec4a v000001f7c873dc60, 4;
    %pad/s 48;
    %add;
    %ix/load 4, 55, 0;
    %flag_set/imm 4, 0;
    %load/vec4a v000001f7c873dc60, 4;
    %pad/s 48;
    %add;
    %ix/load 3, 6, 0;
    %flag_set/imm 4, 0;
    %ix/load 4, 0, 0; Constant delay
    %assign/vec4/a/d v000001f7c873e7a0, 0, 4;
    %ix/load 4, 56, 0;
    %flag_set/imm 4, 0;
    %load/vec4a v000001f7c873dc60, 4;
    %pad/s 48;
    %ix/load 4, 57, 0;
    %flag_set/imm 4, 0;
    %load/vec4a v000001f7c873dc60, 4;
    %pad/s 48;
    %add;
    %ix/load 4, 58, 0;
    %flag_set/imm 4, 0;
    %load/vec4a v000001f7c873dc60, 4;
    %pad/s 48;
    %add;
    %ix/load 4, 59, 0;
    %flag_set/imm 4, 0;
    %load/vec4a v000001f7c873dc60, 4;
    %pad/s 48;
    %add;
    %ix/load 4, 60, 0;
    %flag_set/imm 4, 0;
    %load/vec4a v000001f7c873dc60, 4;
    %pad/s 48;
    %add;
    %ix/load 4, 61, 0;
    %flag_set/imm 4, 0;
    %load/vec4a v000001f7c873dc60, 4;
    %pad/s 48;
    %add;
    %ix/load 4, 62, 0;
    %flag_set/imm 4, 0;
    %load/vec4a v000001f7c873dc60, 4;
    %pad/s 48;
    %add;
    %ix/load 4, 63, 0;
    %flag_set/imm 4, 0;
    %load/vec4a v000001f7c873dc60, 4;
    %pad/s 48;
    %add;
    %ix/load 3, 7, 0;
    %flag_set/imm 4, 0;
    %ix/load 4, 0, 0; Constant delay
    %assign/vec4/a/d v000001f7c873e7a0, 0, 4;
    %jmp T_4;
    .thread T_4;
    .scope S_000001f7c86d2fc0;
T_5 ;
    %wait E_000001f7c86e90b0;
    %load/vec4 v000001f7c873e3e0_0;
    %nor/r;
    %flag_set/vec4 8;
    %jmp/0xz  T_5.0, 8;
    %pushi/vec4 0, 0, 48;
    %assign/vec4 v000001f7c8682780_0, 0;
    %pushi/vec4 0, 0, 48;
    %assign/vec4 v000001f7c8652ff0_0, 0;
    %pushi/vec4 0, 0, 48;
    %assign/vec4 v000001f7c8652e80_0, 0;
    %pushi/vec4 0, 0, 48;
    %assign/vec4 v000001f7c86fcdc0_0, 0;
    %pushi/vec4 0, 0, 48;
    %assign/vec4 v000001f7c87abeb0_0, 0;
    %pushi/vec4 0, 0, 48;
    %assign/vec4 v000001f7c868e5a0_0, 0;
    %pushi/vec4 0, 0, 48;
    %assign/vec4 v000001f7c86ff3e0_0, 0;
    %pushi/vec4 0, 0, 48;
    %assign/vec4 v000001f7c86ffe00_0, 0;
    %jmp T_5.1;
T_5.0 ;
    %ix/load 4, 0, 0;
    %flag_set/imm 4, 0;
    %load/vec4a v000001f7c873e7a0, 4;
    %assign/vec4 v000001f7c8682780_0, 0;
    %ix/load 4, 1, 0;
    %flag_set/imm 4, 0;
    %load/vec4a v000001f7c873e7a0, 4;
    %assign/vec4 v000001f7c8652ff0_0, 0;
    %ix/load 4, 2, 0;
    %flag_set/imm 4, 0;
    %load/vec4a v000001f7c873e7a0, 4;
    %assign/vec4 v000001f7c8652e80_0, 0;
    %ix/load 4, 3, 0;
    %flag_set/imm 4, 0;
    %load/vec4a v000001f7c873e7a0, 4;
    %assign/vec4 v000001f7c86fcdc0_0, 0;
    %ix/load 4, 4, 0;
    %flag_set/imm 4, 0;
    %load/vec4a v000001f7c873e7a0, 4;
    %assign/vec4 v000001f7c87abeb0_0, 0;
    %ix/load 4, 5, 0;
    %flag_set/imm 4, 0;
    %load/vec4a v000001f7c873e7a0, 4;
    %assign/vec4 v000001f7c868e5a0_0, 0;
    %ix/load 4, 6, 0;
    %flag_set/imm 4, 0;
    %load/vec4a v000001f7c873e7a0, 4;
    %assign/vec4 v000001f7c86ff3e0_0, 0;
    %ix/load 4, 7, 0;
    %flag_set/imm 4, 0;
    %load/vec4a v000001f7c873e7a0, 4;
    %assign/vec4 v000001f7c86ffe00_0, 0;
T_5.1 ;
    %jmp T_5;
    .thread T_5;
    .scope S_000001f7c86ffc70;
T_6 ;
    %delay 5000, 0;
    %load/vec4 v000001f7c873e0c0_0;
    %inv;
    %store/vec4 v000001f7c873e0c0_0, 0, 1;
    %jmp T_6;
    .thread T_6;
    .scope S_000001f7c86ffc70;
T_7 ;
    %vpi_call 2 72 "$display", "Simulation start..." {0 0 0};
    %pushi/vec4 0, 0, 1;
    %store/vec4 v000001f7c873e0c0_0, 0, 1;
    %pushi/vec4 0, 0, 1;
    %store/vec4 v000001f7c87c9f20_0, 0, 1;
    %pushi/vec4 0, 0, 1;
    %store/vec4 v000001f7c87c9160_0, 0, 1;
    %pushi/vec4 0, 0, 32;
    %store/vec4 v000001f7c87c9ac0_0, 0, 32;
T_7.0 ;
    %load/vec4 v000001f7c87c9ac0_0;
    %cmpi/s 16, 0, 32;
    %jmp/0xz T_7.1, 5;
    %pushi/vec4 0, 0, 16;
    %ix/getv/s 4, v000001f7c87c9ac0_0;
    %store/vec4a v000001f7c87c8440, 4, 0;
    %load/vec4 v000001f7c87c9ac0_0;
    %addi 1, 0, 32;
    %store/vec4 v000001f7c87c9ac0_0, 0, 32;
    %jmp T_7.0;
T_7.1 ;
    %vpi_func 2 79 "$fopen" 32, "D:/project/zu9_modifield+pulse_iir/PL/FMC_FH8052_zu9/FMC_FH8052.srcs/sources_1/imports/src/simulation/x_input.txt", "r" {0 0 0};
    %store/vec4 v000001f7c87c84e0_0, 0, 32;
    %load/vec4 v000001f7c87c84e0_0;
    %cmpi/e 0, 0, 32;
    %jmp/0xz  T_7.2, 4;
    %vpi_call 2 81 "$display", "ERROR: Can not open x_input.txt" {0 0 0};
    %vpi_call 2 82 "$finish" {0 0 0};
T_7.2 ;
    %delay 100000, 0;
    %pushi/vec4 1, 0, 1;
    %store/vec4 v000001f7c87c9f20_0, 0, 1;
T_7.4 ;
    %vpi_func 2 88 "$feof" 32, v000001f7c87c84e0_0 {0 0 0};
    %nor/r;
    %flag_set/vec4 8;
    %jmp/0xz T_7.5, 8;
    %wait E_000001f7c86e8eb0;
    %delay 0, 0;
    %vpi_func 2 91 "$fscanf" 32, v000001f7c87c84e0_0, "%h,%h,%h,%h,%h,%h,%h,%h,%h,%h,%h,%h,%h,%h,%h,%h\012", &A<v000001f7c87c8440, 0>, &A<v000001f7c87c8440, 1>, &A<v000001f7c87c8440, 2>, &A<v000001f7c87c8440, 3>, &A<v000001f7c87c8440, 4>, &A<v000001f7c87c8440, 5>, &A<v000001f7c87c8440, 6>, &A<v000001f7c87c8440, 7>, &A<v000001f7c87c8440, 8>, &A<v000001f7c87c8440, 9>, &A<v000001f7c87c8440, 10>, &A<v000001f7c87c8440, 11>, &A<v000001f7c87c8440, 12>, &A<v000001f7c87c8440, 13>, &A<v000001f7c87c8440, 14>, &A<v000001f7c87c8440, 15> {0 0 0};
    %store/vec4 v000001f7c87c9e80_0, 0, 32;
    %load/vec4 v000001f7c87c9e80_0;
    %cmpi/e 16, 0, 32;
    %jmp/0xz  T_7.6, 4;
    %pushi/vec4 1, 0, 1;
    %store/vec4 v000001f7c87c9160_0, 0, 1;
    %jmp T_7.7;
T_7.6 ;
    %vpi_call 2 101 "$display", "ERROR: fscanf failed to read 16 values" {0 0 0};
    %pushi/vec4 0, 0, 1;
    %store/vec4 v000001f7c87c9160_0, 0, 1;
    %delay 100000, 0;
    %vpi_call 2 104 "$finish" {0 0 0};
T_7.7 ;
    %delay 1000, 0;
    %jmp T_7.4;
T_7.5 ;
    %wait E_000001f7c86e8eb0;
    %pushi/vec4 0, 0, 1;
    %store/vec4 v000001f7c87c9160_0, 0, 1;
    %delay 200000, 0;
    %vpi_call 2 113 "$fclose", v000001f7c87c84e0_0 {0 0 0};
    %vpi_call 2 114 "$finish" {0 0 0};
    %end;
    .thread T_7;
    .scope S_000001f7c86ffc70;
T_8 ;
    %vpi_call 2 119 "$dumpfile", "waveform/tb_decompose_L1.vcd" {0 0 0};
    %vpi_call 2 120 "$dumpvars", 32'sb00000000000000000000000000000000, S_000001f7c86ffc70 {0 0 0};
    %end;
    .thread T_8;
    .scope S_000001f7c86ffc70;
T_9 ;
    %vpi_func 2 125 "$fopen" 32, "D:/project/zu9_modifield+pulse_iir/PL/FMC_FH8052_zu9/FMC_FH8052.srcs/sources_1/imports/src/simulation/a1_output.txt", "w" {0 0 0};
    %store/vec4 v000001f7c87c93e0_0, 0, 32;
    %end;
    .thread T_9;
    .scope S_000001f7c86ffc70;
T_10 ;
    %wait E_000001f7c86e8eb0;
    %load/vec4 v000001f7c87c9de0_0;
    %flag_set/vec4 8;
    %jmp/0xz  T_10.0, 8;
    %vpi_call 2 130 "$fdisplay", v000001f7c87c93e0_0, "%h,%h,%h,%h,%h,%h,%h,%h", v000001f7c873dee0_0, v000001f7c873dee0_1, v000001f7c873dee0_2, v000001f7c873dee0_3, v000001f7c873dee0_4, v000001f7c873dee0_5, v000001f7c873dee0_6, v000001f7c873dee0_7 {0 0 0};
T_10.0 ;
    %jmp T_10;
    .thread T_10;
# The file index is used to find the file name in the following table.
:file_names 4;
    "N/A";
    "<interactive>";
    "tb_decompose_L1.v";
    "./../baseLine/decompose_L1.v";
