#! /c/Source/iverilog-install/bin/vvp
:ivl_version "12.0 (devel)" "(s20150603-1539-g2693dd32b)";
:ivl_delay_selection "TYPICAL";
:vpi_time_precision - 12;
:vpi_module "F:\iverilog\iverilog\lib\ivl\system.vpi";
:vpi_module "F:\iverilog\iverilog\lib\ivl\vhdl_sys.vpi";
:vpi_module "F:\iverilog\iverilog\lib\ivl\vhdl_textio.vpi";
:vpi_module "F:\iverilog\iverilog\lib\ivl\v2005_math.vpi";
:vpi_module "F:\iverilog\iverilog\lib\ivl\va_math.vpi";
S_00000284b7b1d530 .scope module, "tb_decompose_L12" "tb_decompose_L12" 2 10;
 .timescale -9 -12;
P_00000284b7a6fb80 .param/l "COEF_WIDTH" 0 2 13, +C4<00000000000000000000000000011001>;
P_00000284b7a6fbb8 .param/l "DATA_WIDTH" 0 2 12, +C4<00000000000000000000000000010000>;
P_00000284b7a6fbf0 .param/l "DEC_H0" 0 2 33, C4<1111101100100110101001111>;
P_00000284b7a6fc28 .param/l "DEC_H1" 0 2 34, C4<1111111000011010011100111>;
P_00000284b7a6fc60 .param/l "DEC_H2" 0 2 35, C4<0001111111011000111111000>;
P_00000284b7a6fc98 .param/l "DEC_H3" 0 2 36, C4<0011001101110000011101001>;
P_00000284b7a6fcd0 .param/l "DEC_H4" 0 2 37, C4<0001001100010000000110100>;
P_00000284b7a6fd08 .param/l "DEC_H5" 0 2 38, C4<1111100110100110011000110>;
P_00000284b7a6fd40 .param/l "DEC_H6" 0 2 39, C4<1111111100110001011111110>;
P_00000284b7a6fd78 .param/l "DEC_H7" 0 2 40, C4<0000001000001111111100011>;
P_00000284b7a6fdb0 .param/l "INTERNAL_WIDTH" 0 2 14, +C4<00000000000000000000000000110000>;
P_00000284b7a6fde8 .param/l "T" 0 2 15, +C4<00000000000000000000000000001010>;
v00000284b7b8f280 .array "a1_bus", 7 0;
v00000284b7b8f280_0 .net/s v00000284b7b8f280 0, 47 0, v00000284b7b29f00_0; 1 drivers
v00000284b7b8f280_1 .net/s v00000284b7b8f280 1, 47 0, v00000284b7b2a2c0_0; 1 drivers
v00000284b7b8f280_2 .net/s v00000284b7b8f280 2, 47 0, v00000284b7b2a860_0; 1 drivers
v00000284b7b8f280_3 .net/s v00000284b7b8f280 3, 47 0, v00000284b7b29fa0_0; 1 drivers
v00000284b7b8f280_4 .net/s v00000284b7b8f280 4, 47 0, v00000284b7b2a220_0; 1 drivers
v00000284b7b8f280_5 .net/s v00000284b7b8f280 5, 47 0, v00000284b7b2a900_0; 1 drivers
v00000284b7b8f280_6 .net/s v00000284b7b8f280 6, 47 0, v00000284b7b2a180_0; 1 drivers
v00000284b7b8f280_7 .net/s v00000284b7b8f280 7, 47 0, v00000284b7b2a720_0; 1 drivers
v00000284b7b8eec0 .array "a2_bus", 3 0;
v00000284b7b8eec0_0 .net/s v00000284b7b8eec0 0, 47 0, v00000284b7b8dde0_0; 1 drivers
v00000284b7b8eec0_1 .net/s v00000284b7b8eec0 1, 47 0, v00000284b7b8e7e0_0; 1 drivers
v00000284b7b8eec0_2 .net/s v00000284b7b8eec0 2, 47 0, v00000284b7b8de80_0; 1 drivers
v00000284b7b8eec0_3 .net/s v00000284b7b8eec0 3, 47 0, v00000284b7b8e740_0; 1 drivers
v00000284b7b8f460_0 .var "clk", 0 0;
v00000284b7b8df20 .array/s "din", 15 0, 15 0;
v00000284b7b8e880_0 .var "din_valid", 0 0;
v00000284b7b8f640_0 .var/i "file_handle", 31 0;
v00000284b7b8e920_0 .var/i "i", 31 0;
v00000284b7b8e9c0_0 .net "l1_dout_valid", 0 0, v00000284b7b8e4c0_0;  1 drivers
v00000284b7b8dfc0_0 .net "l2_dout_valid", 0 0, v00000284b7b8f820_0;  1 drivers
v00000284b7b8eb00_0 .var/i "out_file", 31 0;
v00000284b7b8eba0_0 .var "rst_n", 0 0;
v00000284b7b8ec40_0 .var/i "scan_ret", 31 0;
S_00000284b7b34cb0 .scope module, "u_L1" "decompose_L1" 2 51, 3 20 0, S_00000284b7b1d530;
 .timescale -9 -12;
    .port_info 0 /INPUT 1 "clk";
    .port_info 1 /INPUT 1 "rst_n";
    .port_info 2 /INPUT 1 "din_valid";
    .port_info 3 /INPUT 16 "din_0";
    .port_info 4 /INPUT 16 "din_1";
    .port_info 5 /INPUT 16 "din_2";
    .port_info 6 /INPUT 16 "din_3";
    .port_info 7 /INPUT 16 "din_4";
    .port_info 8 /INPUT 16 "din_5";
    .port_info 9 /INPUT 16 "din_6";
    .port_info 10 /INPUT 16 "din_7";
    .port_info 11 /INPUT 16 "din_8";
    .port_info 12 /INPUT 16 "din_9";
    .port_info 13 /INPUT 16 "din_10";
    .port_info 14 /INPUT 16 "din_11";
    .port_info 15 /INPUT 16 "din_12";
    .port_info 16 /INPUT 16 "din_13";
    .port_info 17 /INPUT 16 "din_14";
    .port_info 18 /INPUT 16 "din_15";
    .port_info 19 /OUTPUT 1 "dout_valid";
    .port_info 20 /OUTPUT 48 "a1_0";
    .port_info 21 /OUTPUT 48 "a1_1";
    .port_info 22 /OUTPUT 48 "a1_2";
    .port_info 23 /OUTPUT 48 "a1_3";
    .port_info 24 /OUTPUT 48 "a1_4";
    .port_info 25 /OUTPUT 48 "a1_5";
    .port_info 26 /OUTPUT 48 "a1_6";
    .port_info 27 /OUTPUT 48 "a1_7";
P_00000284b7b2ec70 .param/l "COEF_FRAC" 0 3 24, +C4<00000000000000000000000000010111>;
P_00000284b7b2eca8 .param/l "COEF_WIDTH" 0 3 22, +C4<00000000000000000000000000011001>;
P_00000284b7b2ece0 .param/l "DATA_WIDTH" 0 3 21, +C4<00000000000000000000000000010000>;
P_00000284b7b2ed18 .param/l "DEC_H0" 0 3 27, +C4<1111101100100110101001111>;
P_00000284b7b2ed50 .param/l "DEC_H1" 0 3 28, +C4<1111111000011010011100111>;
P_00000284b7b2ed88 .param/l "DEC_H2" 0 3 29, +C4<0001111111011000111111000>;
P_00000284b7b2edc0 .param/l "DEC_H3" 0 3 30, +C4<0011001101110000011101001>;
P_00000284b7b2edf8 .param/l "DEC_H4" 0 3 31, +C4<0001001100010000000110100>;
P_00000284b7b2ee30 .param/l "DEC_H5" 0 3 32, +C4<1111100110100110011000110>;
P_00000284b7b2ee68 .param/l "DEC_H6" 0 3 33, +C4<1111111100110001011111110>;
P_00000284b7b2eea0 .param/l "DEC_H7" 0 3 34, +C4<0000001000001111111100011>;
P_00000284b7b2eed8 .param/l "INTERNAL_WIDTH" 0 3 23, +C4<00000000000000000000000000110000>;
P_00000284b7b2ef10 .param/l "MULT_WIDTH" 1 3 125, +C4<000000000000000000000000000101001>;
v00000284b7b29f00_0 .var/s "a1_0", 47 0;
v00000284b7b2a2c0_0 .var/s "a1_1", 47 0;
v00000284b7b2a860_0 .var/s "a1_2", 47 0;
v00000284b7b29fa0_0 .var/s "a1_3", 47 0;
v00000284b7b2a220_0 .var/s "a1_4", 47 0;
v00000284b7b2a900_0 .var/s "a1_5", 47 0;
v00000284b7b2a180_0 .var/s "a1_6", 47 0;
v00000284b7b2a720_0 .var/s "a1_7", 47 0;
v00000284b7b2a680_0 .net "clk", 0 0, v00000284b7b8f460_0;  1 drivers
v00000284b7b8df20_0 .array/port v00000284b7b8df20, 0;
v00000284b7b2a360_0 .net/s "din_0", 15 0, v00000284b7b8df20_0;  1 drivers
v00000284b7b8df20_1 .array/port v00000284b7b8df20, 1;
v00000284b7b2a540_0 .net/s "din_1", 15 0, v00000284b7b8df20_1;  1 drivers
v00000284b7b8df20_10 .array/port v00000284b7b8df20, 10;
v00000284b7b2a4a0_0 .net/s "din_10", 15 0, v00000284b7b8df20_10;  1 drivers
v00000284b7b8df20_11 .array/port v00000284b7b8df20, 11;
v00000284b7b2a040_0 .net/s "din_11", 15 0, v00000284b7b8df20_11;  1 drivers
v00000284b7b8df20_12 .array/port v00000284b7b8df20, 12;
v00000284b7b2a0e0_0 .net/s "din_12", 15 0, v00000284b7b8df20_12;  1 drivers
v00000284b7b8df20_13 .array/port v00000284b7b8df20, 13;
v00000284b7b2a9a0_0 .net/s "din_13", 15 0, v00000284b7b8df20_13;  1 drivers
v00000284b7b8df20_14 .array/port v00000284b7b8df20, 14;
v00000284b7b2a7c0_0 .net/s "din_14", 15 0, v00000284b7b8df20_14;  1 drivers
v00000284b7b8df20_15 .array/port v00000284b7b8df20, 15;
v00000284b7b2a400_0 .net/s "din_15", 15 0, v00000284b7b8df20_15;  1 drivers
v00000284b7b8df20_2 .array/port v00000284b7b8df20, 2;
v00000284b7b29d20_0 .net/s "din_2", 15 0, v00000284b7b8df20_2;  1 drivers
v00000284b7b8df20_3 .array/port v00000284b7b8df20, 3;
v00000284b7b2aa40_0 .net/s "din_3", 15 0, v00000284b7b8df20_3;  1 drivers
v00000284b7b8df20_4 .array/port v00000284b7b8df20, 4;
v00000284b7b2aae0_0 .net/s "din_4", 15 0, v00000284b7b8df20_4;  1 drivers
v00000284b7b8df20_5 .array/port v00000284b7b8df20, 5;
v00000284b7b2ab80_0 .net/s "din_5", 15 0, v00000284b7b8df20_5;  1 drivers
v00000284b7b8df20_6 .array/port v00000284b7b8df20, 6;
v00000284b7b2a5e0_0 .net/s "din_6", 15 0, v00000284b7b8df20_6;  1 drivers
v00000284b7b8df20_7 .array/port v00000284b7b8df20, 7;
v00000284b7b2ac20_0 .net/s "din_7", 15 0, v00000284b7b8df20_7;  1 drivers
v00000284b7b8df20_8 .array/port v00000284b7b8df20, 8;
v00000284b7b29dc0_0 .net/s "din_8", 15 0, v00000284b7b8df20_8;  1 drivers
v00000284b7b8df20_9 .array/port v00000284b7b8df20, 9;
v00000284b7b8e420_0 .net/s "din_9", 15 0, v00000284b7b8df20_9;  1 drivers
v00000284b7b8f8c0_0 .net "din_valid", 0 0, v00000284b7b8e880_0;  1 drivers
v00000284b7b8e4c0_0 .var "dout_valid", 0 0;
v00000284b7b8ea60_0 .var "has_data", 0 0;
v00000284b7b8dc00 .array/s "mult_s1", 63 0, 40 0;
v00000284b7b8f140_0 .net "rst_n", 0 0, v00000284b7b8eba0_0;  1 drivers
v00000284b7b8f000 .array/s "sum_s2", 7 0, 47 0;
v00000284b7b8e240_0 .var "valid_s1", 0 0;
v00000284b7b8e2e0_0 .var "valid_s2", 0 0;
v00000284b7b8db60 .array/s "x_hist", 6 0, 15 0;
E_00000284b7b190b0/0 .event negedge, v00000284b7b8f140_0;
E_00000284b7b190b0/1 .event posedge, v00000284b7b2a680_0;
E_00000284b7b190b0 .event/or E_00000284b7b190b0/0, E_00000284b7b190b0/1;
E_00000284b7b19270 .event posedge, v00000284b7b2a680_0;
S_00000284b7ab0b50 .scope module, "u_L2" "decompose_L2" 2 72, 4 16 0, S_00000284b7b1d530;
 .timescale -9 -12;
    .port_info 0 /INPUT 1 "clk";
    .port_info 1 /INPUT 1 "rst_n";
    .port_info 2 /INPUT 1 "din_valid";
    .port_info 3 /INPUT 48 "a1_0";
    .port_info 4 /INPUT 48 "a1_1";
    .port_info 5 /INPUT 48 "a1_2";
    .port_info 6 /INPUT 48 "a1_3";
    .port_info 7 /INPUT 48 "a1_4";
    .port_info 8 /INPUT 48 "a1_5";
    .port_info 9 /INPUT 48 "a1_6";
    .port_info 10 /INPUT 48 "a1_7";
    .port_info 11 /OUTPUT 1 "dout_valid";
    .port_info 12 /OUTPUT 48 "a2_0";
    .port_info 13 /OUTPUT 48 "a2_1";
    .port_info 14 /OUTPUT 48 "a2_2";
    .port_info 15 /OUTPUT 48 "a2_3";
P_00000284b7ab0ce0 .param/l "COEF_FRAC" 0 4 19, +C4<00000000000000000000000000010111>;
P_00000284b7ab0d18 .param/l "COEF_WIDTH" 0 4 18, +C4<00000000000000000000000000011001>;
P_00000284b7ab0d50 .param/l "DEC_H0" 0 4 22, +C4<1111101100100110101001111>;
P_00000284b7ab0d88 .param/l "DEC_H1" 0 4 23, +C4<1111111000011010011100111>;
P_00000284b7ab0dc0 .param/l "DEC_H2" 0 4 24, +C4<0001111111011000111111000>;
P_00000284b7ab0df8 .param/l "DEC_H3" 0 4 25, +C4<0011001101110000011101001>;
P_00000284b7ab0e30 .param/l "DEC_H4" 0 4 26, +C4<0001001100010000000110100>;
P_00000284b7ab0e68 .param/l "DEC_H5" 0 4 27, +C4<1111100110100110011000110>;
P_00000284b7ab0ea0 .param/l "DEC_H6" 0 4 28, +C4<1111111100110001011111110>;
P_00000284b7ab0ed8 .param/l "DEC_H7" 0 4 29, +C4<0000001000001111111100011>;
P_00000284b7ab0f10 .param/l "INTERNAL_WIDTH" 0 4 17, +C4<00000000000000000000000000110000>;
P_00000284b7ab0f48 .param/l "MULT_WIDTH" 1 4 109, +C4<000000000000000000000000001001001>;
v00000284b7b8ef60_0 .net/s "a1_0", 47 0, v00000284b7b29f00_0;  alias, 1 drivers
v00000284b7b8f3c0_0 .net/s "a1_1", 47 0, v00000284b7b2a2c0_0;  alias, 1 drivers
v00000284b7b8f960_0 .net/s "a1_2", 47 0, v00000284b7b2a860_0;  alias, 1 drivers
v00000284b7b8dac0_0 .net/s "a1_3", 47 0, v00000284b7b29fa0_0;  alias, 1 drivers
v00000284b7b8dca0_0 .net/s "a1_4", 47 0, v00000284b7b2a220_0;  alias, 1 drivers
v00000284b7b8dd40_0 .net/s "a1_5", 47 0, v00000284b7b2a900_0;  alias, 1 drivers
v00000284b7b8e380_0 .net/s "a1_6", 47 0, v00000284b7b2a180_0;  alias, 1 drivers
v00000284b7b8f500_0 .net/s "a1_7", 47 0, v00000284b7b2a720_0;  alias, 1 drivers
v00000284b7b8e6a0 .array/s "a1_hist", 6 0, 47 0;
v00000284b7b8dde0_0 .var/s "a2_0", 47 0;
v00000284b7b8e7e0_0 .var/s "a2_1", 47 0;
v00000284b7b8de80_0 .var/s "a2_2", 47 0;
v00000284b7b8e740_0 .var/s "a2_3", 47 0;
v00000284b7b8e560_0 .net "clk", 0 0, v00000284b7b8f460_0;  alias, 1 drivers
v00000284b7b8f6e0_0 .net "din_valid", 0 0, v00000284b7b8e4c0_0;  alias, 1 drivers
v00000284b7b8f820_0 .var "dout_valid", 0 0;
v00000284b7b8f0a0_0 .var "has_data", 0 0;
v00000284b7b8f5a0 .array/s "mult_s1", 31 0, 72 0;
v00000284b7b8f1e0_0 .net "rst_n", 0 0, v00000284b7b8eba0_0;  alias, 1 drivers
v00000284b7b8ed80 .array/s "sum_s2", 3 0, 75 0;
v00000284b7b8ee20_0 .var "valid_s1", 0 0;
v00000284b7b8e600_0 .var "valid_s2", 0 0;
    .scope S_00000284b7b34cb0;
T_0 ;
    %wait E_00000284b7b190b0;
    %load/vec4 v00000284b7b8f140_0;
    %nor/r;
    %flag_set/vec4 8;
    %jmp/0xz  T_0.0, 8;
    %pushi/vec4 0, 0, 16;
    %ix/load 3, 0, 0;
    %flag_set/imm 4, 0;
    %ix/load 4, 0, 0; Constant delay
    %assign/vec4/a/d v00000284b7b8db60, 0, 4;
    %pushi/vec4 0, 0, 16;
    %ix/load 3, 1, 0;
    %flag_set/imm 4, 0;
    %ix/load 4, 0, 0; Constant delay
    %assign/vec4/a/d v00000284b7b8db60, 0, 4;
    %pushi/vec4 0, 0, 16;
    %ix/load 3, 2, 0;
    %flag_set/imm 4, 0;
    %ix/load 4, 0, 0; Constant delay
    %assign/vec4/a/d v00000284b7b8db60, 0, 4;
    %pushi/vec4 0, 0, 16;
    %ix/load 3, 3, 0;
    %flag_set/imm 4, 0;
    %ix/load 4, 0, 0; Constant delay
    %assign/vec4/a/d v00000284b7b8db60, 0, 4;
    %pushi/vec4 0, 0, 16;
    %ix/load 3, 4, 0;
    %flag_set/imm 4, 0;
    %ix/load 4, 0, 0; Constant delay
    %assign/vec4/a/d v00000284b7b8db60, 0, 4;
    %pushi/vec4 0, 0, 16;
    %ix/load 3, 5, 0;
    %flag_set/imm 4, 0;
    %ix/load 4, 0, 0; Constant delay
    %assign/vec4/a/d v00000284b7b8db60, 0, 4;
    %pushi/vec4 0, 0, 16;
    %ix/load 3, 6, 0;
    %flag_set/imm 4, 0;
    %ix/load 4, 0, 0; Constant delay
    %assign/vec4/a/d v00000284b7b8db60, 0, 4;
    %jmp T_0.1;
T_0.0 ;
    %load/vec4 v00000284b7b8f8c0_0;
    %flag_set/vec4 8;
    %jmp/0xz  T_0.2, 8;
    %load/vec4 v00000284b7b2a400_0;
    %ix/load 3, 0, 0;
    %flag_set/imm 4, 0;
    %ix/load 4, 0, 0; Constant delay
    %assign/vec4/a/d v00000284b7b8db60, 0, 4;
    %load/vec4 v00000284b7b2a7c0_0;
    %ix/load 3, 1, 0;
    %flag_set/imm 4, 0;
    %ix/load 4, 0, 0; Constant delay
    %assign/vec4/a/d v00000284b7b8db60, 0, 4;
    %load/vec4 v00000284b7b2a9a0_0;
    %ix/load 3, 2, 0;
    %flag_set/imm 4, 0;
    %ix/load 4, 0, 0; Constant delay
    %assign/vec4/a/d v00000284b7b8db60, 0, 4;
    %load/vec4 v00000284b7b2a0e0_0;
    %ix/load 3, 3, 0;
    %flag_set/imm 4, 0;
    %ix/load 4, 0, 0; Constant delay
    %assign/vec4/a/d v00000284b7b8db60, 0, 4;
    %load/vec4 v00000284b7b2a040_0;
    %ix/load 3, 4, 0;
    %flag_set/imm 4, 0;
    %ix/load 4, 0, 0; Constant delay
    %assign/vec4/a/d v00000284b7b8db60, 0, 4;
    %load/vec4 v00000284b7b2a4a0_0;
    %ix/load 3, 5, 0;
    %flag_set/imm 4, 0;
    %ix/load 4, 0, 0; Constant delay
    %assign/vec4/a/d v00000284b7b8db60, 0, 4;
    %load/vec4 v00000284b7b8e420_0;
    %ix/load 3, 6, 0;
    %flag_set/imm 4, 0;
    %ix/load 4, 0, 0; Constant delay
    %assign/vec4/a/d v00000284b7b8db60, 0, 4;
T_0.2 ;
T_0.1 ;
    %jmp T_0;
    .thread T_0;
    .scope S_00000284b7b34cb0;
T_1 ;
    %wait E_00000284b7b190b0;
    %load/vec4 v00000284b7b8f140_0;
    %nor/r;
    %flag_set/vec4 8;
    %jmp/0xz  T_1.0, 8;
    %pushi/vec4 0, 0, 1;
    %assign/vec4 v00000284b7b8ea60_0, 0;
    %jmp T_1.1;
T_1.0 ;
    %load/vec4 v00000284b7b8f8c0_0;
    %flag_set/vec4 8;
    %jmp/0xz  T_1.2, 8;
    %pushi/vec4 1, 0, 1;
    %assign/vec4 v00000284b7b8ea60_0, 0;
T_1.2 ;
T_1.1 ;
    %jmp T_1;
    .thread T_1;
    .scope S_00000284b7b34cb0;
T_2 ;
    %wait E_00000284b7b190b0;
    %load/vec4 v00000284b7b8f140_0;
    %nor/r;
    %flag_set/vec4 8;
    %jmp/0xz  T_2.0, 8;
    %pushi/vec4 0, 0, 1;
    %assign/vec4 v00000284b7b8e240_0, 0;
    %pushi/vec4 0, 0, 1;
    %assign/vec4 v00000284b7b8e2e0_0, 0;
    %pushi/vec4 0, 0, 1;
    %assign/vec4 v00000284b7b8e4c0_0, 0;
    %jmp T_2.1;
T_2.0 ;
    %load/vec4 v00000284b7b8f8c0_0;
    %flag_set/vec4 8;
    %flag_get/vec4 8;
    %jmp/0 T_2.2, 8;
    %load/vec4 v00000284b7b8ea60_0;
    %and;
T_2.2;
    %assign/vec4 v00000284b7b8e240_0, 0;
    %load/vec4 v00000284b7b8e240_0;
    %assign/vec4 v00000284b7b8e2e0_0, 0;
    %load/vec4 v00000284b7b8e2e0_0;
    %assign/vec4 v00000284b7b8e4c0_0, 0;
T_2.1 ;
    %jmp T_2;
    .thread T_2;
    .scope S_00000284b7b34cb0;
T_3 ;
    %wait E_00000284b7b19270;
    %load/vec4 v00000284b7b2a360_0;
    %pad/s 41;
    %pushi/vec4 4294966054, 0, 32;
    %concati/vec4 335, 0, 9;
    %mul;
    %ix/load 3, 0, 0;
    %flag_set/imm 4, 0;
    %ix/load 4, 0, 0; Constant delay
    %assign/vec4/a/d v00000284b7b8dc00, 0, 4;
    %ix/load 4, 0, 0;
    %flag_set/imm 4, 0;
    %load/vec4a v00000284b7b8db60, 4;
    %pad/s 41;
    %pushi/vec4 4294966810, 0, 32;
    %concati/vec4 231, 0, 9;
    %mul;
    %ix/load 3, 1, 0;
    %flag_set/imm 4, 0;
    %ix/load 4, 0, 0; Constant delay
    %assign/vec4/a/d v00000284b7b8dc00, 0, 4;
    %ix/load 4, 1, 0;
    %flag_set/imm 4, 0;
    %load/vec4a v00000284b7b8db60, 4;
    %pad/s 41;
    %muli 4174328, 0, 41;
    %ix/load 3, 2, 0;
    %flag_set/imm 4, 0;
    %ix/load 4, 0, 0; Constant delay
    %assign/vec4/a/d v00000284b7b8dc00, 0, 4;
    %ix/load 4, 2, 0;
    %flag_set/imm 4, 0;
    %load/vec4a v00000284b7b8db60, 4;
    %pad/s 41;
    %muli 6742249, 0, 41;
    %ix/load 3, 3, 0;
    %flag_set/imm 4, 0;
    %ix/load 4, 0, 0; Constant delay
    %assign/vec4/a/d v00000284b7b8dc00, 0, 4;
    %ix/load 4, 3, 0;
    %flag_set/imm 4, 0;
    %load/vec4a v00000284b7b8db60, 4;
    %pad/s 41;
    %muli 2498612, 0, 41;
    %ix/load 3, 4, 0;
    %flag_set/imm 4, 0;
    %ix/load 4, 0, 0; Constant delay
    %assign/vec4/a/d v00000284b7b8dc00, 0, 4;
    %ix/load 4, 4, 0;
    %flag_set/imm 4, 0;
    %load/vec4a v00000284b7b8db60, 4;
    %pad/s 41;
    %pushi/vec4 4294965670, 0, 32;
    %concati/vec4 198, 0, 9;
    %mul;
    %ix/load 3, 5, 0;
    %flag_set/imm 4, 0;
    %ix/load 4, 0, 0; Constant delay
    %assign/vec4/a/d v00000284b7b8dc00, 0, 4;
    %ix/load 4, 5, 0;
    %flag_set/imm 4, 0;
    %load/vec4a v00000284b7b8db60, 4;
    %pad/s 41;
    %pushi/vec4 4294967089, 0, 32;
    %concati/vec4 254, 0, 9;
    %mul;
    %ix/load 3, 6, 0;
    %flag_set/imm 4, 0;
    %ix/load 4, 0, 0; Constant delay
    %assign/vec4/a/d v00000284b7b8dc00, 0, 4;
    %ix/load 4, 6, 0;
    %flag_set/imm 4, 0;
    %load/vec4a v00000284b7b8db60, 4;
    %pad/s 41;
    %muli 270307, 0, 41;
    %ix/load 3, 7, 0;
    %flag_set/imm 4, 0;
    %ix/load 4, 0, 0; Constant delay
    %assign/vec4/a/d v00000284b7b8dc00, 0, 4;
    %load/vec4 v00000284b7b29d20_0;
    %pad/s 41;
    %pushi/vec4 4294966054, 0, 32;
    %concati/vec4 335, 0, 9;
    %mul;
    %ix/load 3, 8, 0;
    %flag_set/imm 4, 0;
    %ix/load 4, 0, 0; Constant delay
    %assign/vec4/a/d v00000284b7b8dc00, 0, 4;
    %load/vec4 v00000284b7b2a540_0;
    %pad/s 41;
    %pushi/vec4 4294966810, 0, 32;
    %concati/vec4 231, 0, 9;
    %mul;
    %ix/load 3, 9, 0;
    %flag_set/imm 4, 0;
    %ix/load 4, 0, 0; Constant delay
    %assign/vec4/a/d v00000284b7b8dc00, 0, 4;
    %load/vec4 v00000284b7b2a360_0;
    %pad/s 41;
    %muli 4174328, 0, 41;
    %ix/load 3, 10, 0;
    %flag_set/imm 4, 0;
    %ix/load 4, 0, 0; Constant delay
    %assign/vec4/a/d v00000284b7b8dc00, 0, 4;
    %ix/load 4, 0, 0;
    %flag_set/imm 4, 0;
    %load/vec4a v00000284b7b8db60, 4;
    %pad/s 41;
    %muli 6742249, 0, 41;
    %ix/load 3, 11, 0;
    %flag_set/imm 4, 0;
    %ix/load 4, 0, 0; Constant delay
    %assign/vec4/a/d v00000284b7b8dc00, 0, 4;
    %ix/load 4, 1, 0;
    %flag_set/imm 4, 0;
    %load/vec4a v00000284b7b8db60, 4;
    %pad/s 41;
    %muli 2498612, 0, 41;
    %ix/load 3, 12, 0;
    %flag_set/imm 4, 0;
    %ix/load 4, 0, 0; Constant delay
    %assign/vec4/a/d v00000284b7b8dc00, 0, 4;
    %ix/load 4, 2, 0;
    %flag_set/imm 4, 0;
    %load/vec4a v00000284b7b8db60, 4;
    %pad/s 41;
    %pushi/vec4 4294965670, 0, 32;
    %concati/vec4 198, 0, 9;
    %mul;
    %ix/load 3, 13, 0;
    %flag_set/imm 4, 0;
    %ix/load 4, 0, 0; Constant delay
    %assign/vec4/a/d v00000284b7b8dc00, 0, 4;
    %ix/load 4, 3, 0;
    %flag_set/imm 4, 0;
    %load/vec4a v00000284b7b8db60, 4;
    %pad/s 41;
    %pushi/vec4 4294967089, 0, 32;
    %concati/vec4 254, 0, 9;
    %mul;
    %ix/load 3, 14, 0;
    %flag_set/imm 4, 0;
    %ix/load 4, 0, 0; Constant delay
    %assign/vec4/a/d v00000284b7b8dc00, 0, 4;
    %ix/load 4, 4, 0;
    %flag_set/imm 4, 0;
    %load/vec4a v00000284b7b8db60, 4;
    %pad/s 41;
    %muli 270307, 0, 41;
    %ix/load 3, 15, 0;
    %flag_set/imm 4, 0;
    %ix/load 4, 0, 0; Constant delay
    %assign/vec4/a/d v00000284b7b8dc00, 0, 4;
    %load/vec4 v00000284b7b2aae0_0;
    %pad/s 41;
    %pushi/vec4 4294966054, 0, 32;
    %concati/vec4 335, 0, 9;
    %mul;
    %ix/load 3, 16, 0;
    %flag_set/imm 4, 0;
    %ix/load 4, 0, 0; Constant delay
    %assign/vec4/a/d v00000284b7b8dc00, 0, 4;
    %load/vec4 v00000284b7b2aa40_0;
    %pad/s 41;
    %pushi/vec4 4294966810, 0, 32;
    %concati/vec4 231, 0, 9;
    %mul;
    %ix/load 3, 17, 0;
    %flag_set/imm 4, 0;
    %ix/load 4, 0, 0; Constant delay
    %assign/vec4/a/d v00000284b7b8dc00, 0, 4;
    %load/vec4 v00000284b7b29d20_0;
    %pad/s 41;
    %muli 4174328, 0, 41;
    %ix/load 3, 18, 0;
    %flag_set/imm 4, 0;
    %ix/load 4, 0, 0; Constant delay
    %assign/vec4/a/d v00000284b7b8dc00, 0, 4;
    %load/vec4 v00000284b7b2a540_0;
    %pad/s 41;
    %muli 6742249, 0, 41;
    %ix/load 3, 19, 0;
    %flag_set/imm 4, 0;
    %ix/load 4, 0, 0; Constant delay
    %assign/vec4/a/d v00000284b7b8dc00, 0, 4;
    %load/vec4 v00000284b7b2a360_0;
    %pad/s 41;
    %muli 2498612, 0, 41;
    %ix/load 3, 20, 0;
    %flag_set/imm 4, 0;
    %ix/load 4, 0, 0; Constant delay
    %assign/vec4/a/d v00000284b7b8dc00, 0, 4;
    %ix/load 4, 0, 0;
    %flag_set/imm 4, 0;
    %load/vec4a v00000284b7b8db60, 4;
    %pad/s 41;
    %pushi/vec4 4294965670, 0, 32;
    %concati/vec4 198, 0, 9;
    %mul;
    %ix/load 3, 21, 0;
    %flag_set/imm 4, 0;
    %ix/load 4, 0, 0; Constant delay
    %assign/vec4/a/d v00000284b7b8dc00, 0, 4;
    %ix/load 4, 1, 0;
    %flag_set/imm 4, 0;
    %load/vec4a v00000284b7b8db60, 4;
    %pad/s 41;
    %pushi/vec4 4294967089, 0, 32;
    %concati/vec4 254, 0, 9;
    %mul;
    %ix/load 3, 22, 0;
    %flag_set/imm 4, 0;
    %ix/load 4, 0, 0; Constant delay
    %assign/vec4/a/d v00000284b7b8dc00, 0, 4;
    %ix/load 4, 2, 0;
    %flag_set/imm 4, 0;
    %load/vec4a v00000284b7b8db60, 4;
    %pad/s 41;
    %muli 270307, 0, 41;
    %ix/load 3, 23, 0;
    %flag_set/imm 4, 0;
    %ix/load 4, 0, 0; Constant delay
    %assign/vec4/a/d v00000284b7b8dc00, 0, 4;
    %load/vec4 v00000284b7b2a5e0_0;
    %pad/s 41;
    %pushi/vec4 4294966054, 0, 32;
    %concati/vec4 335, 0, 9;
    %mul;
    %ix/load 3, 24, 0;
    %flag_set/imm 4, 0;
    %ix/load 4, 0, 0; Constant delay
    %assign/vec4/a/d v00000284b7b8dc00, 0, 4;
    %load/vec4 v00000284b7b2ab80_0;
    %pad/s 41;
    %pushi/vec4 4294966810, 0, 32;
    %concati/vec4 231, 0, 9;
    %mul;
    %ix/load 3, 25, 0;
    %flag_set/imm 4, 0;
    %ix/load 4, 0, 0; Constant delay
    %assign/vec4/a/d v00000284b7b8dc00, 0, 4;
    %load/vec4 v00000284b7b2aae0_0;
    %pad/s 41;
    %muli 4174328, 0, 41;
    %ix/load 3, 26, 0;
    %flag_set/imm 4, 0;
    %ix/load 4, 0, 0; Constant delay
    %assign/vec4/a/d v00000284b7b8dc00, 0, 4;
    %load/vec4 v00000284b7b2aa40_0;
    %pad/s 41;
    %muli 6742249, 0, 41;
    %ix/load 3, 27, 0;
    %flag_set/imm 4, 0;
    %ix/load 4, 0, 0; Constant delay
    %assign/vec4/a/d v00000284b7b8dc00, 0, 4;
    %load/vec4 v00000284b7b29d20_0;
    %pad/s 41;
    %muli 2498612, 0, 41;
    %ix/load 3, 28, 0;
    %flag_set/imm 4, 0;
    %ix/load 4, 0, 0; Constant delay
    %assign/vec4/a/d v00000284b7b8dc00, 0, 4;
    %load/vec4 v00000284b7b2a540_0;
    %pad/s 41;
    %pushi/vec4 4294965670, 0, 32;
    %concati/vec4 198, 0, 9;
    %mul;
    %ix/load 3, 29, 0;
    %flag_set/imm 4, 0;
    %ix/load 4, 0, 0; Constant delay
    %assign/vec4/a/d v00000284b7b8dc00, 0, 4;
    %load/vec4 v00000284b7b2a360_0;
    %pad/s 41;
    %pushi/vec4 4294967089, 0, 32;
    %concati/vec4 254, 0, 9;
    %mul;
    %ix/load 3, 30, 0;
    %flag_set/imm 4, 0;
    %ix/load 4, 0, 0; Constant delay
    %assign/vec4/a/d v00000284b7b8dc00, 0, 4;
    %ix/load 4, 0, 0;
    %flag_set/imm 4, 0;
    %load/vec4a v00000284b7b8db60, 4;
    %pad/s 41;
    %muli 270307, 0, 41;
    %ix/load 3, 31, 0;
    %flag_set/imm 4, 0;
    %ix/load 4, 0, 0; Constant delay
    %assign/vec4/a/d v00000284b7b8dc00, 0, 4;
    %load/vec4 v00000284b7b29dc0_0;
    %pad/s 41;
    %pushi/vec4 4294966054, 0, 32;
    %concati/vec4 335, 0, 9;
    %mul;
    %ix/load 3, 32, 0;
    %flag_set/imm 4, 0;
    %ix/load 4, 0, 0; Constant delay
    %assign/vec4/a/d v00000284b7b8dc00, 0, 4;
    %load/vec4 v00000284b7b2ac20_0;
    %pad/s 41;
    %pushi/vec4 4294966810, 0, 32;
    %concati/vec4 231, 0, 9;
    %mul;
    %ix/load 3, 33, 0;
    %flag_set/imm 4, 0;
    %ix/load 4, 0, 0; Constant delay
    %assign/vec4/a/d v00000284b7b8dc00, 0, 4;
    %load/vec4 v00000284b7b2a5e0_0;
    %pad/s 41;
    %muli 4174328, 0, 41;
    %ix/load 3, 34, 0;
    %flag_set/imm 4, 0;
    %ix/load 4, 0, 0; Constant delay
    %assign/vec4/a/d v00000284b7b8dc00, 0, 4;
    %load/vec4 v00000284b7b2ab80_0;
    %pad/s 41;
    %muli 6742249, 0, 41;
    %ix/load 3, 35, 0;
    %flag_set/imm 4, 0;
    %ix/load 4, 0, 0; Constant delay
    %assign/vec4/a/d v00000284b7b8dc00, 0, 4;
    %load/vec4 v00000284b7b2aae0_0;
    %pad/s 41;
    %muli 2498612, 0, 41;
    %ix/load 3, 36, 0;
    %flag_set/imm 4, 0;
    %ix/load 4, 0, 0; Constant delay
    %assign/vec4/a/d v00000284b7b8dc00, 0, 4;
    %load/vec4 v00000284b7b2aa40_0;
    %pad/s 41;
    %pushi/vec4 4294965670, 0, 32;
    %concati/vec4 198, 0, 9;
    %mul;
    %ix/load 3, 37, 0;
    %flag_set/imm 4, 0;
    %ix/load 4, 0, 0; Constant delay
    %assign/vec4/a/d v00000284b7b8dc00, 0, 4;
    %load/vec4 v00000284b7b29d20_0;
    %pad/s 41;
    %pushi/vec4 4294967089, 0, 32;
    %concati/vec4 254, 0, 9;
    %mul;
    %ix/load 3, 38, 0;
    %flag_set/imm 4, 0;
    %ix/load 4, 0, 0; Constant delay
    %assign/vec4/a/d v00000284b7b8dc00, 0, 4;
    %load/vec4 v00000284b7b2a540_0;
    %pad/s 41;
    %muli 270307, 0, 41;
    %ix/load 3, 39, 0;
    %flag_set/imm 4, 0;
    %ix/load 4, 0, 0; Constant delay
    %assign/vec4/a/d v00000284b7b8dc00, 0, 4;
    %load/vec4 v00000284b7b2a4a0_0;
    %pad/s 41;
    %pushi/vec4 4294966054, 0, 32;
    %concati/vec4 335, 0, 9;
    %mul;
    %ix/load 3, 40, 0;
    %flag_set/imm 4, 0;
    %ix/load 4, 0, 0; Constant delay
    %assign/vec4/a/d v00000284b7b8dc00, 0, 4;
    %load/vec4 v00000284b7b8e420_0;
    %pad/s 41;
    %pushi/vec4 4294966810, 0, 32;
    %concati/vec4 231, 0, 9;
    %mul;
    %ix/load 3, 41, 0;
    %flag_set/imm 4, 0;
    %ix/load 4, 0, 0; Constant delay
    %assign/vec4/a/d v00000284b7b8dc00, 0, 4;
    %load/vec4 v00000284b7b29dc0_0;
    %pad/s 41;
    %muli 4174328, 0, 41;
    %ix/load 3, 42, 0;
    %flag_set/imm 4, 0;
    %ix/load 4, 0, 0; Constant delay
    %assign/vec4/a/d v00000284b7b8dc00, 0, 4;
    %load/vec4 v00000284b7b2ac20_0;
    %pad/s 41;
    %muli 6742249, 0, 41;
    %ix/load 3, 43, 0;
    %flag_set/imm 4, 0;
    %ix/load 4, 0, 0; Constant delay
    %assign/vec4/a/d v00000284b7b8dc00, 0, 4;
    %load/vec4 v00000284b7b2a5e0_0;
    %pad/s 41;
    %muli 2498612, 0, 41;
    %ix/load 3, 44, 0;
    %flag_set/imm 4, 0;
    %ix/load 4, 0, 0; Constant delay
    %assign/vec4/a/d v00000284b7b8dc00, 0, 4;
    %load/vec4 v00000284b7b2ab80_0;
    %pad/s 41;
    %pushi/vec4 4294965670, 0, 32;
    %concati/vec4 198, 0, 9;
    %mul;
    %ix/load 3, 45, 0;
    %flag_set/imm 4, 0;
    %ix/load 4, 0, 0; Constant delay
    %assign/vec4/a/d v00000284b7b8dc00, 0, 4;
    %load/vec4 v00000284b7b2aae0_0;
    %pad/s 41;
    %pushi/vec4 4294967089, 0, 32;
    %concati/vec4 254, 0, 9;
    %mul;
    %ix/load 3, 46, 0;
    %flag_set/imm 4, 0;
    %ix/load 4, 0, 0; Constant delay
    %assign/vec4/a/d v00000284b7b8dc00, 0, 4;
    %load/vec4 v00000284b7b2aa40_0;
    %pad/s 41;
    %muli 270307, 0, 41;
    %ix/load 3, 47, 0;
    %flag_set/imm 4, 0;
    %ix/load 4, 0, 0; Constant delay
    %assign/vec4/a/d v00000284b7b8dc00, 0, 4;
    %load/vec4 v00000284b7b2a0e0_0;
    %pad/s 41;
    %pushi/vec4 4294966054, 0, 32;
    %concati/vec4 335, 0, 9;
    %mul;
    %ix/load 3, 48, 0;
    %flag_set/imm 4, 0;
    %ix/load 4, 0, 0; Constant delay
    %assign/vec4/a/d v00000284b7b8dc00, 0, 4;
    %load/vec4 v00000284b7b2a040_0;
    %pad/s 41;
    %pushi/vec4 4294966810, 0, 32;
    %concati/vec4 231, 0, 9;
    %mul;
    %ix/load 3, 49, 0;
    %flag_set/imm 4, 0;
    %ix/load 4, 0, 0; Constant delay
    %assign/vec4/a/d v00000284b7b8dc00, 0, 4;
    %load/vec4 v00000284b7b2a4a0_0;
    %pad/s 41;
    %muli 4174328, 0, 41;
    %ix/load 3, 50, 0;
    %flag_set/imm 4, 0;
    %ix/load 4, 0, 0; Constant delay
    %assign/vec4/a/d v00000284b7b8dc00, 0, 4;
    %load/vec4 v00000284b7b8e420_0;
    %pad/s 41;
    %muli 6742249, 0, 41;
    %ix/load 3, 51, 0;
    %flag_set/imm 4, 0;
    %ix/load 4, 0, 0; Constant delay
    %assign/vec4/a/d v00000284b7b8dc00, 0, 4;
    %load/vec4 v00000284b7b29dc0_0;
    %pad/s 41;
    %muli 2498612, 0, 41;
    %ix/load 3, 52, 0;
    %flag_set/imm 4, 0;
    %ix/load 4, 0, 0; Constant delay
    %assign/vec4/a/d v00000284b7b8dc00, 0, 4;
    %load/vec4 v00000284b7b2ac20_0;
    %pad/s 41;
    %pushi/vec4 4294965670, 0, 32;
    %concati/vec4 198, 0, 9;
    %mul;
    %ix/load 3, 53, 0;
    %flag_set/imm 4, 0;
    %ix/load 4, 0, 0; Constant delay
    %assign/vec4/a/d v00000284b7b8dc00, 0, 4;
    %load/vec4 v00000284b7b2a5e0_0;
    %pad/s 41;
    %pushi/vec4 4294967089, 0, 32;
    %concati/vec4 254, 0, 9;
    %mul;
    %ix/load 3, 54, 0;
    %flag_set/imm 4, 0;
    %ix/load 4, 0, 0; Constant delay
    %assign/vec4/a/d v00000284b7b8dc00, 0, 4;
    %load/vec4 v00000284b7b2ab80_0;
    %pad/s 41;
    %muli 270307, 0, 41;
    %ix/load 3, 55, 0;
    %flag_set/imm 4, 0;
    %ix/load 4, 0, 0; Constant delay
    %assign/vec4/a/d v00000284b7b8dc00, 0, 4;
    %load/vec4 v00000284b7b2a7c0_0;
    %pad/s 41;
    %pushi/vec4 4294966054, 0, 32;
    %concati/vec4 335, 0, 9;
    %mul;
    %ix/load 3, 56, 0;
    %flag_set/imm 4, 0;
    %ix/load 4, 0, 0; Constant delay
    %assign/vec4/a/d v00000284b7b8dc00, 0, 4;
    %load/vec4 v00000284b7b2a9a0_0;
    %pad/s 41;
    %pushi/vec4 4294966810, 0, 32;
    %concati/vec4 231, 0, 9;
    %mul;
    %ix/load 3, 57, 0;
    %flag_set/imm 4, 0;
    %ix/load 4, 0, 0; Constant delay
    %assign/vec4/a/d v00000284b7b8dc00, 0, 4;
    %load/vec4 v00000284b7b2a0e0_0;
    %pad/s 41;
    %muli 4174328, 0, 41;
    %ix/load 3, 58, 0;
    %flag_set/imm 4, 0;
    %ix/load 4, 0, 0; Constant delay
    %assign/vec4/a/d v00000284b7b8dc00, 0, 4;
    %load/vec4 v00000284b7b2a040_0;
    %pad/s 41;
    %muli 6742249, 0, 41;
    %ix/load 3, 59, 0;
    %flag_set/imm 4, 0;
    %ix/load 4, 0, 0; Constant delay
    %assign/vec4/a/d v00000284b7b8dc00, 0, 4;
    %load/vec4 v00000284b7b2a4a0_0;
    %pad/s 41;
    %muli 2498612, 0, 41;
    %ix/load 3, 60, 0;
    %flag_set/imm 4, 0;
    %ix/load 4, 0, 0; Constant delay
    %assign/vec4/a/d v00000284b7b8dc00, 0, 4;
    %load/vec4 v00000284b7b8e420_0;
    %pad/s 41;
    %pushi/vec4 4294965670, 0, 32;
    %concati/vec4 198, 0, 9;
    %mul;
    %ix/load 3, 61, 0;
    %flag_set/imm 4, 0;
    %ix/load 4, 0, 0; Constant delay
    %assign/vec4/a/d v00000284b7b8dc00, 0, 4;
    %load/vec4 v00000284b7b29dc0_0;
    %pad/s 41;
    %pushi/vec4 4294967089, 0, 32;
    %concati/vec4 254, 0, 9;
    %mul;
    %ix/load 3, 62, 0;
    %flag_set/imm 4, 0;
    %ix/load 4, 0, 0; Constant delay
    %assign/vec4/a/d v00000284b7b8dc00, 0, 4;
    %load/vec4 v00000284b7b2ac20_0;
    %pad/s 41;
    %muli 270307, 0, 41;
    %ix/load 3, 63, 0;
    %flag_set/imm 4, 0;
    %ix/load 4, 0, 0; Constant delay
    %assign/vec4/a/d v00000284b7b8dc00, 0, 4;
    %jmp T_3;
    .thread T_3;
    .scope S_00000284b7b34cb0;
T_4 ;
    %wait E_00000284b7b19270;
    %ix/load 4, 0, 0;
    %flag_set/imm 4, 0;
    %load/vec4a v00000284b7b8dc00, 4;
    %pad/s 48;
    %ix/load 4, 1, 0;
    %flag_set/imm 4, 0;
    %load/vec4a v00000284b7b8dc00, 4;
    %pad/s 48;
    %add;
    %ix/load 4, 2, 0;
    %flag_set/imm 4, 0;
    %load/vec4a v00000284b7b8dc00, 4;
    %pad/s 48;
    %add;
    %ix/load 4, 3, 0;
    %flag_set/imm 4, 0;
    %load/vec4a v00000284b7b8dc00, 4;
    %pad/s 48;
    %add;
    %ix/load 4, 4, 0;
    %flag_set/imm 4, 0;
    %load/vec4a v00000284b7b8dc00, 4;
    %pad/s 48;
    %add;
    %ix/load 4, 5, 0;
    %flag_set/imm 4, 0;
    %load/vec4a v00000284b7b8dc00, 4;
    %pad/s 48;
    %add;
    %ix/load 4, 6, 0;
    %flag_set/imm 4, 0;
    %load/vec4a v00000284b7b8dc00, 4;
    %pad/s 48;
    %add;
    %ix/load 4, 7, 0;
    %flag_set/imm 4, 0;
    %load/vec4a v00000284b7b8dc00, 4;
    %pad/s 48;
    %add;
    %ix/load 3, 0, 0;
    %flag_set/imm 4, 0;
    %ix/load 4, 0, 0; Constant delay
    %assign/vec4/a/d v00000284b7b8f000, 0, 4;
    %ix/load 4, 8, 0;
    %flag_set/imm 4, 0;
    %load/vec4a v00000284b7b8dc00, 4;
    %pad/s 48;
    %ix/load 4, 9, 0;
    %flag_set/imm 4, 0;
    %load/vec4a v00000284b7b8dc00, 4;
    %pad/s 48;
    %add;
    %ix/load 4, 10, 0;
    %flag_set/imm 4, 0;
    %load/vec4a v00000284b7b8dc00, 4;
    %pad/s 48;
    %add;
    %ix/load 4, 11, 0;
    %flag_set/imm 4, 0;
    %load/vec4a v00000284b7b8dc00, 4;
    %pad/s 48;
    %add;
    %ix/load 4, 12, 0;
    %flag_set/imm 4, 0;
    %load/vec4a v00000284b7b8dc00, 4;
    %pad/s 48;
    %add;
    %ix/load 4, 13, 0;
    %flag_set/imm 4, 0;
    %load/vec4a v00000284b7b8dc00, 4;
    %pad/s 48;
    %add;
    %ix/load 4, 14, 0;
    %flag_set/imm 4, 0;
    %load/vec4a v00000284b7b8dc00, 4;
    %pad/s 48;
    %add;
    %ix/load 4, 15, 0;
    %flag_set/imm 4, 0;
    %load/vec4a v00000284b7b8dc00, 4;
    %pad/s 48;
    %add;
    %ix/load 3, 1, 0;
    %flag_set/imm 4, 0;
    %ix/load 4, 0, 0; Constant delay
    %assign/vec4/a/d v00000284b7b8f000, 0, 4;
    %ix/load 4, 16, 0;
    %flag_set/imm 4, 0;
    %load/vec4a v00000284b7b8dc00, 4;
    %pad/s 48;
    %ix/load 4, 17, 0;
    %flag_set/imm 4, 0;
    %load/vec4a v00000284b7b8dc00, 4;
    %pad/s 48;
    %add;
    %ix/load 4, 18, 0;
    %flag_set/imm 4, 0;
    %load/vec4a v00000284b7b8dc00, 4;
    %pad/s 48;
    %add;
    %ix/load 4, 19, 0;
    %flag_set/imm 4, 0;
    %load/vec4a v00000284b7b8dc00, 4;
    %pad/s 48;
    %add;
    %ix/load 4, 20, 0;
    %flag_set/imm 4, 0;
    %load/vec4a v00000284b7b8dc00, 4;
    %pad/s 48;
    %add;
    %ix/load 4, 21, 0;
    %flag_set/imm 4, 0;
    %load/vec4a v00000284b7b8dc00, 4;
    %pad/s 48;
    %add;
    %ix/load 4, 22, 0;
    %flag_set/imm 4, 0;
    %load/vec4a v00000284b7b8dc00, 4;
    %pad/s 48;
    %add;
    %ix/load 4, 23, 0;
    %flag_set/imm 4, 0;
    %load/vec4a v00000284b7b8dc00, 4;
    %pad/s 48;
    %add;
    %ix/load 3, 2, 0;
    %flag_set/imm 4, 0;
    %ix/load 4, 0, 0; Constant delay
    %assign/vec4/a/d v00000284b7b8f000, 0, 4;
    %ix/load 4, 24, 0;
    %flag_set/imm 4, 0;
    %load/vec4a v00000284b7b8dc00, 4;
    %pad/s 48;
    %ix/load 4, 25, 0;
    %flag_set/imm 4, 0;
    %load/vec4a v00000284b7b8dc00, 4;
    %pad/s 48;
    %add;
    %ix/load 4, 26, 0;
    %flag_set/imm 4, 0;
    %load/vec4a v00000284b7b8dc00, 4;
    %pad/s 48;
    %add;
    %ix/load 4, 27, 0;
    %flag_set/imm 4, 0;
    %load/vec4a v00000284b7b8dc00, 4;
    %pad/s 48;
    %add;
    %ix/load 4, 28, 0;
    %flag_set/imm 4, 0;
    %load/vec4a v00000284b7b8dc00, 4;
    %pad/s 48;
    %add;
    %ix/load 4, 29, 0;
    %flag_set/imm 4, 0;
    %load/vec4a v00000284b7b8dc00, 4;
    %pad/s 48;
    %add;
    %ix/load 4, 30, 0;
    %flag_set/imm 4, 0;
    %load/vec4a v00000284b7b8dc00, 4;
    %pad/s 48;
    %add;
    %ix/load 4, 31, 0;
    %flag_set/imm 4, 0;
    %load/vec4a v00000284b7b8dc00, 4;
    %pad/s 48;
    %add;
    %ix/load 3, 3, 0;
    %flag_set/imm 4, 0;
    %ix/load 4, 0, 0; Constant delay
    %assign/vec4/a/d v00000284b7b8f000, 0, 4;
    %ix/load 4, 32, 0;
    %flag_set/imm 4, 0;
    %load/vec4a v00000284b7b8dc00, 4;
    %pad/s 48;
    %ix/load 4, 33, 0;
    %flag_set/imm 4, 0;
    %load/vec4a v00000284b7b8dc00, 4;
    %pad/s 48;
    %add;
    %ix/load 4, 34, 0;
    %flag_set/imm 4, 0;
    %load/vec4a v00000284b7b8dc00, 4;
    %pad/s 48;
    %add;
    %ix/load 4, 35, 0;
    %flag_set/imm 4, 0;
    %load/vec4a v00000284b7b8dc00, 4;
    %pad/s 48;
    %add;
    %ix/load 4, 36, 0;
    %flag_set/imm 4, 0;
    %load/vec4a v00000284b7b8dc00, 4;
    %pad/s 48;
    %add;
    %ix/load 4, 37, 0;
    %flag_set/imm 4, 0;
    %load/vec4a v00000284b7b8dc00, 4;
    %pad/s 48;
    %add;
    %ix/load 4, 38, 0;
    %flag_set/imm 4, 0;
    %load/vec4a v00000284b7b8dc00, 4;
    %pad/s 48;
    %add;
    %ix/load 4, 39, 0;
    %flag_set/imm 4, 0;
    %load/vec4a v00000284b7b8dc00, 4;
    %pad/s 48;
    %add;
    %ix/load 3, 4, 0;
    %flag_set/imm 4, 0;
    %ix/load 4, 0, 0; Constant delay
    %assign/vec4/a/d v00000284b7b8f000, 0, 4;
    %ix/load 4, 40, 0;
    %flag_set/imm 4, 0;
    %load/vec4a v00000284b7b8dc00, 4;
    %pad/s 48;
    %ix/load 4, 41, 0;
    %flag_set/imm 4, 0;
    %load/vec4a v00000284b7b8dc00, 4;
    %pad/s 48;
    %add;
    %ix/load 4, 42, 0;
    %flag_set/imm 4, 0;
    %load/vec4a v00000284b7b8dc00, 4;
    %pad/s 48;
    %add;
    %ix/load 4, 43, 0;
    %flag_set/imm 4, 0;
    %load/vec4a v00000284b7b8dc00, 4;
    %pad/s 48;
    %add;
    %ix/load 4, 44, 0;
    %flag_set/imm 4, 0;
    %load/vec4a v00000284b7b8dc00, 4;
    %pad/s 48;
    %add;
    %ix/load 4, 45, 0;
    %flag_set/imm 4, 0;
    %load/vec4a v00000284b7b8dc00, 4;
    %pad/s 48;
    %add;
    %ix/load 4, 46, 0;
    %flag_set/imm 4, 0;
    %load/vec4a v00000284b7b8dc00, 4;
    %pad/s 48;
    %add;
    %ix/load 4, 47, 0;
    %flag_set/imm 4, 0;
    %load/vec4a v00000284b7b8dc00, 4;
    %pad/s 48;
    %add;
    %ix/load 3, 5, 0;
    %flag_set/imm 4, 0;
    %ix/load 4, 0, 0; Constant delay
    %assign/vec4/a/d v00000284b7b8f000, 0, 4;
    %ix/load 4, 48, 0;
    %flag_set/imm 4, 0;
    %load/vec4a v00000284b7b8dc00, 4;
    %pad/s 48;
    %ix/load 4, 49, 0;
    %flag_set/imm 4, 0;
    %load/vec4a v00000284b7b8dc00, 4;
    %pad/s 48;
    %add;
    %ix/load 4, 50, 0;
    %flag_set/imm 4, 0;
    %load/vec4a v00000284b7b8dc00, 4;
    %pad/s 48;
    %add;
    %ix/load 4, 51, 0;
    %flag_set/imm 4, 0;
    %load/vec4a v00000284b7b8dc00, 4;
    %pad/s 48;
    %add;
    %ix/load 4, 52, 0;
    %flag_set/imm 4, 0;
    %load/vec4a v00000284b7b8dc00, 4;
    %pad/s 48;
    %add;
    %ix/load 4, 53, 0;
    %flag_set/imm 4, 0;
    %load/vec4a v00000284b7b8dc00, 4;
    %pad/s 48;
    %add;
    %ix/load 4, 54, 0;
    %flag_set/imm 4, 0;
    %load/vec4a v00000284b7b8dc00, 4;
    %pad/s 48;
    %add;
    %ix/load 4, 55, 0;
    %flag_set/imm 4, 0;
    %load/vec4a v00000284b7b8dc00, 4;
    %pad/s 48;
    %add;
    %ix/load 3, 6, 0;
    %flag_set/imm 4, 0;
    %ix/load 4, 0, 0; Constant delay
    %assign/vec4/a/d v00000284b7b8f000, 0, 4;
    %ix/load 4, 56, 0;
    %flag_set/imm 4, 0;
    %load/vec4a v00000284b7b8dc00, 4;
    %pad/s 48;
    %ix/load 4, 57, 0;
    %flag_set/imm 4, 0;
    %load/vec4a v00000284b7b8dc00, 4;
    %pad/s 48;
    %add;
    %ix/load 4, 58, 0;
    %flag_set/imm 4, 0;
    %load/vec4a v00000284b7b8dc00, 4;
    %pad/s 48;
    %add;
    %ix/load 4, 59, 0;
    %flag_set/imm 4, 0;
    %load/vec4a v00000284b7b8dc00, 4;
    %pad/s 48;
    %add;
    %ix/load 4, 60, 0;
    %flag_set/imm 4, 0;
    %load/vec4a v00000284b7b8dc00, 4;
    %pad/s 48;
    %add;
    %ix/load 4, 61, 0;
    %flag_set/imm 4, 0;
    %load/vec4a v00000284b7b8dc00, 4;
    %pad/s 48;
    %add;
    %ix/load 4, 62, 0;
    %flag_set/imm 4, 0;
    %load/vec4a v00000284b7b8dc00, 4;
    %pad/s 48;
    %add;
    %ix/load 4, 63, 0;
    %flag_set/imm 4, 0;
    %load/vec4a v00000284b7b8dc00, 4;
    %pad/s 48;
    %add;
    %ix/load 3, 7, 0;
    %flag_set/imm 4, 0;
    %ix/load 4, 0, 0; Constant delay
    %assign/vec4/a/d v00000284b7b8f000, 0, 4;
    %jmp T_4;
    .thread T_4;
    .scope S_00000284b7b34cb0;
T_5 ;
    %wait E_00000284b7b190b0;
    %load/vec4 v00000284b7b8f140_0;
    %nor/r;
    %flag_set/vec4 8;
    %jmp/0xz  T_5.0, 8;
    %pushi/vec4 0, 0, 48;
    %assign/vec4 v00000284b7b29f00_0, 0;
    %pushi/vec4 0, 0, 48;
    %assign/vec4 v00000284b7b2a2c0_0, 0;
    %pushi/vec4 0, 0, 48;
    %assign/vec4 v00000284b7b2a860_0, 0;
    %pushi/vec4 0, 0, 48;
    %assign/vec4 v00000284b7b29fa0_0, 0;
    %pushi/vec4 0, 0, 48;
    %assign/vec4 v00000284b7b2a220_0, 0;
    %pushi/vec4 0, 0, 48;
    %assign/vec4 v00000284b7b2a900_0, 0;
    %pushi/vec4 0, 0, 48;
    %assign/vec4 v00000284b7b2a180_0, 0;
    %pushi/vec4 0, 0, 48;
    %assign/vec4 v00000284b7b2a720_0, 0;
    %jmp T_5.1;
T_5.0 ;
    %ix/load 4, 0, 0;
    %flag_set/imm 4, 0;
    %load/vec4a v00000284b7b8f000, 4;
    %assign/vec4 v00000284b7b29f00_0, 0;
    %ix/load 4, 1, 0;
    %flag_set/imm 4, 0;
    %load/vec4a v00000284b7b8f000, 4;
    %assign/vec4 v00000284b7b2a2c0_0, 0;
    %ix/load 4, 2, 0;
    %flag_set/imm 4, 0;
    %load/vec4a v00000284b7b8f000, 4;
    %assign/vec4 v00000284b7b2a860_0, 0;
    %ix/load 4, 3, 0;
    %flag_set/imm 4, 0;
    %load/vec4a v00000284b7b8f000, 4;
    %assign/vec4 v00000284b7b29fa0_0, 0;
    %ix/load 4, 4, 0;
    %flag_set/imm 4, 0;
    %load/vec4a v00000284b7b8f000, 4;
    %assign/vec4 v00000284b7b2a220_0, 0;
    %ix/load 4, 5, 0;
    %flag_set/imm 4, 0;
    %load/vec4a v00000284b7b8f000, 4;
    %assign/vec4 v00000284b7b2a900_0, 0;
    %ix/load 4, 6, 0;
    %flag_set/imm 4, 0;
    %load/vec4a v00000284b7b8f000, 4;
    %assign/vec4 v00000284b7b2a180_0, 0;
    %ix/load 4, 7, 0;
    %flag_set/imm 4, 0;
    %load/vec4a v00000284b7b8f000, 4;
    %assign/vec4 v00000284b7b2a720_0, 0;
T_5.1 ;
    %jmp T_5;
    .thread T_5;
    .scope S_00000284b7ab0b50;
T_6 ;
    %wait E_00000284b7b190b0;
    %load/vec4 v00000284b7b8f1e0_0;
    %nor/r;
    %flag_set/vec4 8;
    %jmp/0xz  T_6.0, 8;
    %pushi/vec4 0, 0, 48;
    %ix/load 3, 0, 0;
    %flag_set/imm 4, 0;
    %ix/load 4, 0, 0; Constant delay
    %assign/vec4/a/d v00000284b7b8e6a0, 0, 4;
    %pushi/vec4 0, 0, 48;
    %ix/load 3, 1, 0;
    %flag_set/imm 4, 0;
    %ix/load 4, 0, 0; Constant delay
    %assign/vec4/a/d v00000284b7b8e6a0, 0, 4;
    %pushi/vec4 0, 0, 48;
    %ix/load 3, 2, 0;
    %flag_set/imm 4, 0;
    %ix/load 4, 0, 0; Constant delay
    %assign/vec4/a/d v00000284b7b8e6a0, 0, 4;
    %pushi/vec4 0, 0, 48;
    %ix/load 3, 3, 0;
    %flag_set/imm 4, 0;
    %ix/load 4, 0, 0; Constant delay
    %assign/vec4/a/d v00000284b7b8e6a0, 0, 4;
    %pushi/vec4 0, 0, 48;
    %ix/load 3, 4, 0;
    %flag_set/imm 4, 0;
    %ix/load 4, 0, 0; Constant delay
    %assign/vec4/a/d v00000284b7b8e6a0, 0, 4;
    %pushi/vec4 0, 0, 48;
    %ix/load 3, 5, 0;
    %flag_set/imm 4, 0;
    %ix/load 4, 0, 0; Constant delay
    %assign/vec4/a/d v00000284b7b8e6a0, 0, 4;
    %pushi/vec4 0, 0, 48;
    %ix/load 3, 6, 0;
    %flag_set/imm 4, 0;
    %ix/load 4, 0, 0; Constant delay
    %assign/vec4/a/d v00000284b7b8e6a0, 0, 4;
    %jmp T_6.1;
T_6.0 ;
    %load/vec4 v00000284b7b8f6e0_0;
    %flag_set/vec4 8;
    %jmp/0xz  T_6.2, 8;
    %load/vec4 v00000284b7b8f500_0;
    %ix/load 3, 0, 0;
    %flag_set/imm 4, 0;
    %ix/load 4, 0, 0; Constant delay
    %assign/vec4/a/d v00000284b7b8e6a0, 0, 4;
    %load/vec4 v00000284b7b8e380_0;
    %ix/load 3, 1, 0;
    %flag_set/imm 4, 0;
    %ix/load 4, 0, 0; Constant delay
    %assign/vec4/a/d v00000284b7b8e6a0, 0, 4;
    %load/vec4 v00000284b7b8dd40_0;
    %ix/load 3, 2, 0;
    %flag_set/imm 4, 0;
    %ix/load 4, 0, 0; Constant delay
    %assign/vec4/a/d v00000284b7b8e6a0, 0, 4;
    %load/vec4 v00000284b7b8dca0_0;
    %ix/load 3, 3, 0;
    %flag_set/imm 4, 0;
    %ix/load 4, 0, 0; Constant delay
    %assign/vec4/a/d v00000284b7b8e6a0, 0, 4;
    %load/vec4 v00000284b7b8dac0_0;
    %ix/load 3, 4, 0;
    %flag_set/imm 4, 0;
    %ix/load 4, 0, 0; Constant delay
    %assign/vec4/a/d v00000284b7b8e6a0, 0, 4;
    %load/vec4 v00000284b7b8f960_0;
    %ix/load 3, 5, 0;
    %flag_set/imm 4, 0;
    %ix/load 4, 0, 0; Constant delay
    %assign/vec4/a/d v00000284b7b8e6a0, 0, 4;
    %load/vec4 v00000284b7b8f3c0_0;
    %ix/load 3, 6, 0;
    %flag_set/imm 4, 0;
    %ix/load 4, 0, 0; Constant delay
    %assign/vec4/a/d v00000284b7b8e6a0, 0, 4;
T_6.2 ;
T_6.1 ;
    %jmp T_6;
    .thread T_6;
    .scope S_00000284b7ab0b50;
T_7 ;
    %wait E_00000284b7b190b0;
    %load/vec4 v00000284b7b8f1e0_0;
    %nor/r;
    %flag_set/vec4 8;
    %jmp/0xz  T_7.0, 8;
    %pushi/vec4 0, 0, 1;
    %assign/vec4 v00000284b7b8f0a0_0, 0;
    %jmp T_7.1;
T_7.0 ;
    %load/vec4 v00000284b7b8f6e0_0;
    %flag_set/vec4 8;
    %jmp/0xz  T_7.2, 8;
    %pushi/vec4 1, 0, 1;
    %assign/vec4 v00000284b7b8f0a0_0, 0;
T_7.2 ;
T_7.1 ;
    %jmp T_7;
    .thread T_7;
    .scope S_00000284b7ab0b50;
T_8 ;
    %wait E_00000284b7b190b0;
    %load/vec4 v00000284b7b8f1e0_0;
    %nor/r;
    %flag_set/vec4 8;
    %jmp/0xz  T_8.0, 8;
    %pushi/vec4 0, 0, 1;
    %assign/vec4 v00000284b7b8ee20_0, 0;
    %pushi/vec4 0, 0, 1;
    %assign/vec4 v00000284b7b8e600_0, 0;
    %pushi/vec4 0, 0, 1;
    %assign/vec4 v00000284b7b8f820_0, 0;
    %jmp T_8.1;
T_8.0 ;
    %load/vec4 v00000284b7b8f6e0_0;
    %load/vec4 v00000284b7b8f0a0_0;
    %and;
    %assign/vec4 v00000284b7b8ee20_0, 0;
    %load/vec4 v00000284b7b8ee20_0;
    %assign/vec4 v00000284b7b8e600_0, 0;
    %load/vec4 v00000284b7b8e600_0;
    %assign/vec4 v00000284b7b8f820_0, 0;
T_8.1 ;
    %jmp T_8;
    .thread T_8;
    .scope S_00000284b7ab0b50;
T_9 ;
    %wait E_00000284b7b19270;
    %load/vec4 v00000284b7b8ef60_0;
    %pad/s 73;
    %pushi/vec4 4294967295, 0, 32;
    %concati/vec4 4294966054, 0, 32;
    %concati/vec4 335, 0, 9;
    %mul;
    %ix/load 3, 0, 0;
    %flag_set/imm 4, 0;
    %ix/load 4, 0, 0; Constant delay
    %assign/vec4/a/d v00000284b7b8f5a0, 0, 4;
    %ix/load 4, 0, 0;
    %flag_set/imm 4, 0;
    %load/vec4a v00000284b7b8e6a0, 4;
    %pad/s 73;
    %pushi/vec4 4294967295, 0, 32;
    %concati/vec4 4294966810, 0, 32;
    %concati/vec4 231, 0, 9;
    %mul;
    %ix/load 3, 1, 0;
    %flag_set/imm 4, 0;
    %ix/load 4, 0, 0; Constant delay
    %assign/vec4/a/d v00000284b7b8f5a0, 0, 4;
    %ix/load 4, 1, 0;
    %flag_set/imm 4, 0;
    %load/vec4a v00000284b7b8e6a0, 4;
    %pad/s 73;
    %muli 4174328, 0, 73;
    %ix/load 3, 2, 0;
    %flag_set/imm 4, 0;
    %ix/load 4, 0, 0; Constant delay
    %assign/vec4/a/d v00000284b7b8f5a0, 0, 4;
    %ix/load 4, 2, 0;
    %flag_set/imm 4, 0;
    %load/vec4a v00000284b7b8e6a0, 4;
    %pad/s 73;
    %muli 6742249, 0, 73;
    %ix/load 3, 3, 0;
    %flag_set/imm 4, 0;
    %ix/load 4, 0, 0; Constant delay
    %assign/vec4/a/d v00000284b7b8f5a0, 0, 4;
    %ix/load 4, 3, 0;
    %flag_set/imm 4, 0;
    %load/vec4a v00000284b7b8e6a0, 4;
    %pad/s 73;
    %muli 2498612, 0, 73;
    %ix/load 3, 4, 0;
    %flag_set/imm 4, 0;
    %ix/load 4, 0, 0; Constant delay
    %assign/vec4/a/d v00000284b7b8f5a0, 0, 4;
    %ix/load 4, 4, 0;
    %flag_set/imm 4, 0;
    %load/vec4a v00000284b7b8e6a0, 4;
    %pad/s 73;
    %pushi/vec4 4294967295, 0, 32;
    %concati/vec4 4294965670, 0, 32;
    %concati/vec4 198, 0, 9;
    %mul;
    %ix/load 3, 5, 0;
    %flag_set/imm 4, 0;
    %ix/load 4, 0, 0; Constant delay
    %assign/vec4/a/d v00000284b7b8f5a0, 0, 4;
    %ix/load 4, 5, 0;
    %flag_set/imm 4, 0;
    %load/vec4a v00000284b7b8e6a0, 4;
    %pad/s 73;
    %pushi/vec4 4294967295, 0, 32;
    %concati/vec4 4294967089, 0, 32;
    %concati/vec4 254, 0, 9;
    %mul;
    %ix/load 3, 6, 0;
    %flag_set/imm 4, 0;
    %ix/load 4, 0, 0; Constant delay
    %assign/vec4/a/d v00000284b7b8f5a0, 0, 4;
    %ix/load 4, 6, 0;
    %flag_set/imm 4, 0;
    %load/vec4a v00000284b7b8e6a0, 4;
    %pad/s 73;
    %muli 270307, 0, 73;
    %ix/load 3, 7, 0;
    %flag_set/imm 4, 0;
    %ix/load 4, 0, 0; Constant delay
    %assign/vec4/a/d v00000284b7b8f5a0, 0, 4;
    %load/vec4 v00000284b7b8f960_0;
    %pad/s 73;
    %pushi/vec4 4294967295, 0, 32;
    %concati/vec4 4294966054, 0, 32;
    %concati/vec4 335, 0, 9;
    %mul;
    %ix/load 3, 8, 0;
    %flag_set/imm 4, 0;
    %ix/load 4, 0, 0; Constant delay
    %assign/vec4/a/d v00000284b7b8f5a0, 0, 4;
    %load/vec4 v00000284b7b8f3c0_0;
    %pad/s 73;
    %pushi/vec4 4294967295, 0, 32;
    %concati/vec4 4294966810, 0, 32;
    %concati/vec4 231, 0, 9;
    %mul;
    %ix/load 3, 9, 0;
    %flag_set/imm 4, 0;
    %ix/load 4, 0, 0; Constant delay
    %assign/vec4/a/d v00000284b7b8f5a0, 0, 4;
    %load/vec4 v00000284b7b8ef60_0;
    %pad/s 73;
    %muli 4174328, 0, 73;
    %ix/load 3, 10, 0;
    %flag_set/imm 4, 0;
    %ix/load 4, 0, 0; Constant delay
    %assign/vec4/a/d v00000284b7b8f5a0, 0, 4;
    %ix/load 4, 0, 0;
    %flag_set/imm 4, 0;
    %load/vec4a v00000284b7b8e6a0, 4;
    %pad/s 73;
    %muli 6742249, 0, 73;
    %ix/load 3, 11, 0;
    %flag_set/imm 4, 0;
    %ix/load 4, 0, 0; Constant delay
    %assign/vec4/a/d v00000284b7b8f5a0, 0, 4;
    %ix/load 4, 1, 0;
    %flag_set/imm 4, 0;
    %load/vec4a v00000284b7b8e6a0, 4;
    %pad/s 73;
    %muli 2498612, 0, 73;
    %ix/load 3, 12, 0;
    %flag_set/imm 4, 0;
    %ix/load 4, 0, 0; Constant delay
    %assign/vec4/a/d v00000284b7b8f5a0, 0, 4;
    %ix/load 4, 2, 0;
    %flag_set/imm 4, 0;
    %load/vec4a v00000284b7b8e6a0, 4;
    %pad/s 73;
    %pushi/vec4 4294967295, 0, 32;
    %concati/vec4 4294965670, 0, 32;
    %concati/vec4 198, 0, 9;
    %mul;
    %ix/load 3, 13, 0;
    %flag_set/imm 4, 0;
    %ix/load 4, 0, 0; Constant delay
    %assign/vec4/a/d v00000284b7b8f5a0, 0, 4;
    %ix/load 4, 3, 0;
    %flag_set/imm 4, 0;
    %load/vec4a v00000284b7b8e6a0, 4;
    %pad/s 73;
    %pushi/vec4 4294967295, 0, 32;
    %concati/vec4 4294967089, 0, 32;
    %concati/vec4 254, 0, 9;
    %mul;
    %ix/load 3, 14, 0;
    %flag_set/imm 4, 0;
    %ix/load 4, 0, 0; Constant delay
    %assign/vec4/a/d v00000284b7b8f5a0, 0, 4;
    %ix/load 4, 4, 0;
    %flag_set/imm 4, 0;
    %load/vec4a v00000284b7b8e6a0, 4;
    %pad/s 73;
    %muli 270307, 0, 73;
    %ix/load 3, 15, 0;
    %flag_set/imm 4, 0;
    %ix/load 4, 0, 0; Constant delay
    %assign/vec4/a/d v00000284b7b8f5a0, 0, 4;
    %load/vec4 v00000284b7b8dca0_0;
    %pad/s 73;
    %pushi/vec4 4294967295, 0, 32;
    %concati/vec4 4294966054, 0, 32;
    %concati/vec4 335, 0, 9;
    %mul;
    %ix/load 3, 16, 0;
    %flag_set/imm 4, 0;
    %ix/load 4, 0, 0; Constant delay
    %assign/vec4/a/d v00000284b7b8f5a0, 0, 4;
    %load/vec4 v00000284b7b8dac0_0;
    %pad/s 73;
    %pushi/vec4 4294967295, 0, 32;
    %concati/vec4 4294966810, 0, 32;
    %concati/vec4 231, 0, 9;
    %mul;
    %ix/load 3, 17, 0;
    %flag_set/imm 4, 0;
    %ix/load 4, 0, 0; Constant delay
    %assign/vec4/a/d v00000284b7b8f5a0, 0, 4;
    %load/vec4 v00000284b7b8f960_0;
    %pad/s 73;
    %muli 4174328, 0, 73;
    %ix/load 3, 18, 0;
    %flag_set/imm 4, 0;
    %ix/load 4, 0, 0; Constant delay
    %assign/vec4/a/d v00000284b7b8f5a0, 0, 4;
    %load/vec4 v00000284b7b8f3c0_0;
    %pad/s 73;
    %muli 6742249, 0, 73;
    %ix/load 3, 19, 0;
    %flag_set/imm 4, 0;
    %ix/load 4, 0, 0; Constant delay
    %assign/vec4/a/d v00000284b7b8f5a0, 0, 4;
    %load/vec4 v00000284b7b8ef60_0;
    %pad/s 73;
    %muli 2498612, 0, 73;
    %ix/load 3, 20, 0;
    %flag_set/imm 4, 0;
    %ix/load 4, 0, 0; Constant delay
    %assign/vec4/a/d v00000284b7b8f5a0, 0, 4;
    %ix/load 4, 0, 0;
    %flag_set/imm 4, 0;
    %load/vec4a v00000284b7b8e6a0, 4;
    %pad/s 73;
    %pushi/vec4 4294967295, 0, 32;
    %concati/vec4 4294965670, 0, 32;
    %concati/vec4 198, 0, 9;
    %mul;
    %ix/load 3, 21, 0;
    %flag_set/imm 4, 0;
    %ix/load 4, 0, 0; Constant delay
    %assign/vec4/a/d v00000284b7b8f5a0, 0, 4;
    %ix/load 4, 1, 0;
    %flag_set/imm 4, 0;
    %load/vec4a v00000284b7b8e6a0, 4;
    %pad/s 73;
    %pushi/vec4 4294967295, 0, 32;
    %concati/vec4 4294967089, 0, 32;
    %concati/vec4 254, 0, 9;
    %mul;
    %ix/load 3, 22, 0;
    %flag_set/imm 4, 0;
    %ix/load 4, 0, 0; Constant delay
    %assign/vec4/a/d v00000284b7b8f5a0, 0, 4;
    %ix/load 4, 2, 0;
    %flag_set/imm 4, 0;
    %load/vec4a v00000284b7b8e6a0, 4;
    %pad/s 73;
    %muli 270307, 0, 73;
    %ix/load 3, 23, 0;
    %flag_set/imm 4, 0;
    %ix/load 4, 0, 0; Constant delay
    %assign/vec4/a/d v00000284b7b8f5a0, 0, 4;
    %load/vec4 v00000284b7b8e380_0;
    %pad/s 73;
    %pushi/vec4 4294967295, 0, 32;
    %concati/vec4 4294966054, 0, 32;
    %concati/vec4 335, 0, 9;
    %mul;
    %ix/load 3, 24, 0;
    %flag_set/imm 4, 0;
    %ix/load 4, 0, 0; Constant delay
    %assign/vec4/a/d v00000284b7b8f5a0, 0, 4;
    %load/vec4 v00000284b7b8dd40_0;
    %pad/s 73;
    %pushi/vec4 4294967295, 0, 32;
    %concati/vec4 4294966810, 0, 32;
    %concati/vec4 231, 0, 9;
    %mul;
    %ix/load 3, 25, 0;
    %flag_set/imm 4, 0;
    %ix/load 4, 0, 0; Constant delay
    %assign/vec4/a/d v00000284b7b8f5a0, 0, 4;
    %load/vec4 v00000284b7b8dca0_0;
    %pad/s 73;
    %muli 4174328, 0, 73;
    %ix/load 3, 26, 0;
    %flag_set/imm 4, 0;
    %ix/load 4, 0, 0; Constant delay
    %assign/vec4/a/d v00000284b7b8f5a0, 0, 4;
    %load/vec4 v00000284b7b8dac0_0;
    %pad/s 73;
    %muli 6742249, 0, 73;
    %ix/load 3, 27, 0;
    %flag_set/imm 4, 0;
    %ix/load 4, 0, 0; Constant delay
    %assign/vec4/a/d v00000284b7b8f5a0, 0, 4;
    %load/vec4 v00000284b7b8f960_0;
    %pad/s 73;
    %muli 2498612, 0, 73;
    %ix/load 3, 28, 0;
    %flag_set/imm 4, 0;
    %ix/load 4, 0, 0; Constant delay
    %assign/vec4/a/d v00000284b7b8f5a0, 0, 4;
    %load/vec4 v00000284b7b8f3c0_0;
    %pad/s 73;
    %pushi/vec4 4294967295, 0, 32;
    %concati/vec4 4294965670, 0, 32;
    %concati/vec4 198, 0, 9;
    %mul;
    %ix/load 3, 29, 0;
    %flag_set/imm 4, 0;
    %ix/load 4, 0, 0; Constant delay
    %assign/vec4/a/d v00000284b7b8f5a0, 0, 4;
    %load/vec4 v00000284b7b8ef60_0;
    %pad/s 73;
    %pushi/vec4 4294967295, 0, 32;
    %concati/vec4 4294967089, 0, 32;
    %concati/vec4 254, 0, 9;
    %mul;
    %ix/load 3, 30, 0;
    %flag_set/imm 4, 0;
    %ix/load 4, 0, 0; Constant delay
    %assign/vec4/a/d v00000284b7b8f5a0, 0, 4;
    %ix/load 4, 0, 0;
    %flag_set/imm 4, 0;
    %load/vec4a v00000284b7b8e6a0, 4;
    %pad/s 73;
    %muli 270307, 0, 73;
    %ix/load 3, 31, 0;
    %flag_set/imm 4, 0;
    %ix/load 4, 0, 0; Constant delay
    %assign/vec4/a/d v00000284b7b8f5a0, 0, 4;
    %jmp T_9;
    .thread T_9;
    .scope S_00000284b7ab0b50;
T_10 ;
    %wait E_00000284b7b19270;
    %ix/load 4, 0, 0;
    %flag_set/imm 4, 0;
    %load/vec4a v00000284b7b8f5a0, 4;
    %pad/s 76;
    %ix/load 4, 1, 0;
    %flag_set/imm 4, 0;
    %load/vec4a v00000284b7b8f5a0, 4;
    %pad/s 76;
    %add;
    %ix/load 4, 2, 0;
    %flag_set/imm 4, 0;
    %load/vec4a v00000284b7b8f5a0, 4;
    %pad/s 76;
    %add;
    %ix/load 4, 3, 0;
    %flag_set/imm 4, 0;
    %load/vec4a v00000284b7b8f5a0, 4;
    %pad/s 76;
    %add;
    %ix/load 4, 4, 0;
    %flag_set/imm 4, 0;
    %load/vec4a v00000284b7b8f5a0, 4;
    %pad/s 76;
    %add;
    %ix/load 4, 5, 0;
    %flag_set/imm 4, 0;
    %load/vec4a v00000284b7b8f5a0, 4;
    %pad/s 76;
    %add;
    %ix/load 4, 6, 0;
    %flag_set/imm 4, 0;
    %load/vec4a v00000284b7b8f5a0, 4;
    %pad/s 76;
    %add;
    %ix/load 4, 7, 0;
    %flag_set/imm 4, 0;
    %load/vec4a v00000284b7b8f5a0, 4;
    %pad/s 76;
    %add;
    %ix/load 3, 0, 0;
    %flag_set/imm 4, 0;
    %ix/load 4, 0, 0; Constant delay
    %assign/vec4/a/d v00000284b7b8ed80, 0, 4;
    %ix/load 4, 8, 0;
    %flag_set/imm 4, 0;
    %load/vec4a v00000284b7b8f5a0, 4;
    %pad/s 76;
    %ix/load 4, 9, 0;
    %flag_set/imm 4, 0;
    %load/vec4a v00000284b7b8f5a0, 4;
    %pad/s 76;
    %add;
    %ix/load 4, 10, 0;
    %flag_set/imm 4, 0;
    %load/vec4a v00000284b7b8f5a0, 4;
    %pad/s 76;
    %add;
    %ix/load 4, 11, 0;
    %flag_set/imm 4, 0;
    %load/vec4a v00000284b7b8f5a0, 4;
    %pad/s 76;
    %add;
    %ix/load 4, 12, 0;
    %flag_set/imm 4, 0;
    %load/vec4a v00000284b7b8f5a0, 4;
    %pad/s 76;
    %add;
    %ix/load 4, 13, 0;
    %flag_set/imm 4, 0;
    %load/vec4a v00000284b7b8f5a0, 4;
    %pad/s 76;
    %add;
    %ix/load 4, 14, 0;
    %flag_set/imm 4, 0;
    %load/vec4a v00000284b7b8f5a0, 4;
    %pad/s 76;
    %add;
    %ix/load 4, 15, 0;
    %flag_set/imm 4, 0;
    %load/vec4a v00000284b7b8f5a0, 4;
    %pad/s 76;
    %add;
    %ix/load 3, 1, 0;
    %flag_set/imm 4, 0;
    %ix/load 4, 0, 0; Constant delay
    %assign/vec4/a/d v00000284b7b8ed80, 0, 4;
    %ix/load 4, 16, 0;
    %flag_set/imm 4, 0;
    %load/vec4a v00000284b7b8f5a0, 4;
    %pad/s 76;
    %ix/load 4, 17, 0;
    %flag_set/imm 4, 0;
    %load/vec4a v00000284b7b8f5a0, 4;
    %pad/s 76;
    %add;
    %ix/load 4, 18, 0;
    %flag_set/imm 4, 0;
    %load/vec4a v00000284b7b8f5a0, 4;
    %pad/s 76;
    %add;
    %ix/load 4, 19, 0;
    %flag_set/imm 4, 0;
    %load/vec4a v00000284b7b8f5a0, 4;
    %pad/s 76;
    %add;
    %ix/load 4, 20, 0;
    %flag_set/imm 4, 0;
    %load/vec4a v00000284b7b8f5a0, 4;
    %pad/s 76;
    %add;
    %ix/load 4, 21, 0;
    %flag_set/imm 4, 0;
    %load/vec4a v00000284b7b8f5a0, 4;
    %pad/s 76;
    %add;
    %ix/load 4, 22, 0;
    %flag_set/imm 4, 0;
    %load/vec4a v00000284b7b8f5a0, 4;
    %pad/s 76;
    %add;
    %ix/load 4, 23, 0;
    %flag_set/imm 4, 0;
    %load/vec4a v00000284b7b8f5a0, 4;
    %pad/s 76;
    %add;
    %ix/load 3, 2, 0;
    %flag_set/imm 4, 0;
    %ix/load 4, 0, 0; Constant delay
    %assign/vec4/a/d v00000284b7b8ed80, 0, 4;
    %ix/load 4, 24, 0;
    %flag_set/imm 4, 0;
    %load/vec4a v00000284b7b8f5a0, 4;
    %pad/s 76;
    %ix/load 4, 25, 0;
    %flag_set/imm 4, 0;
    %load/vec4a v00000284b7b8f5a0, 4;
    %pad/s 76;
    %add;
    %ix/load 4, 26, 0;
    %flag_set/imm 4, 0;
    %load/vec4a v00000284b7b8f5a0, 4;
    %pad/s 76;
    %add;
    %ix/load 4, 27, 0;
    %flag_set/imm 4, 0;
    %load/vec4a v00000284b7b8f5a0, 4;
    %pad/s 76;
    %add;
    %ix/load 4, 28, 0;
    %flag_set/imm 4, 0;
    %load/vec4a v00000284b7b8f5a0, 4;
    %pad/s 76;
    %add;
    %ix/load 4, 29, 0;
    %flag_set/imm 4, 0;
    %load/vec4a v00000284b7b8f5a0, 4;
    %pad/s 76;
    %add;
    %ix/load 4, 30, 0;
    %flag_set/imm 4, 0;
    %load/vec4a v00000284b7b8f5a0, 4;
    %pad/s 76;
    %add;
    %ix/load 4, 31, 0;
    %flag_set/imm 4, 0;
    %load/vec4a v00000284b7b8f5a0, 4;
    %pad/s 76;
    %add;
    %ix/load 3, 3, 0;
    %flag_set/imm 4, 0;
    %ix/load 4, 0, 0; Constant delay
    %assign/vec4/a/d v00000284b7b8ed80, 0, 4;
    %jmp T_10;
    .thread T_10;
    .scope S_00000284b7ab0b50;
T_11 ;
    %wait E_00000284b7b190b0;
    %load/vec4 v00000284b7b8f1e0_0;
    %nor/r;
    %flag_set/vec4 8;
    %jmp/0xz  T_11.0, 8;
    %pushi/vec4 0, 0, 48;
    %assign/vec4 v00000284b7b8dde0_0, 0;
    %pushi/vec4 0, 0, 48;
    %assign/vec4 v00000284b7b8e7e0_0, 0;
    %pushi/vec4 0, 0, 48;
    %assign/vec4 v00000284b7b8de80_0, 0;
    %pushi/vec4 0, 0, 48;
    %assign/vec4 v00000284b7b8e740_0, 0;
    %jmp T_11.1;
T_11.0 ;
    %ix/load 4, 0, 0;
    %flag_set/imm 4, 0;
    %load/vec4a v00000284b7b8ed80, 4;
    %parti/s 48, 23, 6;
    %assign/vec4 v00000284b7b8dde0_0, 0;
    %ix/load 4, 1, 0;
    %flag_set/imm 4, 0;
    %load/vec4a v00000284b7b8ed80, 4;
    %parti/s 48, 23, 6;
    %assign/vec4 v00000284b7b8e7e0_0, 0;
    %ix/load 4, 2, 0;
    %flag_set/imm 4, 0;
    %load/vec4a v00000284b7b8ed80, 4;
    %parti/s 48, 23, 6;
    %assign/vec4 v00000284b7b8de80_0, 0;
    %ix/load 4, 3, 0;
    %flag_set/imm 4, 0;
    %load/vec4a v00000284b7b8ed80, 4;
    %parti/s 48, 23, 6;
    %assign/vec4 v00000284b7b8e740_0, 0;
T_11.1 ;
    %jmp T_11;
    .thread T_11;
    .scope S_00000284b7b1d530;
T_12 ;
    %delay 5000, 0;
    %load/vec4 v00000284b7b8f460_0;
    %inv;
    %store/vec4 v00000284b7b8f460_0, 0, 1;
    %jmp T_12;
    .thread T_12;
    .scope S_00000284b7b1d530;
T_13 ;
    %pushi/vec4 0, 0, 1;
    %store/vec4 v00000284b7b8f460_0, 0, 1;
    %pushi/vec4 0, 0, 1;
    %store/vec4 v00000284b7b8eba0_0, 0, 1;
    %pushi/vec4 0, 0, 1;
    %store/vec4 v00000284b7b8e880_0, 0, 1;
    %vpi_call 2 88 "$display", "Starting Decompose L1/L2 Testbench..." {0 0 0};
    %pushi/vec4 0, 0, 32;
    %store/vec4 v00000284b7b8e920_0, 0, 32;
T_13.0 ;
    %load/vec4 v00000284b7b8e920_0;
    %cmpi/s 16, 0, 32;
    %jmp/0xz T_13.1, 5;
    %pushi/vec4 0, 0, 16;
    %ix/getv/s 4, v00000284b7b8e920_0;
    %store/vec4a v00000284b7b8df20, 4, 0;
    %load/vec4 v00000284b7b8e920_0;
    %addi 1, 0, 32;
    %store/vec4 v00000284b7b8e920_0, 0, 32;
    %jmp T_13.0;
T_13.1 ;
    %vpi_func 2 91 "$fopen" 32, "D:/project/zu9_modifield+pulse_iir/PL/FMC_FH8052_zu9/FMC_FH8052.srcs/sources_1/imports/src/simulation/x_input.txt", "r" {0 0 0};
    %store/vec4 v00000284b7b8f640_0, 0, 32;
    %load/vec4 v00000284b7b8f640_0;
    %cmpi/e 0, 0, 32;
    %jmp/0xz  T_13.2, 4;
    %vpi_call 2 93 "$display", "ERROR: Cannot open x_input.txt" {0 0 0};
    %vpi_call 2 94 "$finish" {0 0 0};
T_13.2 ;
    %delay 100000, 0;
    %pushi/vec4 1, 0, 1;
    %store/vec4 v00000284b7b8eba0_0, 0, 1;
T_13.4 ;
    %vpi_func 2 100 "$feof" 32, v00000284b7b8f640_0 {0 0 0};
    %nor/r;
    %flag_set/vec4 8;
    %jmp/0xz T_13.5, 8;
    %wait E_00000284b7b19270;
    %delay 0, 0;
    %vpi_func 2 103 "$fscanf" 32, v00000284b7b8f640_0, "%h,%h,%h,%h,%h,%h,%h,%h,%h,%h,%h,%h,%h,%h,%h,%h\012", &A<v00000284b7b8df20, 0>, &A<v00000284b7b8df20, 1>, &A<v00000284b7b8df20, 2>, &A<v00000284b7b8df20, 3>, &A<v00000284b7b8df20, 4>, &A<v00000284b7b8df20, 5>, &A<v00000284b7b8df20, 6>, &A<v00000284b7b8df20, 7>, &A<v00000284b7b8df20, 8>, &A<v00000284b7b8df20, 9>, &A<v00000284b7b8df20, 10>, &A<v00000284b7b8df20, 11>, &A<v00000284b7b8df20, 12>, &A<v00000284b7b8df20, 13>, &A<v00000284b7b8df20, 14>, &A<v00000284b7b8df20, 15> {0 0 0};
    %store/vec4 v00000284b7b8ec40_0, 0, 32;
    %load/vec4 v00000284b7b8ec40_0;
    %cmpi/e 16, 0, 32;
    %jmp/0xz  T_13.6, 4;
    %pushi/vec4 1, 0, 1;
    %store/vec4 v00000284b7b8e880_0, 0, 1;
    %jmp T_13.7;
T_13.6 ;
    %vpi_call 2 113 "$display", "ERROR: fscanf failed to read 16 values" {0 0 0};
    %pushi/vec4 0, 0, 1;
    %store/vec4 v00000284b7b8e880_0, 0, 1;
    %delay 100000, 0;
    %vpi_call 2 116 "$finish" {0 0 0};
T_13.7 ;
    %delay 1000, 0;
    %jmp T_13.4;
T_13.5 ;
    %wait E_00000284b7b19270;
    %pushi/vec4 0, 0, 1;
    %store/vec4 v00000284b7b8e880_0, 0, 1;
    %delay 200000, 0;
    %vpi_call 2 125 "$fclose", v00000284b7b8f640_0 {0 0 0};
    %vpi_call 2 126 "$finish" {0 0 0};
    %end;
    .thread T_13;
    .scope S_00000284b7b1d530;
T_14 ;
    %vpi_func 2 133 "$fopen" 32, "D:/project/zu9_modifield+pulse_iir/PL/FMC_FH8052_zu9/FMC_FH8052.srcs/sources_1/imports/src/simulation/a2_output.txt", "w" {0 0 0};
    %store/vec4 v00000284b7b8eb00_0, 0, 32;
    %end;
    .thread T_14;
    .scope S_00000284b7b1d530;
T_15 ;
    %wait E_00000284b7b19270;
    %load/vec4 v00000284b7b8dfc0_0;
    %flag_set/vec4 8;
    %jmp/0xz  T_15.0, 8;
    %vpi_call 2 137 "$fdisplay", v00000284b7b8eb00_0, "%h,%h,%h,%h", v00000284b7b8eec0_0, v00000284b7b8eec0_1, v00000284b7b8eec0_2, v00000284b7b8eec0_3 {0 0 0};
T_15.0 ;
    %jmp T_15;
    .thread T_15;
    .scope S_00000284b7b1d530;
T_16 ;
    %vpi_call 2 143 "$dumpfile", "waveform/tb_decompose_L12.vcd" {0 0 0};
    %vpi_call 2 144 "$dumpvars", 32'sb00000000000000000000000000000000, S_00000284b7b1d530 {0 0 0};
    %end;
    .thread T_16;
# The file index is used to find the file name in the following table.
:file_names 5;
    "N/A";
    "<interactive>";
    "tb_decompose_L12.v";
    "./../baseLine/decompose_L1.v";
    "./../baseLine/decompose_L2.v";
