#! /c/Source/iverilog-install/bin/vvp
:ivl_version "12.0 (devel)" "(s20150603-1539-g2693dd32b)";
:ivl_delay_selection "TYPICAL";
:vpi_time_precision - 12;
:vpi_module "F:\iverilog\iverilog\lib\ivl\system.vpi";
:vpi_module "F:\iverilog\iverilog\lib\ivl\vhdl_sys.vpi";
:vpi_module "F:\iverilog\iverilog\lib\ivl\vhdl_textio.vpi";
:vpi_module "F:\iverilog\iverilog\lib\ivl\v2005_math.vpi";
:vpi_module "F:\iverilog\iverilog\lib\ivl\va_math.vpi";
S_000001e4eb784570 .scope module, "tb_decompose_L14" "tb_decompose_L14" 2 11;
 .timescale -9 -12;
P_000001e4eb86fc60 .param/l "COEF_WIDTH" 0 2 14, +C4<00000000000000000000000000011001>;
P_000001e4eb86fc98 .param/l "DATA_WIDTH" 0 2 13, +C4<00000000000000000000000000010000>;
P_000001e4eb86fcd0 .param/l "DEC_H0" 0 2 44, C4<1111101100100110101001111>;
P_000001e4eb86fd08 .param/l "DEC_H1" 0 2 45, C4<1111111000011010011100111>;
P_000001e4eb86fd40 .param/l "DEC_H2" 0 2 46, C4<0001111111011000111111000>;
P_000001e4eb86fd78 .param/l "DEC_H3" 0 2 47, C4<0011001101110000011101001>;
P_000001e4eb86fdb0 .param/l "DEC_H4" 0 2 48, C4<0001001100010000000110100>;
P_000001e4eb86fde8 .param/l "DEC_H5" 0 2 49, C4<1111100110100110011000110>;
P_000001e4eb86fe20 .param/l "DEC_H6" 0 2 50, C4<1111111100110001011111110>;
P_000001e4eb86fe58 .param/l "DEC_H7" 0 2 51, C4<0000001000001111111100011>;
P_000001e4eb86fe90 .param/l "INTERNAL_WIDTH" 0 2 15, +C4<00000000000000000000000000110000>;
P_000001e4eb86fec8 .param/l "T" 0 2 16, +C4<00000000000000000000000000001010>;
v000001e4eb87f340 .array "a1_bus", 7 0;
v000001e4eb87f340_0 .net/s v000001e4eb87f340 0, 47 0, v000001e4eb8a6e40_0; 1 drivers
v000001e4eb87f340_1 .net/s v000001e4eb87f340 1, 47 0, v000001e4eb8a66c0_0; 1 drivers
v000001e4eb87f340_2 .net/s v000001e4eb87f340 2, 47 0, v000001e4eb8a7c00_0; 1 drivers
v000001e4eb87f340_3 .net/s v000001e4eb87f340 3, 47 0, v000001e4eb8a8380_0; 1 drivers
v000001e4eb87f340_4 .net/s v000001e4eb87f340 4, 47 0, v000001e4eb8a70c0_0; 1 drivers
v000001e4eb87f340_5 .net/s v000001e4eb87f340 5, 47 0, v000001e4eb8a72a0_0; 1 drivers
v000001e4eb87f340_6 .net/s v000001e4eb87f340 6, 47 0, v000001e4eb8a6da0_0; 1 drivers
v000001e4eb87f340_7 .net/s v000001e4eb87f340 7, 47 0, v000001e4eb8a81a0_0; 1 drivers
v000001e4eb87fc00 .array "a2_bus", 3 0;
v000001e4eb87fc00_0 .net/s v000001e4eb87fc00 0, 47 0, v000001e4eb8a73e0_0; 1 drivers
v000001e4eb87fc00_1 .net/s v000001e4eb87fc00 1, 47 0, v000001e4eb8a7480_0; 1 drivers
v000001e4eb87fc00_2 .net/s v000001e4eb87fc00 2, 47 0, v000001e4eb8a7660_0; 1 drivers
v000001e4eb87fc00_3 .net/s v000001e4eb87fc00 3, 47 0, v000001e4eb8a7840_0; 1 drivers
v000001e4eb8806a0 .array "a3_bus", 1 0;
v000001e4eb8806a0_0 .net/s v000001e4eb8806a0 0, 47 0, v000001e4eb87a580_0; 1 drivers
v000001e4eb8806a0_1 .net/s v000001e4eb8806a0 1, 47 0, v000001e4eb87a620_0; 1 drivers
v000001e4eb87fca0 .array "a4_bus", 0 0;
v000001e4eb87fca0_0 .net/s v000001e4eb87fca0 0, 47 0, v000001e4eb880240_0; 1 drivers
v000001e4eb87ef80_0 .var "clk", 0 0;
v000001e4eb880740 .array/s "din", 15 0, 15 0;
v000001e4eb87f160_0 .var "din_valid", 0 0;
v000001e4eb87fd40_0 .var/i "file_handle", 31 0;
v000001e4eb87ee40_0 .var/i "i", 31 0;
v000001e4eb8804c0_0 .net "l1_dout_valid", 0 0, v000001e4eb8a6580_0;  1 drivers
v000001e4eb87ffc0_0 .net "l2_dout_valid", 0 0, v000001e4eb87b2a0_0;  1 drivers
v000001e4eb880060_0 .net "l3_dout_valid", 0 0, v000001e4eb87ada0_0;  1 drivers
v000001e4eb87f7a0_0 .net "l4_dout_valid", 0 0, v000001e4eb87e940_0;  1 drivers
v000001e4eb87f8e0_0 .var/i "out_file", 31 0;
v000001e4eb880100_0 .var "rst_n", 0 0;
v000001e4eb87f2a0_0 .var/i "scan_ret", 31 0;
S_000001e4eb817500 .scope module, "u_L1" "decompose_L1" 2 62, 3 20 0, S_000001e4eb784570;
 .timescale -9 -12;
    .port_info 0 /INPUT 1 "clk";
    .port_info 1 /INPUT 1 "rst_n";
    .port_info 2 /INPUT 1 "din_valid";
    .port_info 3 /INPUT 16 "din_0";
    .port_info 4 /INPUT 16 "din_1";
    .port_info 5 /INPUT 16 "din_2";
    .port_info 6 /INPUT 16 "din_3";
    .port_info 7 /INPUT 16 "din_4";
    .port_info 8 /INPUT 16 "din_5";
    .port_info 9 /INPUT 16 "din_6";
    .port_info 10 /INPUT 16 "din_7";
    .port_info 11 /INPUT 16 "din_8";
    .port_info 12 /INPUT 16 "din_9";
    .port_info 13 /INPUT 16 "din_10";
    .port_info 14 /INPUT 16 "din_11";
    .port_info 15 /INPUT 16 "din_12";
    .port_info 16 /INPUT 16 "din_13";
    .port_info 17 /INPUT 16 "din_14";
    .port_info 18 /INPUT 16 "din_15";
    .port_info 19 /OUTPUT 1 "dout_valid";
    .port_info 20 /OUTPUT 48 "a1_0";
    .port_info 21 /OUTPUT 48 "a1_1";
    .port_info 22 /OUTPUT 48 "a1_2";
    .port_info 23 /OUTPUT 48 "a1_3";
    .port_info 24 /OUTPUT 48 "a1_4";
    .port_info 25 /OUTPUT 48 "a1_5";
    .port_info 26 /OUTPUT 48 "a1_6";
    .port_info 27 /OUTPUT 48 "a1_7";
P_000001e4eb817690 .param/l "COEF_FRAC" 0 3 24, +C4<00000000000000000000000000010111>;
P_000001e4eb8176c8 .param/l "COEF_WIDTH" 0 3 22, +C4<00000000000000000000000000011001>;
P_000001e4eb817700 .param/l "DATA_WIDTH" 0 3 21, +C4<00000000000000000000000000010000>;
P_000001e4eb817738 .param/l "DEC_H0" 0 3 27, +C4<1111101100100110101001111>;
P_000001e4eb817770 .param/l "DEC_H1" 0 3 28, +C4<1111111000011010011100111>;
P_000001e4eb8177a8 .param/l "DEC_H2" 0 3 29, +C4<0001111111011000111111000>;
P_000001e4eb8177e0 .param/l "DEC_H3" 0 3 30, +C4<0011001101110000011101001>;
P_000001e4eb817818 .param/l "DEC_H4" 0 3 31, +C4<0001001100010000000110100>;
P_000001e4eb817850 .param/l "DEC_H5" 0 3 32, +C4<1111100110100110011000110>;
P_000001e4eb817888 .param/l "DEC_H6" 0 3 33, +C4<1111111100110001011111110>;
P_000001e4eb8178c0 .param/l "DEC_H7" 0 3 34, +C4<0000001000001111111100011>;
P_000001e4eb8178f8 .param/l "INTERNAL_WIDTH" 0 3 23, +C4<00000000000000000000000000110000>;
P_000001e4eb817930 .param/l "MULT_WIDTH" 1 3 125, +C4<000000000000000000000000000101001>;
v000001e4eb8a6e40_0 .var/s "a1_0", 47 0;
v000001e4eb8a66c0_0 .var/s "a1_1", 47 0;
v000001e4eb8a7c00_0 .var/s "a1_2", 47 0;
v000001e4eb8a8380_0 .var/s "a1_3", 47 0;
v000001e4eb8a70c0_0 .var/s "a1_4", 47 0;
v000001e4eb8a72a0_0 .var/s "a1_5", 47 0;
v000001e4eb8a6da0_0 .var/s "a1_6", 47 0;
v000001e4eb8a81a0_0 .var/s "a1_7", 47 0;
v000001e4eb8a7020_0 .net "clk", 0 0, v000001e4eb87ef80_0;  1 drivers
v000001e4eb880740_0 .array/port v000001e4eb880740, 0;
v000001e4eb8a8060_0 .net/s "din_0", 15 0, v000001e4eb880740_0;  1 drivers
v000001e4eb880740_1 .array/port v000001e4eb880740, 1;
v000001e4eb8a6a80_0 .net/s "din_1", 15 0, v000001e4eb880740_1;  1 drivers
v000001e4eb880740_10 .array/port v000001e4eb880740, 10;
v000001e4eb8a7f20_0 .net/s "din_10", 15 0, v000001e4eb880740_10;  1 drivers
v000001e4eb880740_11 .array/port v000001e4eb880740, 11;
v000001e4eb8a6b20_0 .net/s "din_11", 15 0, v000001e4eb880740_11;  1 drivers
v000001e4eb880740_12 .array/port v000001e4eb880740, 12;
v000001e4eb8a7ca0_0 .net/s "din_12", 15 0, v000001e4eb880740_12;  1 drivers
v000001e4eb880740_13 .array/port v000001e4eb880740, 13;
v000001e4eb8a6d00_0 .net/s "din_13", 15 0, v000001e4eb880740_13;  1 drivers
v000001e4eb880740_14 .array/port v000001e4eb880740, 14;
v000001e4eb8a7520_0 .net/s "din_14", 15 0, v000001e4eb880740_14;  1 drivers
v000001e4eb880740_15 .array/port v000001e4eb880740, 15;
v000001e4eb8a7160_0 .net/s "din_15", 15 0, v000001e4eb880740_15;  1 drivers
v000001e4eb880740_2 .array/port v000001e4eb880740, 2;
v000001e4eb8a7fc0_0 .net/s "din_2", 15 0, v000001e4eb880740_2;  1 drivers
v000001e4eb880740_3 .array/port v000001e4eb880740, 3;
v000001e4eb8a8100_0 .net/s "din_3", 15 0, v000001e4eb880740_3;  1 drivers
v000001e4eb880740_4 .array/port v000001e4eb880740, 4;
v000001e4eb8a6bc0_0 .net/s "din_4", 15 0, v000001e4eb880740_4;  1 drivers
v000001e4eb880740_5 .array/port v000001e4eb880740, 5;
v000001e4eb8a7d40_0 .net/s "din_5", 15 0, v000001e4eb880740_5;  1 drivers
v000001e4eb880740_6 .array/port v000001e4eb880740, 6;
v000001e4eb8a6ee0_0 .net/s "din_6", 15 0, v000001e4eb880740_6;  1 drivers
v000001e4eb880740_7 .array/port v000001e4eb880740, 7;
v000001e4eb8a75c0_0 .net/s "din_7", 15 0, v000001e4eb880740_7;  1 drivers
v000001e4eb880740_8 .array/port v000001e4eb880740, 8;
v000001e4eb8a7200_0 .net/s "din_8", 15 0, v000001e4eb880740_8;  1 drivers
v000001e4eb880740_9 .array/port v000001e4eb880740, 9;
v000001e4eb8a8240_0 .net/s "din_9", 15 0, v000001e4eb880740_9;  1 drivers
v000001e4eb8a7ac0_0 .net "din_valid", 0 0, v000001e4eb87f160_0;  1 drivers
v000001e4eb8a6580_0 .var "dout_valid", 0 0;
v000001e4eb8a82e0_0 .var "has_data", 0 0;
v000001e4eb8a7340 .array/s "mult_s1", 63 0, 40 0;
v000001e4eb8a6c60_0 .net "rst_n", 0 0, v000001e4eb880100_0;  1 drivers
v000001e4eb8a7700 .array/s "sum_s2", 7 0, 47 0;
v000001e4eb8a7de0_0 .var "valid_s1", 0 0;
v000001e4eb8a7e80_0 .var "valid_s2", 0 0;
v000001e4eb8a8420 .array/s "x_hist", 6 0, 15 0;
E_000001e4eb86e520/0 .event negedge, v000001e4eb8a6c60_0;
E_000001e4eb86e520/1 .event posedge, v000001e4eb8a7020_0;
E_000001e4eb86e520 .event/or E_000001e4eb86e520/0, E_000001e4eb86e520/1;
E_000001e4eb86e6e0 .event posedge, v000001e4eb8a7020_0;
S_000001e4eb7c0b50 .scope module, "u_L2" "decompose_L2" 2 83, 4 17 0, S_000001e4eb784570;
 .timescale -9 -12;
    .port_info 0 /INPUT 1 "clk";
    .port_info 1 /INPUT 1 "rst_n";
    .port_info 2 /INPUT 1 "din_valid";
    .port_info 3 /INPUT 48 "a1_0";
    .port_info 4 /INPUT 48 "a1_1";
    .port_info 5 /INPUT 48 "a1_2";
    .port_info 6 /INPUT 48 "a1_3";
    .port_info 7 /INPUT 48 "a1_4";
    .port_info 8 /INPUT 48 "a1_5";
    .port_info 9 /INPUT 48 "a1_6";
    .port_info 10 /INPUT 48 "a1_7";
    .port_info 11 /OUTPUT 1 "dout_valid";
    .port_info 12 /OUTPUT 48 "a2_0";
    .port_info 13 /OUTPUT 48 "a2_1";
    .port_info 14 /OUTPUT 48 "a2_2";
    .port_info 15 /OUTPUT 48 "a2_3";
P_000001e4eb7c0ce0 .param/l "COEF_FRAC" 0 4 20, +C4<00000000000000000000000000010111>;
P_000001e4eb7c0d18 .param/l "COEF_WIDTH" 0 4 19, +C4<00000000000000000000000000011001>;
P_000001e4eb7c0d50 .param/l "DEC_H0" 0 4 23, +C4<1111101100100110101001111>;
P_000001e4eb7c0d88 .param/l "DEC_H1" 0 4 24, +C4<1111111000011010011100111>;
P_000001e4eb7c0dc0 .param/l "DEC_H2" 0 4 25, +C4<0001111111011000111111000>;
P_000001e4eb7c0df8 .param/l "DEC_H3" 0 4 26, +C4<0011001101110000011101001>;
P_000001e4eb7c0e30 .param/l "DEC_H4" 0 4 27, +C4<0001001100010000000110100>;
P_000001e4eb7c0e68 .param/l "DEC_H5" 0 4 28, +C4<1111100110100110011000110>;
P_000001e4eb7c0ea0 .param/l "DEC_H6" 0 4 29, +C4<1111111100110001011111110>;
P_000001e4eb7c0ed8 .param/l "DEC_H7" 0 4 30, +C4<0000001000001111111100011>;
P_000001e4eb7c0f10 .param/l "INTERNAL_WIDTH" 0 4 18, +C4<00000000000000000000000000110000>;
P_000001e4eb7c0f48 .param/l "MULT_WIDTH" 1 4 110, +C4<000000000000000000000000001001001>;
v000001e4eb8a6620_0 .net/s "a1_0", 47 0, v000001e4eb8a6e40_0;  alias, 1 drivers
v000001e4eb8a7980_0 .net/s "a1_1", 47 0, v000001e4eb8a66c0_0;  alias, 1 drivers
v000001e4eb8a6760_0 .net/s "a1_2", 47 0, v000001e4eb8a7c00_0;  alias, 1 drivers
v000001e4eb8a6800_0 .net/s "a1_3", 47 0, v000001e4eb8a8380_0;  alias, 1 drivers
v000001e4eb8a77a0_0 .net/s "a1_4", 47 0, v000001e4eb8a70c0_0;  alias, 1 drivers
v000001e4eb8a68a0_0 .net/s "a1_5", 47 0, v000001e4eb8a72a0_0;  alias, 1 drivers
v000001e4eb8a6940_0 .net/s "a1_6", 47 0, v000001e4eb8a6da0_0;  alias, 1 drivers
v000001e4eb8a69e0_0 .net/s "a1_7", 47 0, v000001e4eb8a81a0_0;  alias, 1 drivers
v000001e4eb8a6f80 .array/s "a1_hist", 6 0, 47 0;
v000001e4eb8a73e0_0 .var/s "a2_0", 47 0;
v000001e4eb8a7480_0 .var/s "a2_1", 47 0;
v000001e4eb8a7660_0 .var/s "a2_2", 47 0;
v000001e4eb8a7840_0 .var/s "a2_3", 47 0;
v000001e4eb8a78e0_0 .net "clk", 0 0, v000001e4eb87ef80_0;  alias, 1 drivers
v000001e4eb8a7a20_0 .net "din_valid", 0 0, v000001e4eb8a6580_0;  alias, 1 drivers
v000001e4eb87b2a0_0 .var "dout_valid", 0 0;
v000001e4eb87aee0_0 .var "has_data", 0 0;
v000001e4eb87ac60 .array/s "mult_s1", 31 0, 72 0;
v000001e4eb87b020_0 .net "rst_n", 0 0, v000001e4eb880100_0;  alias, 1 drivers
v000001e4eb87b160 .array/s "sum_s2", 3 0, 75 0;
v000001e4eb87a9e0_0 .var "valid_s1", 0 0;
v000001e4eb87a760_0 .var "valid_s2", 0 0;
S_000001e4eb752890 .scope module, "u_L3" "decompose_L3" 2 101, 5 16 0, S_000001e4eb784570;
 .timescale -9 -12;
    .port_info 0 /INPUT 1 "clk";
    .port_info 1 /INPUT 1 "rst_n";
    .port_info 2 /INPUT 1 "din_valid";
    .port_info 3 /INPUT 48 "a2_0";
    .port_info 4 /INPUT 48 "a2_1";
    .port_info 5 /INPUT 48 "a2_2";
    .port_info 6 /INPUT 48 "a2_3";
    .port_info 7 /OUTPUT 1 "dout_valid";
    .port_info 8 /OUTPUT 48 "a3_0";
    .port_info 9 /OUTPUT 48 "a3_1";
P_000001e4eb752a20 .param/l "COEF_FRAC" 0 5 19, +C4<00000000000000000000000000010111>;
P_000001e4eb752a58 .param/l "COEF_WIDTH" 0 5 18, +C4<00000000000000000000000000011001>;
P_000001e4eb752a90 .param/l "DEC_H0" 0 5 22, +C4<1111101100100110101001111>;
P_000001e4eb752ac8 .param/l "DEC_H1" 0 5 23, +C4<1111111000011010011100111>;
P_000001e4eb752b00 .param/l "DEC_H2" 0 5 24, +C4<0001111111011000111111000>;
P_000001e4eb752b38 .param/l "DEC_H3" 0 5 25, +C4<0011001101110000011101001>;
P_000001e4eb752b70 .param/l "DEC_H4" 0 5 26, +C4<0001001100010000000110100>;
P_000001e4eb752ba8 .param/l "DEC_H5" 0 5 27, +C4<1111100110100110011000110>;
P_000001e4eb752be0 .param/l "DEC_H6" 0 5 28, +C4<1111111100110001011111110>;
P_000001e4eb752c18 .param/l "DEC_H7" 0 5 29, +C4<0000001000001111111100011>;
P_000001e4eb752c50 .param/l "INTERNAL_WIDTH" 0 5 17, +C4<00000000000000000000000000110000>;
P_000001e4eb752c88 .param/l "MULT_WIDTH" 1 5 105, +C4<000000000000000000000000001001001>;
v000001e4eb87a800_0 .array/port v000001e4eb87a800, 0;
L_000001e4eb777520 .functor BUFZ 48, v000001e4eb87a800_0, C4<000000000000000000000000000000000000000000000000>, C4<000000000000000000000000000000000000000000000000>, C4<000000000000000000000000000000000000000000000000>;
v000001e4eb87a800_1 .array/port v000001e4eb87a800, 1;
L_000001e4eb777c90 .functor BUFZ 48, v000001e4eb87a800_1, C4<000000000000000000000000000000000000000000000000>, C4<000000000000000000000000000000000000000000000000>, C4<000000000000000000000000000000000000000000000000>;
v000001e4eb87a800_2 .array/port v000001e4eb87a800, 2;
L_000001e4eb7774b0 .functor BUFZ 48, v000001e4eb87a800_2, C4<000000000000000000000000000000000000000000000000>, C4<000000000000000000000000000000000000000000000000>, C4<000000000000000000000000000000000000000000000000>;
v000001e4eb87a800_3 .array/port v000001e4eb87a800, 3;
L_000001e4eb777360 .functor BUFZ 48, v000001e4eb87a800_3, C4<000000000000000000000000000000000000000000000000>, C4<000000000000000000000000000000000000000000000000>, C4<000000000000000000000000000000000000000000000000>;
v000001e4eb87b340_0 .array/port v000001e4eb87b340, 0;
L_000001e4eb777ec0 .functor BUFZ 48, v000001e4eb87b340_0, C4<000000000000000000000000000000000000000000000000>, C4<000000000000000000000000000000000000000000000000>, C4<000000000000000000000000000000000000000000000000>;
v000001e4eb87b340_1 .array/port v000001e4eb87b340, 1;
L_000001e4eb777e50 .functor BUFZ 48, v000001e4eb87b340_1, C4<000000000000000000000000000000000000000000000000>, C4<000000000000000000000000000000000000000000000000>, C4<000000000000000000000000000000000000000000000000>;
v000001e4eb87b340_2 .array/port v000001e4eb87b340, 2;
L_000001e4eb778080 .functor BUFZ 48, v000001e4eb87b340_2, C4<000000000000000000000000000000000000000000000000>, C4<000000000000000000000000000000000000000000000000>, C4<000000000000000000000000000000000000000000000000>;
v000001e4eb87ab20_0 .net/s "a2_0", 47 0, v000001e4eb8a73e0_0;  alias, 1 drivers
v000001e4eb87a8a0_0 .net/s "a2_1", 47 0, v000001e4eb8a7480_0;  alias, 1 drivers
v000001e4eb87aa80_0 .net/s "a2_2", 47 0, v000001e4eb8a7660_0;  alias, 1 drivers
v000001e4eb87abc0_0 .net/s "a2_3", 47 0, v000001e4eb8a7840_0;  alias, 1 drivers
v000001e4eb87a800 .array/s "a2_hist_1", 3 0, 47 0;
v000001e4eb87b340 .array/s "a2_hist_2", 3 0, 47 0;
v000001e4eb87b200_0 .net/s "a2_m1", 47 0, L_000001e4eb777520;  1 drivers
v000001e4eb87ae40_0 .net/s "a2_m2", 47 0, L_000001e4eb777c90;  1 drivers
v000001e4eb87af80_0 .net/s "a2_m3", 47 0, L_000001e4eb7774b0;  1 drivers
v000001e4eb87a440_0 .net/s "a2_m4", 47 0, L_000001e4eb777360;  1 drivers
v000001e4eb87ad00_0 .net/s "a2_m5", 47 0, L_000001e4eb777ec0;  1 drivers
v000001e4eb87a4e0_0 .net/s "a2_m6", 47 0, L_000001e4eb777e50;  1 drivers
v000001e4eb87b0c0_0 .net/s "a2_m7", 47 0, L_000001e4eb778080;  1 drivers
v000001e4eb87a580_0 .var/s "a3_0", 47 0;
v000001e4eb87a620_0 .var/s "a3_1", 47 0;
v000001e4eb87a6c0_0 .net "clk", 0 0, v000001e4eb87ef80_0;  alias, 1 drivers
v000001e4eb87a940_0 .net "din_valid", 0 0, v000001e4eb87b2a0_0;  alias, 1 drivers
v000001e4eb87ada0_0 .var "dout_valid", 0 0;
v000001e4eb87eda0_0 .var "has_data", 1 0;
v000001e4eb87fde0 .array/s "mult_s1", 15 0, 72 0;
v000001e4eb8801a0_0 .net "rst_n", 0 0, v000001e4eb880100_0;  alias, 1 drivers
v000001e4eb87f200 .array/s "sum_s2", 1 0, 75 0;
v000001e4eb87f980_0 .var "valid_s1", 0 0;
v000001e4eb8802e0_0 .var "valid_s2", 0 0;
S_000001e4eb8a8a20 .scope module, "u_L4" "decompose_L4" 2 124, 6 16 0, S_000001e4eb784570;
 .timescale -9 -12;
    .port_info 0 /INPUT 1 "clk";
    .port_info 1 /INPUT 1 "rst_n";
    .port_info 2 /INPUT 1 "din_valid";
    .port_info 3 /INPUT 48 "a3_0";
    .port_info 4 /INPUT 48 "a3_1";
    .port_info 5 /OUTPUT 1 "dout_valid";
    .port_info 6 /OUTPUT 48 "a4_0";
P_000001e4eb8a8bb0 .param/l "COEF_FRAC" 0 6 19, +C4<00000000000000000000000000010111>;
P_000001e4eb8a8be8 .param/l "COEF_WIDTH" 0 6 18, +C4<00000000000000000000000000011001>;
P_000001e4eb8a8c20 .param/l "DEC_H0" 0 6 22, +C4<1111101100100110101001111>;
P_000001e4eb8a8c58 .param/l "DEC_H1" 0 6 23, +C4<1111111000011010011100111>;
P_000001e4eb8a8c90 .param/l "DEC_H2" 0 6 24, +C4<0001111111011000111111000>;
P_000001e4eb8a8cc8 .param/l "DEC_H3" 0 6 25, +C4<0011001101110000011101001>;
P_000001e4eb8a8d00 .param/l "DEC_H4" 0 6 26, +C4<0001001100010000000110100>;
P_000001e4eb8a8d38 .param/l "DEC_H5" 0 6 27, +C4<1111100110100110011000110>;
P_000001e4eb8a8d70 .param/l "DEC_H6" 0 6 28, +C4<1111111100110001011111110>;
P_000001e4eb8a8da8 .param/l "DEC_H7" 0 6 29, +C4<0000001000001111111100011>;
P_000001e4eb8a8de0 .param/l "INTERNAL_WIDTH" 0 6 17, +C4<00000000000000000000000000110000>;
P_000001e4eb8a8e18 .param/l "MULT_WIDTH" 1 6 95, +C4<000000000000000000000000001001001>;
v000001e4eb87ed00_0 .net/s "a3_0", 47 0, v000001e4eb87a580_0;  alias, 1 drivers
v000001e4eb87f0c0_0 .net/s "a3_1", 47 0, v000001e4eb87a620_0;  alias, 1 drivers
v000001e4eb87f840 .array/s "a3_hist", 6 0, 47 0;
v000001e4eb880240_0 .var/s "a4_0", 47 0;
v000001e4eb880420_0 .net "clk", 0 0, v000001e4eb87ef80_0;  alias, 1 drivers
v000001e4eb87fe80_0 .net "din_valid", 0 0, v000001e4eb87ada0_0;  alias, 1 drivers
v000001e4eb87e940_0 .var "dout_valid", 0 0;
v000001e4eb880380_0 .var "has_data", 3 0;
v000001e4eb87fa20 .array/s "mult_s1", 7 0, 72 0;
v000001e4eb87fac0_0 .net "rst_n", 0 0, v000001e4eb880100_0;  alias, 1 drivers
v000001e4eb87fb60_0 .var/s "sum_s2", 75 0;
v000001e4eb87ff20_0 .var "valid_s1", 0 0;
v000001e4eb87f520_0 .var "valid_s2", 0 0;
    .scope S_000001e4eb817500;
T_0 ;
    %wait E_000001e4eb86e520;
    %load/vec4 v000001e4eb8a6c60_0;
    %nor/r;
    %flag_set/vec4 8;
    %jmp/0xz  T_0.0, 8;
    %pushi/vec4 0, 0, 16;
    %ix/load 3, 0, 0;
    %flag_set/imm 4, 0;
    %ix/load 4, 0, 0; Constant delay
    %assign/vec4/a/d v000001e4eb8a8420, 0, 4;
    %pushi/vec4 0, 0, 16;
    %ix/load 3, 1, 0;
    %flag_set/imm 4, 0;
    %ix/load 4, 0, 0; Constant delay
    %assign/vec4/a/d v000001e4eb8a8420, 0, 4;
    %pushi/vec4 0, 0, 16;
    %ix/load 3, 2, 0;
    %flag_set/imm 4, 0;
    %ix/load 4, 0, 0; Constant delay
    %assign/vec4/a/d v000001e4eb8a8420, 0, 4;
    %pushi/vec4 0, 0, 16;
    %ix/load 3, 3, 0;
    %flag_set/imm 4, 0;
    %ix/load 4, 0, 0; Constant delay
    %assign/vec4/a/d v000001e4eb8a8420, 0, 4;
    %pushi/vec4 0, 0, 16;
    %ix/load 3, 4, 0;
    %flag_set/imm 4, 0;
    %ix/load 4, 0, 0; Constant delay
    %assign/vec4/a/d v000001e4eb8a8420, 0, 4;
    %pushi/vec4 0, 0, 16;
    %ix/load 3, 5, 0;
    %flag_set/imm 4, 0;
    %ix/load 4, 0, 0; Constant delay
    %assign/vec4/a/d v000001e4eb8a8420, 0, 4;
    %pushi/vec4 0, 0, 16;
    %ix/load 3, 6, 0;
    %flag_set/imm 4, 0;
    %ix/load 4, 0, 0; Constant delay
    %assign/vec4/a/d v000001e4eb8a8420, 0, 4;
    %jmp T_0.1;
T_0.0 ;
    %load/vec4 v000001e4eb8a7ac0_0;
    %flag_set/vec4 8;
    %jmp/0xz  T_0.2, 8;
    %load/vec4 v000001e4eb8a7160_0;
    %ix/load 3, 0, 0;
    %flag_set/imm 4, 0;
    %ix/load 4, 0, 0; Constant delay
    %assign/vec4/a/d v000001e4eb8a8420, 0, 4;
    %load/vec4 v000001e4eb8a7520_0;
    %ix/load 3, 1, 0;
    %flag_set/imm 4, 0;
    %ix/load 4, 0, 0; Constant delay
    %assign/vec4/a/d v000001e4eb8a8420, 0, 4;
    %load/vec4 v000001e4eb8a6d00_0;
    %ix/load 3, 2, 0;
    %flag_set/imm 4, 0;
    %ix/load 4, 0, 0; Constant delay
    %assign/vec4/a/d v000001e4eb8a8420, 0, 4;
    %load/vec4 v000001e4eb8a7ca0_0;
    %ix/load 3, 3, 0;
    %flag_set/imm 4, 0;
    %ix/load 4, 0, 0; Constant delay
    %assign/vec4/a/d v000001e4eb8a8420, 0, 4;
    %load/vec4 v000001e4eb8a6b20_0;
    %ix/load 3, 4, 0;
    %flag_set/imm 4, 0;
    %ix/load 4, 0, 0; Constant delay
    %assign/vec4/a/d v000001e4eb8a8420, 0, 4;
    %load/vec4 v000001e4eb8a7f20_0;
    %ix/load 3, 5, 0;
    %flag_set/imm 4, 0;
    %ix/load 4, 0, 0; Constant delay
    %assign/vec4/a/d v000001e4eb8a8420, 0, 4;
    %load/vec4 v000001e4eb8a8240_0;
    %ix/load 3, 6, 0;
    %flag_set/imm 4, 0;
    %ix/load 4, 0, 0; Constant delay
    %assign/vec4/a/d v000001e4eb8a8420, 0, 4;
T_0.2 ;
T_0.1 ;
    %jmp T_0;
    .thread T_0;
    .scope S_000001e4eb817500;
T_1 ;
    %wait E_000001e4eb86e520;
    %load/vec4 v000001e4eb8a6c60_0;
    %nor/r;
    %flag_set/vec4 8;
    %jmp/0xz  T_1.0, 8;
    %pushi/vec4 0, 0, 1;
    %assign/vec4 v000001e4eb8a82e0_0, 0;
    %jmp T_1.1;
T_1.0 ;
    %load/vec4 v000001e4eb8a7ac0_0;
    %flag_set/vec4 8;
    %jmp/0xz  T_1.2, 8;
    %pushi/vec4 1, 0, 1;
    %assign/vec4 v000001e4eb8a82e0_0, 0;
T_1.2 ;
T_1.1 ;
    %jmp T_1;
    .thread T_1;
    .scope S_000001e4eb817500;
T_2 ;
    %wait E_000001e4eb86e520;
    %load/vec4 v000001e4eb8a6c60_0;
    %nor/r;
    %flag_set/vec4 8;
    %jmp/0xz  T_2.0, 8;
    %pushi/vec4 0, 0, 1;
    %assign/vec4 v000001e4eb8a7de0_0, 0;
    %pushi/vec4 0, 0, 1;
    %assign/vec4 v000001e4eb8a7e80_0, 0;
    %pushi/vec4 0, 0, 1;
    %assign/vec4 v000001e4eb8a6580_0, 0;
    %jmp T_2.1;
T_2.0 ;
    %load/vec4 v000001e4eb8a7ac0_0;
    %flag_set/vec4 8;
    %flag_get/vec4 8;
    %jmp/0 T_2.2, 8;
    %load/vec4 v000001e4eb8a82e0_0;
    %and;
T_2.2;
    %assign/vec4 v000001e4eb8a7de0_0, 0;
    %load/vec4 v000001e4eb8a7de0_0;
    %assign/vec4 v000001e4eb8a7e80_0, 0;
    %load/vec4 v000001e4eb8a7e80_0;
    %assign/vec4 v000001e4eb8a6580_0, 0;
T_2.1 ;
    %jmp T_2;
    .thread T_2;
    .scope S_000001e4eb817500;
T_3 ;
    %wait E_000001e4eb86e6e0;
    %load/vec4 v000001e4eb8a8060_0;
    %pad/s 41;
    %pushi/vec4 4294966054, 0, 32;
    %concati/vec4 335, 0, 9;
    %mul;
    %ix/load 3, 0, 0;
    %flag_set/imm 4, 0;
    %ix/load 4, 0, 0; Constant delay
    %assign/vec4/a/d v000001e4eb8a7340, 0, 4;
    %ix/load 4, 0, 0;
    %flag_set/imm 4, 0;
    %load/vec4a v000001e4eb8a8420, 4;
    %pad/s 41;
    %pushi/vec4 4294966810, 0, 32;
    %concati/vec4 231, 0, 9;
    %mul;
    %ix/load 3, 1, 0;
    %flag_set/imm 4, 0;
    %ix/load 4, 0, 0; Constant delay
    %assign/vec4/a/d v000001e4eb8a7340, 0, 4;
    %ix/load 4, 1, 0;
    %flag_set/imm 4, 0;
    %load/vec4a v000001e4eb8a8420, 4;
    %pad/s 41;
    %muli 4174328, 0, 41;
    %ix/load 3, 2, 0;
    %flag_set/imm 4, 0;
    %ix/load 4, 0, 0; Constant delay
    %assign/vec4/a/d v000001e4eb8a7340, 0, 4;
    %ix/load 4, 2, 0;
    %flag_set/imm 4, 0;
    %load/vec4a v000001e4eb8a8420, 4;
    %pad/s 41;
    %muli 6742249, 0, 41;
    %ix/load 3, 3, 0;
    %flag_set/imm 4, 0;
    %ix/load 4, 0, 0; Constant delay
    %assign/vec4/a/d v000001e4eb8a7340, 0, 4;
    %ix/load 4, 3, 0;
    %flag_set/imm 4, 0;
    %load/vec4a v000001e4eb8a8420, 4;
    %pad/s 41;
    %muli 2498612, 0, 41;
    %ix/load 3, 4, 0;
    %flag_set/imm 4, 0;
    %ix/load 4, 0, 0; Constant delay
    %assign/vec4/a/d v000001e4eb8a7340, 0, 4;
    %ix/load 4, 4, 0;
    %flag_set/imm 4, 0;
    %load/vec4a v000001e4eb8a8420, 4;
    %pad/s 41;
    %pushi/vec4 4294965670, 0, 32;
    %concati/vec4 198, 0, 9;
    %mul;
    %ix/load 3, 5, 0;
    %flag_set/imm 4, 0;
    %ix/load 4, 0, 0; Constant delay
    %assign/vec4/a/d v000001e4eb8a7340, 0, 4;
    %ix/load 4, 5, 0;
    %flag_set/imm 4, 0;
    %load/vec4a v000001e4eb8a8420, 4;
    %pad/s 41;
    %pushi/vec4 4294967089, 0, 32;
    %concati/vec4 254, 0, 9;
    %mul;
    %ix/load 3, 6, 0;
    %flag_set/imm 4, 0;
    %ix/load 4, 0, 0; Constant delay
    %assign/vec4/a/d v000001e4eb8a7340, 0, 4;
    %ix/load 4, 6, 0;
    %flag_set/imm 4, 0;
    %load/vec4a v000001e4eb8a8420, 4;
    %pad/s 41;
    %muli 270307, 0, 41;
    %ix/load 3, 7, 0;
    %flag_set/imm 4, 0;
    %ix/load 4, 0, 0; Constant delay
    %assign/vec4/a/d v000001e4eb8a7340, 0, 4;
    %load/vec4 v000001e4eb8a7fc0_0;
    %pad/s 41;
    %pushi/vec4 4294966054, 0, 32;
    %concati/vec4 335, 0, 9;
    %mul;
    %ix/load 3, 8, 0;
    %flag_set/imm 4, 0;
    %ix/load 4, 0, 0; Constant delay
    %assign/vec4/a/d v000001e4eb8a7340, 0, 4;
    %load/vec4 v000001e4eb8a6a80_0;
    %pad/s 41;
    %pushi/vec4 4294966810, 0, 32;
    %concati/vec4 231, 0, 9;
    %mul;
    %ix/load 3, 9, 0;
    %flag_set/imm 4, 0;
    %ix/load 4, 0, 0; Constant delay
    %assign/vec4/a/d v000001e4eb8a7340, 0, 4;
    %load/vec4 v000001e4eb8a8060_0;
    %pad/s 41;
    %muli 4174328, 0, 41;
    %ix/load 3, 10, 0;
    %flag_set/imm 4, 0;
    %ix/load 4, 0, 0; Constant delay
    %assign/vec4/a/d v000001e4eb8a7340, 0, 4;
    %ix/load 4, 0, 0;
    %flag_set/imm 4, 0;
    %load/vec4a v000001e4eb8a8420, 4;
    %pad/s 41;
    %muli 6742249, 0, 41;
    %ix/load 3, 11, 0;
    %flag_set/imm 4, 0;
    %ix/load 4, 0, 0; Constant delay
    %assign/vec4/a/d v000001e4eb8a7340, 0, 4;
    %ix/load 4, 1, 0;
    %flag_set/imm 4, 0;
    %load/vec4a v000001e4eb8a8420, 4;
    %pad/s 41;
    %muli 2498612, 0, 41;
    %ix/load 3, 12, 0;
    %flag_set/imm 4, 0;
    %ix/load 4, 0, 0; Constant delay
    %assign/vec4/a/d v000001e4eb8a7340, 0, 4;
    %ix/load 4, 2, 0;
    %flag_set/imm 4, 0;
    %load/vec4a v000001e4eb8a8420, 4;
    %pad/s 41;
    %pushi/vec4 4294965670, 0, 32;
    %concati/vec4 198, 0, 9;
    %mul;
    %ix/load 3, 13, 0;
    %flag_set/imm 4, 0;
    %ix/load 4, 0, 0; Constant delay
    %assign/vec4/a/d v000001e4eb8a7340, 0, 4;
    %ix/load 4, 3, 0;
    %flag_set/imm 4, 0;
    %load/vec4a v000001e4eb8a8420, 4;
    %pad/s 41;
    %pushi/vec4 4294967089, 0, 32;
    %concati/vec4 254, 0, 9;
    %mul;
    %ix/load 3, 14, 0;
    %flag_set/imm 4, 0;
    %ix/load 4, 0, 0; Constant delay
    %assign/vec4/a/d v000001e4eb8a7340, 0, 4;
    %ix/load 4, 4, 0;
    %flag_set/imm 4, 0;
    %load/vec4a v000001e4eb8a8420, 4;
    %pad/s 41;
    %muli 270307, 0, 41;
    %ix/load 3, 15, 0;
    %flag_set/imm 4, 0;
    %ix/load 4, 0, 0; Constant delay
    %assign/vec4/a/d v000001e4eb8a7340, 0, 4;
    %load/vec4 v000001e4eb8a6bc0_0;
    %pad/s 41;
    %pushi/vec4 4294966054, 0, 32;
    %concati/vec4 335, 0, 9;
    %mul;
    %ix/load 3, 16, 0;
    %flag_set/imm 4, 0;
    %ix/load 4, 0, 0; Constant delay
    %assign/vec4/a/d v000001e4eb8a7340, 0, 4;
    %load/vec4 v000001e4eb8a8100_0;
    %pad/s 41;
    %pushi/vec4 4294966810, 0, 32;
    %concati/vec4 231, 0, 9;
    %mul;
    %ix/load 3, 17, 0;
    %flag_set/imm 4, 0;
    %ix/load 4, 0, 0; Constant delay
    %assign/vec4/a/d v000001e4eb8a7340, 0, 4;
    %load/vec4 v000001e4eb8a7fc0_0;
    %pad/s 41;
    %muli 4174328, 0, 41;
    %ix/load 3, 18, 0;
    %flag_set/imm 4, 0;
    %ix/load 4, 0, 0; Constant delay
    %assign/vec4/a/d v000001e4eb8a7340, 0, 4;
    %load/vec4 v000001e4eb8a6a80_0;
    %pad/s 41;
    %muli 6742249, 0, 41;
    %ix/load 3, 19, 0;
    %flag_set/imm 4, 0;
    %ix/load 4, 0, 0; Constant delay
    %assign/vec4/a/d v000001e4eb8a7340, 0, 4;
    %load/vec4 v000001e4eb8a8060_0;
    %pad/s 41;
    %muli 2498612, 0, 41;
    %ix/load 3, 20, 0;
    %flag_set/imm 4, 0;
    %ix/load 4, 0, 0; Constant delay
    %assign/vec4/a/d v000001e4eb8a7340, 0, 4;
    %ix/load 4, 0, 0;
    %flag_set/imm 4, 0;
    %load/vec4a v000001e4eb8a8420, 4;
    %pad/s 41;
    %pushi/vec4 4294965670, 0, 32;
    %concati/vec4 198, 0, 9;
    %mul;
    %ix/load 3, 21, 0;
    %flag_set/imm 4, 0;
    %ix/load 4, 0, 0; Constant delay
    %assign/vec4/a/d v000001e4eb8a7340, 0, 4;
    %ix/load 4, 1, 0;
    %flag_set/imm 4, 0;
    %load/vec4a v000001e4eb8a8420, 4;
    %pad/s 41;
    %pushi/vec4 4294967089, 0, 32;
    %concati/vec4 254, 0, 9;
    %mul;
    %ix/load 3, 22, 0;
    %flag_set/imm 4, 0;
    %ix/load 4, 0, 0; Constant delay
    %assign/vec4/a/d v000001e4eb8a7340, 0, 4;
    %ix/load 4, 2, 0;
    %flag_set/imm 4, 0;
    %load/vec4a v000001e4eb8a8420, 4;
    %pad/s 41;
    %muli 270307, 0, 41;
    %ix/load 3, 23, 0;
    %flag_set/imm 4, 0;
    %ix/load 4, 0, 0; Constant delay
    %assign/vec4/a/d v000001e4eb8a7340, 0, 4;
    %load/vec4 v000001e4eb8a6ee0_0;
    %pad/s 41;
    %pushi/vec4 4294966054, 0, 32;
    %concati/vec4 335, 0, 9;
    %mul;
    %ix/load 3, 24, 0;
    %flag_set/imm 4, 0;
    %ix/load 4, 0, 0; Constant delay
    %assign/vec4/a/d v000001e4eb8a7340, 0, 4;
    %load/vec4 v000001e4eb8a7d40_0;
    %pad/s 41;
    %pushi/vec4 4294966810, 0, 32;
    %concati/vec4 231, 0, 9;
    %mul;
    %ix/load 3, 25, 0;
    %flag_set/imm 4, 0;
    %ix/load 4, 0, 0; Constant delay
    %assign/vec4/a/d v000001e4eb8a7340, 0, 4;
    %load/vec4 v000001e4eb8a6bc0_0;
    %pad/s 41;
    %muli 4174328, 0, 41;
    %ix/load 3, 26, 0;
    %flag_set/imm 4, 0;
    %ix/load 4, 0, 0; Constant delay
    %assign/vec4/a/d v000001e4eb8a7340, 0, 4;
    %load/vec4 v000001e4eb8a8100_0;
    %pad/s 41;
    %muli 6742249, 0, 41;
    %ix/load 3, 27, 0;
    %flag_set/imm 4, 0;
    %ix/load 4, 0, 0; Constant delay
    %assign/vec4/a/d v000001e4eb8a7340, 0, 4;
    %load/vec4 v000001e4eb8a7fc0_0;
    %pad/s 41;
    %muli 2498612, 0, 41;
    %ix/load 3, 28, 0;
    %flag_set/imm 4, 0;
    %ix/load 4, 0, 0; Constant delay
    %assign/vec4/a/d v000001e4eb8a7340, 0, 4;
    %load/vec4 v000001e4eb8a6a80_0;
    %pad/s 41;
    %pushi/vec4 4294965670, 0, 32;
    %concati/vec4 198, 0, 9;
    %mul;
    %ix/load 3, 29, 0;
    %flag_set/imm 4, 0;
    %ix/load 4, 0, 0; Constant delay
    %assign/vec4/a/d v000001e4eb8a7340, 0, 4;
    %load/vec4 v000001e4eb8a8060_0;
    %pad/s 41;
    %pushi/vec4 4294967089, 0, 32;
    %concati/vec4 254, 0, 9;
    %mul;
    %ix/load 3, 30, 0;
    %flag_set/imm 4, 0;
    %ix/load 4, 0, 0; Constant delay
    %assign/vec4/a/d v000001e4eb8a7340, 0, 4;
    %ix/load 4, 0, 0;
    %flag_set/imm 4, 0;
    %load/vec4a v000001e4eb8a8420, 4;
    %pad/s 41;
    %muli 270307, 0, 41;
    %ix/load 3, 31, 0;
    %flag_set/imm 4, 0;
    %ix/load 4, 0, 0; Constant delay
    %assign/vec4/a/d v000001e4eb8a7340, 0, 4;
    %load/vec4 v000001e4eb8a7200_0;
    %pad/s 41;
    %pushi/vec4 4294966054, 0, 32;
    %concati/vec4 335, 0, 9;
    %mul;
    %ix/load 3, 32, 0;
    %flag_set/imm 4, 0;
    %ix/load 4, 0, 0; Constant delay
    %assign/vec4/a/d v000001e4eb8a7340, 0, 4;
    %load/vec4 v000001e4eb8a75c0_0;
    %pad/s 41;
    %pushi/vec4 4294966810, 0, 32;
    %concati/vec4 231, 0, 9;
    %mul;
    %ix/load 3, 33, 0;
    %flag_set/imm 4, 0;
    %ix/load 4, 0, 0; Constant delay
    %assign/vec4/a/d v000001e4eb8a7340, 0, 4;
    %load/vec4 v000001e4eb8a6ee0_0;
    %pad/s 41;
    %muli 4174328, 0, 41;
    %ix/load 3, 34, 0;
    %flag_set/imm 4, 0;
    %ix/load 4, 0, 0; Constant delay
    %assign/vec4/a/d v000001e4eb8a7340, 0, 4;
    %load/vec4 v000001e4eb8a7d40_0;
    %pad/s 41;
    %muli 6742249, 0, 41;
    %ix/load 3, 35, 0;
    %flag_set/imm 4, 0;
    %ix/load 4, 0, 0; Constant delay
    %assign/vec4/a/d v000001e4eb8a7340, 0, 4;
    %load/vec4 v000001e4eb8a6bc0_0;
    %pad/s 41;
    %muli 2498612, 0, 41;
    %ix/load 3, 36, 0;
    %flag_set/imm 4, 0;
    %ix/load 4, 0, 0; Constant delay
    %assign/vec4/a/d v000001e4eb8a7340, 0, 4;
    %load/vec4 v000001e4eb8a8100_0;
    %pad/s 41;
    %pushi/vec4 4294965670, 0, 32;
    %concati/vec4 198, 0, 9;
    %mul;
    %ix/load 3, 37, 0;
    %flag_set/imm 4, 0;
    %ix/load 4, 0, 0; Constant delay
    %assign/vec4/a/d v000001e4eb8a7340, 0, 4;
    %load/vec4 v000001e4eb8a7fc0_0;
    %pad/s 41;
    %pushi/vec4 4294967089, 0, 32;
    %concati/vec4 254, 0, 9;
    %mul;
    %ix/load 3, 38, 0;
    %flag_set/imm 4, 0;
    %ix/load 4, 0, 0; Constant delay
    %assign/vec4/a/d v000001e4eb8a7340, 0, 4;
    %load/vec4 v000001e4eb8a6a80_0;
    %pad/s 41;
    %muli 270307, 0, 41;
    %ix/load 3, 39, 0;
    %flag_set/imm 4, 0;
    %ix/load 4, 0, 0; Constant delay
    %assign/vec4/a/d v000001e4eb8a7340, 0, 4;
    %load/vec4 v000001e4eb8a7f20_0;
    %pad/s 41;
    %pushi/vec4 4294966054, 0, 32;
    %concati/vec4 335, 0, 9;
    %mul;
    %ix/load 3, 40, 0;
    %flag_set/imm 4, 0;
    %ix/load 4, 0, 0; Constant delay
    %assign/vec4/a/d v000001e4eb8a7340, 0, 4;
    %load/vec4 v000001e4eb8a8240_0;
    %pad/s 41;
    %pushi/vec4 4294966810, 0, 32;
    %concati/vec4 231, 0, 9;
    %mul;
    %ix/load 3, 41, 0;
    %flag_set/imm 4, 0;
    %ix/load 4, 0, 0; Constant delay
    %assign/vec4/a/d v000001e4eb8a7340, 0, 4;
    %load/vec4 v000001e4eb8a7200_0;
    %pad/s 41;
    %muli 4174328, 0, 41;
    %ix/load 3, 42, 0;
    %flag_set/imm 4, 0;
    %ix/load 4, 0, 0; Constant delay
    %assign/vec4/a/d v000001e4eb8a7340, 0, 4;
    %load/vec4 v000001e4eb8a75c0_0;
    %pad/s 41;
    %muli 6742249, 0, 41;
    %ix/load 3, 43, 0;
    %flag_set/imm 4, 0;
    %ix/load 4, 0, 0; Constant delay
    %assign/vec4/a/d v000001e4eb8a7340, 0, 4;
    %load/vec4 v000001e4eb8a6ee0_0;
    %pad/s 41;
    %muli 2498612, 0, 41;
    %ix/load 3, 44, 0;
    %flag_set/imm 4, 0;
    %ix/load 4, 0, 0; Constant delay
    %assign/vec4/a/d v000001e4eb8a7340, 0, 4;
    %load/vec4 v000001e4eb8a7d40_0;
    %pad/s 41;
    %pushi/vec4 4294965670, 0, 32;
    %concati/vec4 198, 0, 9;
    %mul;
    %ix/load 3, 45, 0;
    %flag_set/imm 4, 0;
    %ix/load 4, 0, 0; Constant delay
    %assign/vec4/a/d v000001e4eb8a7340, 0, 4;
    %load/vec4 v000001e4eb8a6bc0_0;
    %pad/s 41;
    %pushi/vec4 4294967089, 0, 32;
    %concati/vec4 254, 0, 9;
    %mul;
    %ix/load 3, 46, 0;
    %flag_set/imm 4, 0;
    %ix/load 4, 0, 0; Constant delay
    %assign/vec4/a/d v000001e4eb8a7340, 0, 4;
    %load/vec4 v000001e4eb8a8100_0;
    %pad/s 41;
    %muli 270307, 0, 41;
    %ix/load 3, 47, 0;
    %flag_set/imm 4, 0;
    %ix/load 4, 0, 0; Constant delay
    %assign/vec4/a/d v000001e4eb8a7340, 0, 4;
    %load/vec4 v000001e4eb8a7ca0_0;
    %pad/s 41;
    %pushi/vec4 4294966054, 0, 32;
    %concati/vec4 335, 0, 9;
    %mul;
    %ix/load 3, 48, 0;
    %flag_set/imm 4, 0;
    %ix/load 4, 0, 0; Constant delay
    %assign/vec4/a/d v000001e4eb8a7340, 0, 4;
    %load/vec4 v000001e4eb8a6b20_0;
    %pad/s 41;
    %pushi/vec4 4294966810, 0, 32;
    %concati/vec4 231, 0, 9;
    %mul;
    %ix/load 3, 49, 0;
    %flag_set/imm 4, 0;
    %ix/load 4, 0, 0; Constant delay
    %assign/vec4/a/d v000001e4eb8a7340, 0, 4;
    %load/vec4 v000001e4eb8a7f20_0;
    %pad/s 41;
    %muli 4174328, 0, 41;
    %ix/load 3, 50, 0;
    %flag_set/imm 4, 0;
    %ix/load 4, 0, 0; Constant delay
    %assign/vec4/a/d v000001e4eb8a7340, 0, 4;
    %load/vec4 v000001e4eb8a8240_0;
    %pad/s 41;
    %muli 6742249, 0, 41;
    %ix/load 3, 51, 0;
    %flag_set/imm 4, 0;
    %ix/load 4, 0, 0; Constant delay
    %assign/vec4/a/d v000001e4eb8a7340, 0, 4;
    %load/vec4 v000001e4eb8a7200_0;
    %pad/s 41;
    %muli 2498612, 0, 41;
    %ix/load 3, 52, 0;
    %flag_set/imm 4, 0;
    %ix/load 4, 0, 0; Constant delay
    %assign/vec4/a/d v000001e4eb8a7340, 0, 4;
    %load/vec4 v000001e4eb8a75c0_0;
    %pad/s 41;
    %pushi/vec4 4294965670, 0, 32;
    %concati/vec4 198, 0, 9;
    %mul;
    %ix/load 3, 53, 0;
    %flag_set/imm 4, 0;
    %ix/load 4, 0, 0; Constant delay
    %assign/vec4/a/d v000001e4eb8a7340, 0, 4;
    %load/vec4 v000001e4eb8a6ee0_0;
    %pad/s 41;
    %pushi/vec4 4294967089, 0, 32;
    %concati/vec4 254, 0, 9;
    %mul;
    %ix/load 3, 54, 0;
    %flag_set/imm 4, 0;
    %ix/load 4, 0, 0; Constant delay
    %assign/vec4/a/d v000001e4eb8a7340, 0, 4;
    %load/vec4 v000001e4eb8a7d40_0;
    %pad/s 41;
    %muli 270307, 0, 41;
    %ix/load 3, 55, 0;
    %flag_set/imm 4, 0;
    %ix/load 4, 0, 0; Constant delay
    %assign/vec4/a/d v000001e4eb8a7340, 0, 4;
    %load/vec4 v000001e4eb8a7520_0;
    %pad/s 41;
    %pushi/vec4 4294966054, 0, 32;
    %concati/vec4 335, 0, 9;
    %mul;
    %ix/load 3, 56, 0;
    %flag_set/imm 4, 0;
    %ix/load 4, 0, 0; Constant delay
    %assign/vec4/a/d v000001e4eb8a7340, 0, 4;
    %load/vec4 v000001e4eb8a6d00_0;
    %pad/s 41;
    %pushi/vec4 4294966810, 0, 32;
    %concati/vec4 231, 0, 9;
    %mul;
    %ix/load 3, 57, 0;
    %flag_set/imm 4, 0;
    %ix/load 4, 0, 0; Constant delay
    %assign/vec4/a/d v000001e4eb8a7340, 0, 4;
    %load/vec4 v000001e4eb8a7ca0_0;
    %pad/s 41;
    %muli 4174328, 0, 41;
    %ix/load 3, 58, 0;
    %flag_set/imm 4, 0;
    %ix/load 4, 0, 0; Constant delay
    %assign/vec4/a/d v000001e4eb8a7340, 0, 4;
    %load/vec4 v000001e4eb8a6b20_0;
    %pad/s 41;
    %muli 6742249, 0, 41;
    %ix/load 3, 59, 0;
    %flag_set/imm 4, 0;
    %ix/load 4, 0, 0; Constant delay
    %assign/vec4/a/d v000001e4eb8a7340, 0, 4;
    %load/vec4 v000001e4eb8a7f20_0;
    %pad/s 41;
    %muli 2498612, 0, 41;
    %ix/load 3, 60, 0;
    %flag_set/imm 4, 0;
    %ix/load 4, 0, 0; Constant delay
    %assign/vec4/a/d v000001e4eb8a7340, 0, 4;
    %load/vec4 v000001e4eb8a8240_0;
    %pad/s 41;
    %pushi/vec4 4294965670, 0, 32;
    %concati/vec4 198, 0, 9;
    %mul;
    %ix/load 3, 61, 0;
    %flag_set/imm 4, 0;
    %ix/load 4, 0, 0; Constant delay
    %assign/vec4/a/d v000001e4eb8a7340, 0, 4;
    %load/vec4 v000001e4eb8a7200_0;
    %pad/s 41;
    %pushi/vec4 4294967089, 0, 32;
    %concati/vec4 254, 0, 9;
    %mul;
    %ix/load 3, 62, 0;
    %flag_set/imm 4, 0;
    %ix/load 4, 0, 0; Constant delay
    %assign/vec4/a/d v000001e4eb8a7340, 0, 4;
    %load/vec4 v000001e4eb8a75c0_0;
    %pad/s 41;
    %muli 270307, 0, 41;
    %ix/load 3, 63, 0;
    %flag_set/imm 4, 0;
    %ix/load 4, 0, 0; Constant delay
    %assign/vec4/a/d v000001e4eb8a7340, 0, 4;
    %jmp T_3;
    .thread T_3;
    .scope S_000001e4eb817500;
T_4 ;
    %wait E_000001e4eb86e6e0;
    %ix/load 4, 0, 0;
    %flag_set/imm 4, 0;
    %load/vec4a v000001e4eb8a7340, 4;
    %pad/s 48;
    %ix/load 4, 1, 0;
    %flag_set/imm 4, 0;
    %load/vec4a v000001e4eb8a7340, 4;
    %pad/s 48;
    %add;
    %ix/load 4, 2, 0;
    %flag_set/imm 4, 0;
    %load/vec4a v000001e4eb8a7340, 4;
    %pad/s 48;
    %add;
    %ix/load 4, 3, 0;
    %flag_set/imm 4, 0;
    %load/vec4a v000001e4eb8a7340, 4;
    %pad/s 48;
    %add;
    %ix/load 4, 4, 0;
    %flag_set/imm 4, 0;
    %load/vec4a v000001e4eb8a7340, 4;
    %pad/s 48;
    %add;
    %ix/load 4, 5, 0;
    %flag_set/imm 4, 0;
    %load/vec4a v000001e4eb8a7340, 4;
    %pad/s 48;
    %add;
    %ix/load 4, 6, 0;
    %flag_set/imm 4, 0;
    %load/vec4a v000001e4eb8a7340, 4;
    %pad/s 48;
    %add;
    %ix/load 4, 7, 0;
    %flag_set/imm 4, 0;
    %load/vec4a v000001e4eb8a7340, 4;
    %pad/s 48;
    %add;
    %ix/load 3, 0, 0;
    %flag_set/imm 4, 0;
    %ix/load 4, 0, 0; Constant delay
    %assign/vec4/a/d v000001e4eb8a7700, 0, 4;
    %ix/load 4, 8, 0;
    %flag_set/imm 4, 0;
    %load/vec4a v000001e4eb8a7340, 4;
    %pad/s 48;
    %ix/load 4, 9, 0;
    %flag_set/imm 4, 0;
    %load/vec4a v000001e4eb8a7340, 4;
    %pad/s 48;
    %add;
    %ix/load 4, 10, 0;
    %flag_set/imm 4, 0;
    %load/vec4a v000001e4eb8a7340, 4;
    %pad/s 48;
    %add;
    %ix/load 4, 11, 0;
    %flag_set/imm 4, 0;
    %load/vec4a v000001e4eb8a7340, 4;
    %pad/s 48;
    %add;
    %ix/load 4, 12, 0;
    %flag_set/imm 4, 0;
    %load/vec4a v000001e4eb8a7340, 4;
    %pad/s 48;
    %add;
    %ix/load 4, 13, 0;
    %flag_set/imm 4, 0;
    %load/vec4a v000001e4eb8a7340, 4;
    %pad/s 48;
    %add;
    %ix/load 4, 14, 0;
    %flag_set/imm 4, 0;
    %load/vec4a v000001e4eb8a7340, 4;
    %pad/s 48;
    %add;
    %ix/load 4, 15, 0;
    %flag_set/imm 4, 0;
    %load/vec4a v000001e4eb8a7340, 4;
    %pad/s 48;
    %add;
    %ix/load 3, 1, 0;
    %flag_set/imm 4, 0;
    %ix/load 4, 0, 0; Constant delay
    %assign/vec4/a/d v000001e4eb8a7700, 0, 4;
    %ix/load 4, 16, 0;
    %flag_set/imm 4, 0;
    %load/vec4a v000001e4eb8a7340, 4;
    %pad/s 48;
    %ix/load 4, 17, 0;
    %flag_set/imm 4, 0;
    %load/vec4a v000001e4eb8a7340, 4;
    %pad/s 48;
    %add;
    %ix/load 4, 18, 0;
    %flag_set/imm 4, 0;
    %load/vec4a v000001e4eb8a7340, 4;
    %pad/s 48;
    %add;
    %ix/load 4, 19, 0;
    %flag_set/imm 4, 0;
    %load/vec4a v000001e4eb8a7340, 4;
    %pad/s 48;
    %add;
    %ix/load 4, 20, 0;
    %flag_set/imm 4, 0;
    %load/vec4a v000001e4eb8a7340, 4;
    %pad/s 48;
    %add;
    %ix/load 4, 21, 0;
    %flag_set/imm 4, 0;
    %load/vec4a v000001e4eb8a7340, 4;
    %pad/s 48;
    %add;
    %ix/load 4, 22, 0;
    %flag_set/imm 4, 0;
    %load/vec4a v000001e4eb8a7340, 4;
    %pad/s 48;
    %add;
    %ix/load 4, 23, 0;
    %flag_set/imm 4, 0;
    %load/vec4a v000001e4eb8a7340, 4;
    %pad/s 48;
    %add;
    %ix/load 3, 2, 0;
    %flag_set/imm 4, 0;
    %ix/load 4, 0, 0; Constant delay
    %assign/vec4/a/d v000001e4eb8a7700, 0, 4;
    %ix/load 4, 24, 0;
    %flag_set/imm 4, 0;
    %load/vec4a v000001e4eb8a7340, 4;
    %pad/s 48;
    %ix/load 4, 25, 0;
    %flag_set/imm 4, 0;
    %load/vec4a v000001e4eb8a7340, 4;
    %pad/s 48;
    %add;
    %ix/load 4, 26, 0;
    %flag_set/imm 4, 0;
    %load/vec4a v000001e4eb8a7340, 4;
    %pad/s 48;
    %add;
    %ix/load 4, 27, 0;
    %flag_set/imm 4, 0;
    %load/vec4a v000001e4eb8a7340, 4;
    %pad/s 48;
    %add;
    %ix/load 4, 28, 0;
    %flag_set/imm 4, 0;
    %load/vec4a v000001e4eb8a7340, 4;
    %pad/s 48;
    %add;
    %ix/load 4, 29, 0;
    %flag_set/imm 4, 0;
    %load/vec4a v000001e4eb8a7340, 4;
    %pad/s 48;
    %add;
    %ix/load 4, 30, 0;
    %flag_set/imm 4, 0;
    %load/vec4a v000001e4eb8a7340, 4;
    %pad/s 48;
    %add;
    %ix/load 4, 31, 0;
    %flag_set/imm 4, 0;
    %load/vec4a v000001e4eb8a7340, 4;
    %pad/s 48;
    %add;
    %ix/load 3, 3, 0;
    %flag_set/imm 4, 0;
    %ix/load 4, 0, 0; Constant delay
    %assign/vec4/a/d v000001e4eb8a7700, 0, 4;
    %ix/load 4, 32, 0;
    %flag_set/imm 4, 0;
    %load/vec4a v000001e4eb8a7340, 4;
    %pad/s 48;
    %ix/load 4, 33, 0;
    %flag_set/imm 4, 0;
    %load/vec4a v000001e4eb8a7340, 4;
    %pad/s 48;
    %add;
    %ix/load 4, 34, 0;
    %flag_set/imm 4, 0;
    %load/vec4a v000001e4eb8a7340, 4;
    %pad/s 48;
    %add;
    %ix/load 4, 35, 0;
    %flag_set/imm 4, 0;
    %load/vec4a v000001e4eb8a7340, 4;
    %pad/s 48;
    %add;
    %ix/load 4, 36, 0;
    %flag_set/imm 4, 0;
    %load/vec4a v000001e4eb8a7340, 4;
    %pad/s 48;
    %add;
    %ix/load 4, 37, 0;
    %flag_set/imm 4, 0;
    %load/vec4a v000001e4eb8a7340, 4;
    %pad/s 48;
    %add;
    %ix/load 4, 38, 0;
    %flag_set/imm 4, 0;
    %load/vec4a v000001e4eb8a7340, 4;
    %pad/s 48;
    %add;
    %ix/load 4, 39, 0;
    %flag_set/imm 4, 0;
    %load/vec4a v000001e4eb8a7340, 4;
    %pad/s 48;
    %add;
    %ix/load 3, 4, 0;
    %flag_set/imm 4, 0;
    %ix/load 4, 0, 0; Constant delay
    %assign/vec4/a/d v000001e4eb8a7700, 0, 4;
    %ix/load 4, 40, 0;
    %flag_set/imm 4, 0;
    %load/vec4a v000001e4eb8a7340, 4;
    %pad/s 48;
    %ix/load 4, 41, 0;
    %flag_set/imm 4, 0;
    %load/vec4a v000001e4eb8a7340, 4;
    %pad/s 48;
    %add;
    %ix/load 4, 42, 0;
    %flag_set/imm 4, 0;
    %load/vec4a v000001e4eb8a7340, 4;
    %pad/s 48;
    %add;
    %ix/load 4, 43, 0;
    %flag_set/imm 4, 0;
    %load/vec4a v000001e4eb8a7340, 4;
    %pad/s 48;
    %add;
    %ix/load 4, 44, 0;
    %flag_set/imm 4, 0;
    %load/vec4a v000001e4eb8a7340, 4;
    %pad/s 48;
    %add;
    %ix/load 4, 45, 0;
    %flag_set/imm 4, 0;
    %load/vec4a v000001e4eb8a7340, 4;
    %pad/s 48;
    %add;
    %ix/load 4, 46, 0;
    %flag_set/imm 4, 0;
    %load/vec4a v000001e4eb8a7340, 4;
    %pad/s 48;
    %add;
    %ix/load 4, 47, 0;
    %flag_set/imm 4, 0;
    %load/vec4a v000001e4eb8a7340, 4;
    %pad/s 48;
    %add;
    %ix/load 3, 5, 0;
    %flag_set/imm 4, 0;
    %ix/load 4, 0, 0; Constant delay
    %assign/vec4/a/d v000001e4eb8a7700, 0, 4;
    %ix/load 4, 48, 0;
    %flag_set/imm 4, 0;
    %load/vec4a v000001e4eb8a7340, 4;
    %pad/s 48;
    %ix/load 4, 49, 0;
    %flag_set/imm 4, 0;
    %load/vec4a v000001e4eb8a7340, 4;
    %pad/s 48;
    %add;
    %ix/load 4, 50, 0;
    %flag_set/imm 4, 0;
    %load/vec4a v000001e4eb8a7340, 4;
    %pad/s 48;
    %add;
    %ix/load 4, 51, 0;
    %flag_set/imm 4, 0;
    %load/vec4a v000001e4eb8a7340, 4;
    %pad/s 48;
    %add;
    %ix/load 4, 52, 0;
    %flag_set/imm 4, 0;
    %load/vec4a v000001e4eb8a7340, 4;
    %pad/s 48;
    %add;
    %ix/load 4, 53, 0;
    %flag_set/imm 4, 0;
    %load/vec4a v000001e4eb8a7340, 4;
    %pad/s 48;
    %add;
    %ix/load 4, 54, 0;
    %flag_set/imm 4, 0;
    %load/vec4a v000001e4eb8a7340, 4;
    %pad/s 48;
    %add;
    %ix/load 4, 55, 0;
    %flag_set/imm 4, 0;
    %load/vec4a v000001e4eb8a7340, 4;
    %pad/s 48;
    %add;
    %ix/load 3, 6, 0;
    %flag_set/imm 4, 0;
    %ix/load 4, 0, 0; Constant delay
    %assign/vec4/a/d v000001e4eb8a7700, 0, 4;
    %ix/load 4, 56, 0;
    %flag_set/imm 4, 0;
    %load/vec4a v000001e4eb8a7340, 4;
    %pad/s 48;
    %ix/load 4, 57, 0;
    %flag_set/imm 4, 0;
    %load/vec4a v000001e4eb8a7340, 4;
    %pad/s 48;
    %add;
    %ix/load 4, 58, 0;
    %flag_set/imm 4, 0;
    %load/vec4a v000001e4eb8a7340, 4;
    %pad/s 48;
    %add;
    %ix/load 4, 59, 0;
    %flag_set/imm 4, 0;
    %load/vec4a v000001e4eb8a7340, 4;
    %pad/s 48;
    %add;
    %ix/load 4, 60, 0;
    %flag_set/imm 4, 0;
    %load/vec4a v000001e4eb8a7340, 4;
    %pad/s 48;
    %add;
    %ix/load 4, 61, 0;
    %flag_set/imm 4, 0;
    %load/vec4a v000001e4eb8a7340, 4;
    %pad/s 48;
    %add;
    %ix/load 4, 62, 0;
    %flag_set/imm 4, 0;
    %load/vec4a v000001e4eb8a7340, 4;
    %pad/s 48;
    %add;
    %ix/load 4, 63, 0;
    %flag_set/imm 4, 0;
    %load/vec4a v000001e4eb8a7340, 4;
    %pad/s 48;
    %add;
    %ix/load 3, 7, 0;
    %flag_set/imm 4, 0;
    %ix/load 4, 0, 0; Constant delay
    %assign/vec4/a/d v000001e4eb8a7700, 0, 4;
    %jmp T_4;
    .thread T_4;
    .scope S_000001e4eb817500;
T_5 ;
    %wait E_000001e4eb86e520;
    %load/vec4 v000001e4eb8a6c60_0;
    %nor/r;
    %flag_set/vec4 8;
    %jmp/0xz  T_5.0, 8;
    %pushi/vec4 0, 0, 48;
    %assign/vec4 v000001e4eb8a6e40_0, 0;
    %pushi/vec4 0, 0, 48;
    %assign/vec4 v000001e4eb8a66c0_0, 0;
    %pushi/vec4 0, 0, 48;
    %assign/vec4 v000001e4eb8a7c00_0, 0;
    %pushi/vec4 0, 0, 48;
    %assign/vec4 v000001e4eb8a8380_0, 0;
    %pushi/vec4 0, 0, 48;
    %assign/vec4 v000001e4eb8a70c0_0, 0;
    %pushi/vec4 0, 0, 48;
    %assign/vec4 v000001e4eb8a72a0_0, 0;
    %pushi/vec4 0, 0, 48;
    %assign/vec4 v000001e4eb8a6da0_0, 0;
    %pushi/vec4 0, 0, 48;
    %assign/vec4 v000001e4eb8a81a0_0, 0;
    %jmp T_5.1;
T_5.0 ;
    %ix/load 4, 0, 0;
    %flag_set/imm 4, 0;
    %load/vec4a v000001e4eb8a7700, 4;
    %assign/vec4 v000001e4eb8a6e40_0, 0;
    %ix/load 4, 1, 0;
    %flag_set/imm 4, 0;
    %load/vec4a v000001e4eb8a7700, 4;
    %assign/vec4 v000001e4eb8a66c0_0, 0;
    %ix/load 4, 2, 0;
    %flag_set/imm 4, 0;
    %load/vec4a v000001e4eb8a7700, 4;
    %assign/vec4 v000001e4eb8a7c00_0, 0;
    %ix/load 4, 3, 0;
    %flag_set/imm 4, 0;
    %load/vec4a v000001e4eb8a7700, 4;
    %assign/vec4 v000001e4eb8a8380_0, 0;
    %ix/load 4, 4, 0;
    %flag_set/imm 4, 0;
    %load/vec4a v000001e4eb8a7700, 4;
    %assign/vec4 v000001e4eb8a70c0_0, 0;
    %ix/load 4, 5, 0;
    %flag_set/imm 4, 0;
    %load/vec4a v000001e4eb8a7700, 4;
    %assign/vec4 v000001e4eb8a72a0_0, 0;
    %ix/load 4, 6, 0;
    %flag_set/imm 4, 0;
    %load/vec4a v000001e4eb8a7700, 4;
    %assign/vec4 v000001e4eb8a6da0_0, 0;
    %ix/load 4, 7, 0;
    %flag_set/imm 4, 0;
    %load/vec4a v000001e4eb8a7700, 4;
    %assign/vec4 v000001e4eb8a81a0_0, 0;
T_5.1 ;
    %jmp T_5;
    .thread T_5;
    .scope S_000001e4eb7c0b50;
T_6 ;
    %wait E_000001e4eb86e520;
    %load/vec4 v000001e4eb87b020_0;
    %nor/r;
    %flag_set/vec4 8;
    %jmp/0xz  T_6.0, 8;
    %pushi/vec4 0, 0, 48;
    %ix/load 3, 0, 0;
    %flag_set/imm 4, 0;
    %ix/load 4, 0, 0; Constant delay
    %assign/vec4/a/d v000001e4eb8a6f80, 0, 4;
    %pushi/vec4 0, 0, 48;
    %ix/load 3, 1, 0;
    %flag_set/imm 4, 0;
    %ix/load 4, 0, 0; Constant delay
    %assign/vec4/a/d v000001e4eb8a6f80, 0, 4;
    %pushi/vec4 0, 0, 48;
    %ix/load 3, 2, 0;
    %flag_set/imm 4, 0;
    %ix/load 4, 0, 0; Constant delay
    %assign/vec4/a/d v000001e4eb8a6f80, 0, 4;
    %pushi/vec4 0, 0, 48;
    %ix/load 3, 3, 0;
    %flag_set/imm 4, 0;
    %ix/load 4, 0, 0; Constant delay
    %assign/vec4/a/d v000001e4eb8a6f80, 0, 4;
    %pushi/vec4 0, 0, 48;
    %ix/load 3, 4, 0;
    %flag_set/imm 4, 0;
    %ix/load 4, 0, 0; Constant delay
    %assign/vec4/a/d v000001e4eb8a6f80, 0, 4;
    %pushi/vec4 0, 0, 48;
    %ix/load 3, 5, 0;
    %flag_set/imm 4, 0;
    %ix/load 4, 0, 0; Constant delay
    %assign/vec4/a/d v000001e4eb8a6f80, 0, 4;
    %pushi/vec4 0, 0, 48;
    %ix/load 3, 6, 0;
    %flag_set/imm 4, 0;
    %ix/load 4, 0, 0; Constant delay
    %assign/vec4/a/d v000001e4eb8a6f80, 0, 4;
    %jmp T_6.1;
T_6.0 ;
    %load/vec4 v000001e4eb8a7a20_0;
    %flag_set/vec4 8;
    %jmp/0xz  T_6.2, 8;
    %load/vec4 v000001e4eb8a69e0_0;
    %ix/load 3, 0, 0;
    %flag_set/imm 4, 0;
    %ix/load 4, 0, 0; Constant delay
    %assign/vec4/a/d v000001e4eb8a6f80, 0, 4;
    %load/vec4 v000001e4eb8a6940_0;
    %ix/load 3, 1, 0;
    %flag_set/imm 4, 0;
    %ix/load 4, 0, 0; Constant delay
    %assign/vec4/a/d v000001e4eb8a6f80, 0, 4;
    %load/vec4 v000001e4eb8a68a0_0;
    %ix/load 3, 2, 0;
    %flag_set/imm 4, 0;
    %ix/load 4, 0, 0; Constant delay
    %assign/vec4/a/d v000001e4eb8a6f80, 0, 4;
    %load/vec4 v000001e4eb8a77a0_0;
    %ix/load 3, 3, 0;
    %flag_set/imm 4, 0;
    %ix/load 4, 0, 0; Constant delay
    %assign/vec4/a/d v000001e4eb8a6f80, 0, 4;
    %load/vec4 v000001e4eb8a6800_0;
    %ix/load 3, 4, 0;
    %flag_set/imm 4, 0;
    %ix/load 4, 0, 0; Constant delay
    %assign/vec4/a/d v000001e4eb8a6f80, 0, 4;
    %load/vec4 v000001e4eb8a6760_0;
    %ix/load 3, 5, 0;
    %flag_set/imm 4, 0;
    %ix/load 4, 0, 0; Constant delay
    %assign/vec4/a/d v000001e4eb8a6f80, 0, 4;
    %load/vec4 v000001e4eb8a7980_0;
    %ix/load 3, 6, 0;
    %flag_set/imm 4, 0;
    %ix/load 4, 0, 0; Constant delay
    %assign/vec4/a/d v000001e4eb8a6f80, 0, 4;
T_6.2 ;
T_6.1 ;
    %jmp T_6;
    .thread T_6;
    .scope S_000001e4eb7c0b50;
T_7 ;
    %wait E_000001e4eb86e520;
    %load/vec4 v000001e4eb87b020_0;
    %nor/r;
    %flag_set/vec4 8;
    %jmp/0xz  T_7.0, 8;
    %pushi/vec4 0, 0, 1;
    %assign/vec4 v000001e4eb87aee0_0, 0;
    %jmp T_7.1;
T_7.0 ;
    %load/vec4 v000001e4eb8a7a20_0;
    %flag_set/vec4 8;
    %jmp/0xz  T_7.2, 8;
    %pushi/vec4 1, 0, 1;
    %assign/vec4 v000001e4eb87aee0_0, 0;
T_7.2 ;
T_7.1 ;
    %jmp T_7;
    .thread T_7;
    .scope S_000001e4eb7c0b50;
T_8 ;
    %wait E_000001e4eb86e520;
    %load/vec4 v000001e4eb87b020_0;
    %nor/r;
    %flag_set/vec4 8;
    %jmp/0xz  T_8.0, 8;
    %pushi/vec4 0, 0, 1;
    %assign/vec4 v000001e4eb87a9e0_0, 0;
    %pushi/vec4 0, 0, 1;
    %assign/vec4 v000001e4eb87a760_0, 0;
    %pushi/vec4 0, 0, 1;
    %assign/vec4 v000001e4eb87b2a0_0, 0;
    %jmp T_8.1;
T_8.0 ;
    %load/vec4 v000001e4eb8a7a20_0;
    %load/vec4 v000001e4eb87aee0_0;
    %and;
    %assign/vec4 v000001e4eb87a9e0_0, 0;
    %load/vec4 v000001e4eb87a9e0_0;
    %assign/vec4 v000001e4eb87a760_0, 0;
    %load/vec4 v000001e4eb87a760_0;
    %assign/vec4 v000001e4eb87b2a0_0, 0;
T_8.1 ;
    %jmp T_8;
    .thread T_8;
    .scope S_000001e4eb7c0b50;
T_9 ;
    %wait E_000001e4eb86e6e0;
    %load/vec4 v000001e4eb8a6620_0;
    %pad/s 73;
    %pushi/vec4 4294967295, 0, 32;
    %concati/vec4 4294966054, 0, 32;
    %concati/vec4 335, 0, 9;
    %mul;
    %ix/load 3, 0, 0;
    %flag_set/imm 4, 0;
    %ix/load 4, 0, 0; Constant delay
    %assign/vec4/a/d v000001e4eb87ac60, 0, 4;
    %ix/load 4, 0, 0;
    %flag_set/imm 4, 0;
    %load/vec4a v000001e4eb8a6f80, 4;
    %pad/s 73;
    %pushi/vec4 4294967295, 0, 32;
    %concati/vec4 4294966810, 0, 32;
    %concati/vec4 231, 0, 9;
    %mul;
    %ix/load 3, 1, 0;
    %flag_set/imm 4, 0;
    %ix/load 4, 0, 0; Constant delay
    %assign/vec4/a/d v000001e4eb87ac60, 0, 4;
    %ix/load 4, 1, 0;
    %flag_set/imm 4, 0;
    %load/vec4a v000001e4eb8a6f80, 4;
    %pad/s 73;
    %muli 4174328, 0, 73;
    %ix/load 3, 2, 0;
    %flag_set/imm 4, 0;
    %ix/load 4, 0, 0; Constant delay
    %assign/vec4/a/d v000001e4eb87ac60, 0, 4;
    %ix/load 4, 2, 0;
    %flag_set/imm 4, 0;
    %load/vec4a v000001e4eb8a6f80, 4;
    %pad/s 73;
    %muli 6742249, 0, 73;
    %ix/load 3, 3, 0;
    %flag_set/imm 4, 0;
    %ix/load 4, 0, 0; Constant delay
    %assign/vec4/a/d v000001e4eb87ac60, 0, 4;
    %ix/load 4, 3, 0;
    %flag_set/imm 4, 0;
    %load/vec4a v000001e4eb8a6f80, 4;
    %pad/s 73;
    %muli 2498612, 0, 73;
    %ix/load 3, 4, 0;
    %flag_set/imm 4, 0;
    %ix/load 4, 0, 0; Constant delay
    %assign/vec4/a/d v000001e4eb87ac60, 0, 4;
    %ix/load 4, 4, 0;
    %flag_set/imm 4, 0;
    %load/vec4a v000001e4eb8a6f80, 4;
    %pad/s 73;
    %pushi/vec4 4294967295, 0, 32;
    %concati/vec4 4294965670, 0, 32;
    %concati/vec4 198, 0, 9;
    %mul;
    %ix/load 3, 5, 0;
    %flag_set/imm 4, 0;
    %ix/load 4, 0, 0; Constant delay
    %assign/vec4/a/d v000001e4eb87ac60, 0, 4;
    %ix/load 4, 5, 0;
    %flag_set/imm 4, 0;
    %load/vec4a v000001e4eb8a6f80, 4;
    %pad/s 73;
    %pushi/vec4 4294967295, 0, 32;
    %concati/vec4 4294967089, 0, 32;
    %concati/vec4 254, 0, 9;
    %mul;
    %ix/load 3, 6, 0;
    %flag_set/imm 4, 0;
    %ix/load 4, 0, 0; Constant delay
    %assign/vec4/a/d v000001e4eb87ac60, 0, 4;
    %ix/load 4, 6, 0;
    %flag_set/imm 4, 0;
    %load/vec4a v000001e4eb8a6f80, 4;
    %pad/s 73;
    %muli 270307, 0, 73;
    %ix/load 3, 7, 0;
    %flag_set/imm 4, 0;
    %ix/load 4, 0, 0; Constant delay
    %assign/vec4/a/d v000001e4eb87ac60, 0, 4;
    %load/vec4 v000001e4eb8a6760_0;
    %pad/s 73;
    %pushi/vec4 4294967295, 0, 32;
    %concati/vec4 4294966054, 0, 32;
    %concati/vec4 335, 0, 9;
    %mul;
    %ix/load 3, 8, 0;
    %flag_set/imm 4, 0;
    %ix/load 4, 0, 0; Constant delay
    %assign/vec4/a/d v000001e4eb87ac60, 0, 4;
    %load/vec4 v000001e4eb8a7980_0;
    %pad/s 73;
    %pushi/vec4 4294967295, 0, 32;
    %concati/vec4 4294966810, 0, 32;
    %concati/vec4 231, 0, 9;
    %mul;
    %ix/load 3, 9, 0;
    %flag_set/imm 4, 0;
    %ix/load 4, 0, 0; Constant delay
    %assign/vec4/a/d v000001e4eb87ac60, 0, 4;
    %load/vec4 v000001e4eb8a6620_0;
    %pad/s 73;
    %muli 4174328, 0, 73;
    %ix/load 3, 10, 0;
    %flag_set/imm 4, 0;
    %ix/load 4, 0, 0; Constant delay
    %assign/vec4/a/d v000001e4eb87ac60, 0, 4;
    %ix/load 4, 0, 0;
    %flag_set/imm 4, 0;
    %load/vec4a v000001e4eb8a6f80, 4;
    %pad/s 73;
    %muli 6742249, 0, 73;
    %ix/load 3, 11, 0;
    %flag_set/imm 4, 0;
    %ix/load 4, 0, 0; Constant delay
    %assign/vec4/a/d v000001e4eb87ac60, 0, 4;
    %ix/load 4, 1, 0;
    %flag_set/imm 4, 0;
    %load/vec4a v000001e4eb8a6f80, 4;
    %pad/s 73;
    %muli 2498612, 0, 73;
    %ix/load 3, 12, 0;
    %flag_set/imm 4, 0;
    %ix/load 4, 0, 0; Constant delay
    %assign/vec4/a/d v000001e4eb87ac60, 0, 4;
    %ix/load 4, 2, 0;
    %flag_set/imm 4, 0;
    %load/vec4a v000001e4eb8a6f80, 4;
    %pad/s 73;
    %pushi/vec4 4294967295, 0, 32;
    %concati/vec4 4294965670, 0, 32;
    %concati/vec4 198, 0, 9;
    %mul;
    %ix/load 3, 13, 0;
    %flag_set/imm 4, 0;
    %ix/load 4, 0, 0; Constant delay
    %assign/vec4/a/d v000001e4eb87ac60, 0, 4;
    %ix/load 4, 3, 0;
    %flag_set/imm 4, 0;
    %load/vec4a v000001e4eb8a6f80, 4;
    %pad/s 73;
    %pushi/vec4 4294967295, 0, 32;
    %concati/vec4 4294967089, 0, 32;
    %concati/vec4 254, 0, 9;
    %mul;
    %ix/load 3, 14, 0;
    %flag_set/imm 4, 0;
    %ix/load 4, 0, 0; Constant delay
    %assign/vec4/a/d v000001e4eb87ac60, 0, 4;
    %ix/load 4, 4, 0;
    %flag_set/imm 4, 0;
    %load/vec4a v000001e4eb8a6f80, 4;
    %pad/s 73;
    %muli 270307, 0, 73;
    %ix/load 3, 15, 0;
    %flag_set/imm 4, 0;
    %ix/load 4, 0, 0; Constant delay
    %assign/vec4/a/d v000001e4eb87ac60, 0, 4;
    %load/vec4 v000001e4eb8a77a0_0;
    %pad/s 73;
    %pushi/vec4 4294967295, 0, 32;
    %concati/vec4 4294966054, 0, 32;
    %concati/vec4 335, 0, 9;
    %mul;
    %ix/load 3, 16, 0;
    %flag_set/imm 4, 0;
    %ix/load 4, 0, 0; Constant delay
    %assign/vec4/a/d v000001e4eb87ac60, 0, 4;
    %load/vec4 v000001e4eb8a6800_0;
    %pad/s 73;
    %pushi/vec4 4294967295, 0, 32;
    %concati/vec4 4294966810, 0, 32;
    %concati/vec4 231, 0, 9;
    %mul;
    %ix/load 3, 17, 0;
    %flag_set/imm 4, 0;
    %ix/load 4, 0, 0; Constant delay
    %assign/vec4/a/d v000001e4eb87ac60, 0, 4;
    %load/vec4 v000001e4eb8a6760_0;
    %pad/s 73;
    %muli 4174328, 0, 73;
    %ix/load 3, 18, 0;
    %flag_set/imm 4, 0;
    %ix/load 4, 0, 0; Constant delay
    %assign/vec4/a/d v000001e4eb87ac60, 0, 4;
    %load/vec4 v000001e4eb8a7980_0;
    %pad/s 73;
    %muli 6742249, 0, 73;
    %ix/load 3, 19, 0;
    %flag_set/imm 4, 0;
    %ix/load 4, 0, 0; Constant delay
    %assign/vec4/a/d v000001e4eb87ac60, 0, 4;
    %load/vec4 v000001e4eb8a6620_0;
    %pad/s 73;
    %muli 2498612, 0, 73;
    %ix/load 3, 20, 0;
    %flag_set/imm 4, 0;
    %ix/load 4, 0, 0; Constant delay
    %assign/vec4/a/d v000001e4eb87ac60, 0, 4;
    %ix/load 4, 0, 0;
    %flag_set/imm 4, 0;
    %load/vec4a v000001e4eb8a6f80, 4;
    %pad/s 73;
    %pushi/vec4 4294967295, 0, 32;
    %concati/vec4 4294965670, 0, 32;
    %concati/vec4 198, 0, 9;
    %mul;
    %ix/load 3, 21, 0;
    %flag_set/imm 4, 0;
    %ix/load 4, 0, 0; Constant delay
    %assign/vec4/a/d v000001e4eb87ac60, 0, 4;
    %ix/load 4, 1, 0;
    %flag_set/imm 4, 0;
    %load/vec4a v000001e4eb8a6f80, 4;
    %pad/s 73;
    %pushi/vec4 4294967295, 0, 32;
    %concati/vec4 4294967089, 0, 32;
    %concati/vec4 254, 0, 9;
    %mul;
    %ix/load 3, 22, 0;
    %flag_set/imm 4, 0;
    %ix/load 4, 0, 0; Constant delay
    %assign/vec4/a/d v000001e4eb87ac60, 0, 4;
    %ix/load 4, 2, 0;
    %flag_set/imm 4, 0;
    %load/vec4a v000001e4eb8a6f80, 4;
    %pad/s 73;
    %muli 270307, 0, 73;
    %ix/load 3, 23, 0;
    %flag_set/imm 4, 0;
    %ix/load 4, 0, 0; Constant delay
    %assign/vec4/a/d v000001e4eb87ac60, 0, 4;
    %load/vec4 v000001e4eb8a6940_0;
    %pad/s 73;
    %pushi/vec4 4294967295, 0, 32;
    %concati/vec4 4294966054, 0, 32;
    %concati/vec4 335, 0, 9;
    %mul;
    %ix/load 3, 24, 0;
    %flag_set/imm 4, 0;
    %ix/load 4, 0, 0; Constant delay
    %assign/vec4/a/d v000001e4eb87ac60, 0, 4;
    %load/vec4 v000001e4eb8a68a0_0;
    %pad/s 73;
    %pushi/vec4 4294967295, 0, 32;
    %concati/vec4 4294966810, 0, 32;
    %concati/vec4 231, 0, 9;
    %mul;
    %ix/load 3, 25, 0;
    %flag_set/imm 4, 0;
    %ix/load 4, 0, 0; Constant delay
    %assign/vec4/a/d v000001e4eb87ac60, 0, 4;
    %load/vec4 v000001e4eb8a77a0_0;
    %pad/s 73;
    %muli 4174328, 0, 73;
    %ix/load 3, 26, 0;
    %flag_set/imm 4, 0;
    %ix/load 4, 0, 0; Constant delay
    %assign/vec4/a/d v000001e4eb87ac60, 0, 4;
    %load/vec4 v000001e4eb8a6800_0;
    %pad/s 73;
    %muli 6742249, 0, 73;
    %ix/load 3, 27, 0;
    %flag_set/imm 4, 0;
    %ix/load 4, 0, 0; Constant delay
    %assign/vec4/a/d v000001e4eb87ac60, 0, 4;
    %load/vec4 v000001e4eb8a6760_0;
    %pad/s 73;
    %muli 2498612, 0, 73;
    %ix/load 3, 28, 0;
    %flag_set/imm 4, 0;
    %ix/load 4, 0, 0; Constant delay
    %assign/vec4/a/d v000001e4eb87ac60, 0, 4;
    %load/vec4 v000001e4eb8a7980_0;
    %pad/s 73;
    %pushi/vec4 4294967295, 0, 32;
    %concati/vec4 4294965670, 0, 32;
    %concati/vec4 198, 0, 9;
    %mul;
    %ix/load 3, 29, 0;
    %flag_set/imm 4, 0;
    %ix/load 4, 0, 0; Constant delay
    %assign/vec4/a/d v000001e4eb87ac60, 0, 4;
    %load/vec4 v000001e4eb8a6620_0;
    %pad/s 73;
    %pushi/vec4 4294967295, 0, 32;
    %concati/vec4 4294967089, 0, 32;
    %concati/vec4 254, 0, 9;
    %mul;
    %ix/load 3, 30, 0;
    %flag_set/imm 4, 0;
    %ix/load 4, 0, 0; Constant delay
    %assign/vec4/a/d v000001e4eb87ac60, 0, 4;
    %ix/load 4, 0, 0;
    %flag_set/imm 4, 0;
    %load/vec4a v000001e4eb8a6f80, 4;
    %pad/s 73;
    %muli 270307, 0, 73;
    %ix/load 3, 31, 0;
    %flag_set/imm 4, 0;
    %ix/load 4, 0, 0; Constant delay
    %assign/vec4/a/d v000001e4eb87ac60, 0, 4;
    %jmp T_9;
    .thread T_9;
    .scope S_000001e4eb7c0b50;
T_10 ;
    %wait E_000001e4eb86e6e0;
    %ix/load 4, 0, 0;
    %flag_set/imm 4, 0;
    %load/vec4a v000001e4eb87ac60, 4;
    %pad/s 76;
    %ix/load 4, 1, 0;
    %flag_set/imm 4, 0;
    %load/vec4a v000001e4eb87ac60, 4;
    %pad/s 76;
    %add;
    %ix/load 4, 2, 0;
    %flag_set/imm 4, 0;
    %load/vec4a v000001e4eb87ac60, 4;
    %pad/s 76;
    %add;
    %ix/load 4, 3, 0;
    %flag_set/imm 4, 0;
    %load/vec4a v000001e4eb87ac60, 4;
    %pad/s 76;
    %add;
    %ix/load 4, 4, 0;
    %flag_set/imm 4, 0;
    %load/vec4a v000001e4eb87ac60, 4;
    %pad/s 76;
    %add;
    %ix/load 4, 5, 0;
    %flag_set/imm 4, 0;
    %load/vec4a v000001e4eb87ac60, 4;
    %pad/s 76;
    %add;
    %ix/load 4, 6, 0;
    %flag_set/imm 4, 0;
    %load/vec4a v000001e4eb87ac60, 4;
    %pad/s 76;
    %add;
    %ix/load 4, 7, 0;
    %flag_set/imm 4, 0;
    %load/vec4a v000001e4eb87ac60, 4;
    %pad/s 76;
    %add;
    %ix/load 3, 0, 0;
    %flag_set/imm 4, 0;
    %ix/load 4, 0, 0; Constant delay
    %assign/vec4/a/d v000001e4eb87b160, 0, 4;
    %ix/load 4, 8, 0;
    %flag_set/imm 4, 0;
    %load/vec4a v000001e4eb87ac60, 4;
    %pad/s 76;
    %ix/load 4, 9, 0;
    %flag_set/imm 4, 0;
    %load/vec4a v000001e4eb87ac60, 4;
    %pad/s 76;
    %add;
    %ix/load 4, 10, 0;
    %flag_set/imm 4, 0;
    %load/vec4a v000001e4eb87ac60, 4;
    %pad/s 76;
    %add;
    %ix/load 4, 11, 0;
    %flag_set/imm 4, 0;
    %load/vec4a v000001e4eb87ac60, 4;
    %pad/s 76;
    %add;
    %ix/load 4, 12, 0;
    %flag_set/imm 4, 0;
    %load/vec4a v000001e4eb87ac60, 4;
    %pad/s 76;
    %add;
    %ix/load 4, 13, 0;
    %flag_set/imm 4, 0;
    %load/vec4a v000001e4eb87ac60, 4;
    %pad/s 76;
    %add;
    %ix/load 4, 14, 0;
    %flag_set/imm 4, 0;
    %load/vec4a v000001e4eb87ac60, 4;
    %pad/s 76;
    %add;
    %ix/load 4, 15, 0;
    %flag_set/imm 4, 0;
    %load/vec4a v000001e4eb87ac60, 4;
    %pad/s 76;
    %add;
    %ix/load 3, 1, 0;
    %flag_set/imm 4, 0;
    %ix/load 4, 0, 0; Constant delay
    %assign/vec4/a/d v000001e4eb87b160, 0, 4;
    %ix/load 4, 16, 0;
    %flag_set/imm 4, 0;
    %load/vec4a v000001e4eb87ac60, 4;
    %pad/s 76;
    %ix/load 4, 17, 0;
    %flag_set/imm 4, 0;
    %load/vec4a v000001e4eb87ac60, 4;
    %pad/s 76;
    %add;
    %ix/load 4, 18, 0;
    %flag_set/imm 4, 0;
    %load/vec4a v000001e4eb87ac60, 4;
    %pad/s 76;
    %add;
    %ix/load 4, 19, 0;
    %flag_set/imm 4, 0;
    %load/vec4a v000001e4eb87ac60, 4;
    %pad/s 76;
    %add;
    %ix/load 4, 20, 0;
    %flag_set/imm 4, 0;
    %load/vec4a v000001e4eb87ac60, 4;
    %pad/s 76;
    %add;
    %ix/load 4, 21, 0;
    %flag_set/imm 4, 0;
    %load/vec4a v000001e4eb87ac60, 4;
    %pad/s 76;
    %add;
    %ix/load 4, 22, 0;
    %flag_set/imm 4, 0;
    %load/vec4a v000001e4eb87ac60, 4;
    %pad/s 76;
    %add;
    %ix/load 4, 23, 0;
    %flag_set/imm 4, 0;
    %load/vec4a v000001e4eb87ac60, 4;
    %pad/s 76;
    %add;
    %ix/load 3, 2, 0;
    %flag_set/imm 4, 0;
    %ix/load 4, 0, 0; Constant delay
    %assign/vec4/a/d v000001e4eb87b160, 0, 4;
    %ix/load 4, 24, 0;
    %flag_set/imm 4, 0;
    %load/vec4a v000001e4eb87ac60, 4;
    %pad/s 76;
    %ix/load 4, 25, 0;
    %flag_set/imm 4, 0;
    %load/vec4a v000001e4eb87ac60, 4;
    %pad/s 76;
    %add;
    %ix/load 4, 26, 0;
    %flag_set/imm 4, 0;
    %load/vec4a v000001e4eb87ac60, 4;
    %pad/s 76;
    %add;
    %ix/load 4, 27, 0;
    %flag_set/imm 4, 0;
    %load/vec4a v000001e4eb87ac60, 4;
    %pad/s 76;
    %add;
    %ix/load 4, 28, 0;
    %flag_set/imm 4, 0;
    %load/vec4a v000001e4eb87ac60, 4;
    %pad/s 76;
    %add;
    %ix/load 4, 29, 0;
    %flag_set/imm 4, 0;
    %load/vec4a v000001e4eb87ac60, 4;
    %pad/s 76;
    %add;
    %ix/load 4, 30, 0;
    %flag_set/imm 4, 0;
    %load/vec4a v000001e4eb87ac60, 4;
    %pad/s 76;
    %add;
    %ix/load 4, 31, 0;
    %flag_set/imm 4, 0;
    %load/vec4a v000001e4eb87ac60, 4;
    %pad/s 76;
    %add;
    %ix/load 3, 3, 0;
    %flag_set/imm 4, 0;
    %ix/load 4, 0, 0; Constant delay
    %assign/vec4/a/d v000001e4eb87b160, 0, 4;
    %jmp T_10;
    .thread T_10;
    .scope S_000001e4eb7c0b50;
T_11 ;
    %wait E_000001e4eb86e520;
    %load/vec4 v000001e4eb87b020_0;
    %nor/r;
    %flag_set/vec4 8;
    %jmp/0xz  T_11.0, 8;
    %pushi/vec4 0, 0, 48;
    %assign/vec4 v000001e4eb8a73e0_0, 0;
    %pushi/vec4 0, 0, 48;
    %assign/vec4 v000001e4eb8a7480_0, 0;
    %pushi/vec4 0, 0, 48;
    %assign/vec4 v000001e4eb8a7660_0, 0;
    %pushi/vec4 0, 0, 48;
    %assign/vec4 v000001e4eb8a7840_0, 0;
    %jmp T_11.1;
T_11.0 ;
    %ix/load 4, 0, 0;
    %flag_set/imm 4, 0;
    %load/vec4a v000001e4eb87b160, 4;
    %parti/s 48, 23, 6;
    %assign/vec4 v000001e4eb8a73e0_0, 0;
    %ix/load 4, 1, 0;
    %flag_set/imm 4, 0;
    %load/vec4a v000001e4eb87b160, 4;
    %parti/s 48, 23, 6;
    %assign/vec4 v000001e4eb8a7480_0, 0;
    %ix/load 4, 2, 0;
    %flag_set/imm 4, 0;
    %load/vec4a v000001e4eb87b160, 4;
    %parti/s 48, 23, 6;
    %assign/vec4 v000001e4eb8a7660_0, 0;
    %ix/load 4, 3, 0;
    %flag_set/imm 4, 0;
    %load/vec4a v000001e4eb87b160, 4;
    %parti/s 48, 23, 6;
    %assign/vec4 v000001e4eb8a7840_0, 0;
T_11.1 ;
    %jmp T_11;
    .thread T_11;
    .scope S_000001e4eb752890;
T_12 ;
    %wait E_000001e4eb86e520;
    %load/vec4 v000001e4eb8801a0_0;
    %nor/r;
    %flag_set/vec4 8;
    %jmp/0xz  T_12.0, 8;
    %pushi/vec4 0, 0, 48;
    %ix/load 3, 0, 0;
    %flag_set/imm 4, 0;
    %ix/load 4, 0, 0; Constant delay
    %assign/vec4/a/d v000001e4eb87a800, 0, 4;
    %pushi/vec4 0, 0, 48;
    %ix/load 3, 1, 0;
    %flag_set/imm 4, 0;
    %ix/load 4, 0, 0; Constant delay
    %assign/vec4/a/d v000001e4eb87a800, 0, 4;
    %pushi/vec4 0, 0, 48;
    %ix/load 3, 2, 0;
    %flag_set/imm 4, 0;
    %ix/load 4, 0, 0; Constant delay
    %assign/vec4/a/d v000001e4eb87a800, 0, 4;
    %pushi/vec4 0, 0, 48;
    %ix/load 3, 3, 0;
    %flag_set/imm 4, 0;
    %ix/load 4, 0, 0; Constant delay
    %assign/vec4/a/d v000001e4eb87a800, 0, 4;
    %pushi/vec4 0, 0, 48;
    %ix/load 3, 0, 0;
    %flag_set/imm 4, 0;
    %ix/load 4, 0, 0; Constant delay
    %assign/vec4/a/d v000001e4eb87b340, 0, 4;
    %pushi/vec4 0, 0, 48;
    %ix/load 3, 1, 0;
    %flag_set/imm 4, 0;
    %ix/load 4, 0, 0; Constant delay
    %assign/vec4/a/d v000001e4eb87b340, 0, 4;
    %pushi/vec4 0, 0, 48;
    %ix/load 3, 2, 0;
    %flag_set/imm 4, 0;
    %ix/load 4, 0, 0; Constant delay
    %assign/vec4/a/d v000001e4eb87b340, 0, 4;
    %pushi/vec4 0, 0, 48;
    %ix/load 3, 3, 0;
    %flag_set/imm 4, 0;
    %ix/load 4, 0, 0; Constant delay
    %assign/vec4/a/d v000001e4eb87b340, 0, 4;
    %jmp T_12.1;
T_12.0 ;
    %load/vec4 v000001e4eb87a940_0;
    %flag_set/vec4 8;
    %jmp/0xz  T_12.2, 8;
    %ix/load 4, 0, 0;
    %flag_set/imm 4, 0;
    %load/vec4a v000001e4eb87a800, 4;
    %ix/load 3, 0, 0;
    %flag_set/imm 4, 0;
    %ix/load 4, 0, 0; Constant delay
    %assign/vec4/a/d v000001e4eb87b340, 0, 4;
    %ix/load 4, 1, 0;
    %flag_set/imm 4, 0;
    %load/vec4a v000001e4eb87a800, 4;
    %ix/load 3, 1, 0;
    %flag_set/imm 4, 0;
    %ix/load 4, 0, 0; Constant delay
    %assign/vec4/a/d v000001e4eb87b340, 0, 4;
    %ix/load 4, 2, 0;
    %flag_set/imm 4, 0;
    %load/vec4a v000001e4eb87a800, 4;
    %ix/load 3, 2, 0;
    %flag_set/imm 4, 0;
    %ix/load 4, 0, 0; Constant delay
    %assign/vec4/a/d v000001e4eb87b340, 0, 4;
    %ix/load 4, 3, 0;
    %flag_set/imm 4, 0;
    %load/vec4a v000001e4eb87a800, 4;
    %ix/load 3, 3, 0;
    %flag_set/imm 4, 0;
    %ix/load 4, 0, 0; Constant delay
    %assign/vec4/a/d v000001e4eb87b340, 0, 4;
    %load/vec4 v000001e4eb87abc0_0;
    %ix/load 3, 0, 0;
    %flag_set/imm 4, 0;
    %ix/load 4, 0, 0; Constant delay
    %assign/vec4/a/d v000001e4eb87a800, 0, 4;
    %load/vec4 v000001e4eb87aa80_0;
    %ix/load 3, 1, 0;
    %flag_set/imm 4, 0;
    %ix/load 4, 0, 0; Constant delay
    %assign/vec4/a/d v000001e4eb87a800, 0, 4;
    %load/vec4 v000001e4eb87a8a0_0;
    %ix/load 3, 2, 0;
    %flag_set/imm 4, 0;
    %ix/load 4, 0, 0; Constant delay
    %assign/vec4/a/d v000001e4eb87a800, 0, 4;
    %load/vec4 v000001e4eb87ab20_0;
    %ix/load 3, 3, 0;
    %flag_set/imm 4, 0;
    %ix/load 4, 0, 0; Constant delay
    %assign/vec4/a/d v000001e4eb87a800, 0, 4;
T_12.2 ;
T_12.1 ;
    %jmp T_12;
    .thread T_12;
    .scope S_000001e4eb752890;
T_13 ;
    %wait E_000001e4eb86e520;
    %load/vec4 v000001e4eb8801a0_0;
    %nor/r;
    %flag_set/vec4 8;
    %jmp/0xz  T_13.0, 8;
    %pushi/vec4 0, 0, 2;
    %assign/vec4 v000001e4eb87eda0_0, 0;
    %jmp T_13.1;
T_13.0 ;
    %load/vec4 v000001e4eb87a940_0;
    %flag_set/vec4 8;
    %jmp/0xz  T_13.2, 8;
    %load/vec4 v000001e4eb87eda0_0;
    %parti/s 1, 0, 2;
    %concati/vec4 1, 0, 1;
    %assign/vec4 v000001e4eb87eda0_0, 0;
T_13.2 ;
T_13.1 ;
    %jmp T_13;
    .thread T_13;
    .scope S_000001e4eb752890;
T_14 ;
    %wait E_000001e4eb86e520;
    %load/vec4 v000001e4eb8801a0_0;
    %nor/r;
    %flag_set/vec4 8;
    %jmp/0xz  T_14.0, 8;
    %pushi/vec4 0, 0, 1;
    %assign/vec4 v000001e4eb87f980_0, 0;
    %pushi/vec4 0, 0, 1;
    %assign/vec4 v000001e4eb8802e0_0, 0;
    %pushi/vec4 0, 0, 1;
    %assign/vec4 v000001e4eb87ada0_0, 0;
    %jmp T_14.1;
T_14.0 ;
    %load/vec4 v000001e4eb87a940_0;
    %load/vec4 v000001e4eb87eda0_0;
    %parti/s 1, 1, 2;
    %and;
    %assign/vec4 v000001e4eb87f980_0, 0;
    %load/vec4 v000001e4eb87f980_0;
    %assign/vec4 v000001e4eb8802e0_0, 0;
    %load/vec4 v000001e4eb8802e0_0;
    %assign/vec4 v000001e4eb87ada0_0, 0;
T_14.1 ;
    %jmp T_14;
    .thread T_14;
    .scope S_000001e4eb752890;
T_15 ;
    %wait E_000001e4eb86e6e0;
    %load/vec4 v000001e4eb87ab20_0;
    %pad/s 73;
    %pushi/vec4 4294967295, 0, 32;
    %concati/vec4 4294966054, 0, 32;
    %concati/vec4 335, 0, 9;
    %mul;
    %ix/load 3, 0, 0;
    %flag_set/imm 4, 0;
    %ix/load 4, 0, 0; Constant delay
    %assign/vec4/a/d v000001e4eb87fde0, 0, 4;
    %load/vec4 v000001e4eb87b200_0;
    %pad/s 73;
    %pushi/vec4 4294967295, 0, 32;
    %concati/vec4 4294966810, 0, 32;
    %concati/vec4 231, 0, 9;
    %mul;
    %ix/load 3, 1, 0;
    %flag_set/imm 4, 0;
    %ix/load 4, 0, 0; Constant delay
    %assign/vec4/a/d v000001e4eb87fde0, 0, 4;
    %load/vec4 v000001e4eb87ae40_0;
    %pad/s 73;
    %muli 4174328, 0, 73;
    %ix/load 3, 2, 0;
    %flag_set/imm 4, 0;
    %ix/load 4, 0, 0; Constant delay
    %assign/vec4/a/d v000001e4eb87fde0, 0, 4;
    %load/vec4 v000001e4eb87af80_0;
    %pad/s 73;
    %muli 6742249, 0, 73;
    %ix/load 3, 3, 0;
    %flag_set/imm 4, 0;
    %ix/load 4, 0, 0; Constant delay
    %assign/vec4/a/d v000001e4eb87fde0, 0, 4;
    %load/vec4 v000001e4eb87a440_0;
    %pad/s 73;
    %muli 2498612, 0, 73;
    %ix/load 3, 4, 0;
    %flag_set/imm 4, 0;
    %ix/load 4, 0, 0; Constant delay
    %assign/vec4/a/d v000001e4eb87fde0, 0, 4;
    %load/vec4 v000001e4eb87ad00_0;
    %pad/s 73;
    %pushi/vec4 4294967295, 0, 32;
    %concati/vec4 4294965670, 0, 32;
    %concati/vec4 198, 0, 9;
    %mul;
    %ix/load 3, 5, 0;
    %flag_set/imm 4, 0;
    %ix/load 4, 0, 0; Constant delay
    %assign/vec4/a/d v000001e4eb87fde0, 0, 4;
    %load/vec4 v000001e4eb87a4e0_0;
    %pad/s 73;
    %pushi/vec4 4294967295, 0, 32;
    %concati/vec4 4294967089, 0, 32;
    %concati/vec4 254, 0, 9;
    %mul;
    %ix/load 3, 6, 0;
    %flag_set/imm 4, 0;
    %ix/load 4, 0, 0; Constant delay
    %assign/vec4/a/d v000001e4eb87fde0, 0, 4;
    %load/vec4 v000001e4eb87b0c0_0;
    %pad/s 73;
    %muli 270307, 0, 73;
    %ix/load 3, 7, 0;
    %flag_set/imm 4, 0;
    %ix/load 4, 0, 0; Constant delay
    %assign/vec4/a/d v000001e4eb87fde0, 0, 4;
    %load/vec4 v000001e4eb87aa80_0;
    %pad/s 73;
    %pushi/vec4 4294967295, 0, 32;
    %concati/vec4 4294966054, 0, 32;
    %concati/vec4 335, 0, 9;
    %mul;
    %ix/load 3, 8, 0;
    %flag_set/imm 4, 0;
    %ix/load 4, 0, 0; Constant delay
    %assign/vec4/a/d v000001e4eb87fde0, 0, 4;
    %load/vec4 v000001e4eb87a8a0_0;
    %pad/s 73;
    %pushi/vec4 4294967295, 0, 32;
    %concati/vec4 4294966810, 0, 32;
    %concati/vec4 231, 0, 9;
    %mul;
    %ix/load 3, 9, 0;
    %flag_set/imm 4, 0;
    %ix/load 4, 0, 0; Constant delay
    %assign/vec4/a/d v000001e4eb87fde0, 0, 4;
    %load/vec4 v000001e4eb87ab20_0;
    %pad/s 73;
    %muli 4174328, 0, 73;
    %ix/load 3, 10, 0;
    %flag_set/imm 4, 0;
    %ix/load 4, 0, 0; Constant delay
    %assign/vec4/a/d v000001e4eb87fde0, 0, 4;
    %load/vec4 v000001e4eb87b200_0;
    %pad/s 73;
    %muli 6742249, 0, 73;
    %ix/load 3, 11, 0;
    %flag_set/imm 4, 0;
    %ix/load 4, 0, 0; Constant delay
    %assign/vec4/a/d v000001e4eb87fde0, 0, 4;
    %load/vec4 v000001e4eb87ae40_0;
    %pad/s 73;
    %muli 2498612, 0, 73;
    %ix/load 3, 12, 0;
    %flag_set/imm 4, 0;
    %ix/load 4, 0, 0; Constant delay
    %assign/vec4/a/d v000001e4eb87fde0, 0, 4;
    %load/vec4 v000001e4eb87af80_0;
    %pad/s 73;
    %pushi/vec4 4294967295, 0, 32;
    %concati/vec4 4294965670, 0, 32;
    %concati/vec4 198, 0, 9;
    %mul;
    %ix/load 3, 13, 0;
    %flag_set/imm 4, 0;
    %ix/load 4, 0, 0; Constant delay
    %assign/vec4/a/d v000001e4eb87fde0, 0, 4;
    %load/vec4 v000001e4eb87a440_0;
    %pad/s 73;
    %pushi/vec4 4294967295, 0, 32;
    %concati/vec4 4294967089, 0, 32;
    %concati/vec4 254, 0, 9;
    %mul;
    %ix/load 3, 14, 0;
    %flag_set/imm 4, 0;
    %ix/load 4, 0, 0; Constant delay
    %assign/vec4/a/d v000001e4eb87fde0, 0, 4;
    %load/vec4 v000001e4eb87ad00_0;
    %pad/s 73;
    %muli 270307, 0, 73;
    %ix/load 3, 15, 0;
    %flag_set/imm 4, 0;
    %ix/load 4, 0, 0; Constant delay
    %assign/vec4/a/d v000001e4eb87fde0, 0, 4;
    %jmp T_15;
    .thread T_15;
    .scope S_000001e4eb752890;
T_16 ;
    %wait E_000001e4eb86e6e0;
    %ix/load 4, 0, 0;
    %flag_set/imm 4, 0;
    %load/vec4a v000001e4eb87fde0, 4;
    %pad/s 76;
    %ix/load 4, 1, 0;
    %flag_set/imm 4, 0;
    %load/vec4a v000001e4eb87fde0, 4;
    %pad/s 76;
    %add;
    %ix/load 4, 2, 0;
    %flag_set/imm 4, 0;
    %load/vec4a v000001e4eb87fde0, 4;
    %pad/s 76;
    %add;
    %ix/load 4, 3, 0;
    %flag_set/imm 4, 0;
    %load/vec4a v000001e4eb87fde0, 4;
    %pad/s 76;
    %add;
    %ix/load 4, 4, 0;
    %flag_set/imm 4, 0;
    %load/vec4a v000001e4eb87fde0, 4;
    %pad/s 76;
    %add;
    %ix/load 4, 5, 0;
    %flag_set/imm 4, 0;
    %load/vec4a v000001e4eb87fde0, 4;
    %pad/s 76;
    %add;
    %ix/load 4, 6, 0;
    %flag_set/imm 4, 0;
    %load/vec4a v000001e4eb87fde0, 4;
    %pad/s 76;
    %add;
    %ix/load 4, 7, 0;
    %flag_set/imm 4, 0;
    %load/vec4a v000001e4eb87fde0, 4;
    %pad/s 76;
    %add;
    %ix/load 3, 0, 0;
    %flag_set/imm 4, 0;
    %ix/load 4, 0, 0; Constant delay
    %assign/vec4/a/d v000001e4eb87f200, 0, 4;
    %ix/load 4, 8, 0;
    %flag_set/imm 4, 0;
    %load/vec4a v000001e4eb87fde0, 4;
    %pad/s 76;
    %ix/load 4, 9, 0;
    %flag_set/imm 4, 0;
    %load/vec4a v000001e4eb87fde0, 4;
    %pad/s 76;
    %add;
    %ix/load 4, 10, 0;
    %flag_set/imm 4, 0;
    %load/vec4a v000001e4eb87fde0, 4;
    %pad/s 76;
    %add;
    %ix/load 4, 11, 0;
    %flag_set/imm 4, 0;
    %load/vec4a v000001e4eb87fde0, 4;
    %pad/s 76;
    %add;
    %ix/load 4, 12, 0;
    %flag_set/imm 4, 0;
    %load/vec4a v000001e4eb87fde0, 4;
    %pad/s 76;
    %add;
    %ix/load 4, 13, 0;
    %flag_set/imm 4, 0;
    %load/vec4a v000001e4eb87fde0, 4;
    %pad/s 76;
    %add;
    %ix/load 4, 14, 0;
    %flag_set/imm 4, 0;
    %load/vec4a v000001e4eb87fde0, 4;
    %pad/s 76;
    %add;
    %ix/load 4, 15, 0;
    %flag_set/imm 4, 0;
    %load/vec4a v000001e4eb87fde0, 4;
    %pad/s 76;
    %add;
    %ix/load 3, 1, 0;
    %flag_set/imm 4, 0;
    %ix/load 4, 0, 0; Constant delay
    %assign/vec4/a/d v000001e4eb87f200, 0, 4;
    %jmp T_16;
    .thread T_16;
    .scope S_000001e4eb752890;
T_17 ;
    %wait E_000001e4eb86e520;
    %load/vec4 v000001e4eb8801a0_0;
    %nor/r;
    %flag_set/vec4 8;
    %jmp/0xz  T_17.0, 8;
    %pushi/vec4 0, 0, 48;
    %assign/vec4 v000001e4eb87a580_0, 0;
    %pushi/vec4 0, 0, 48;
    %assign/vec4 v000001e4eb87a620_0, 0;
    %jmp T_17.1;
T_17.0 ;
    %ix/load 4, 0, 0;
    %flag_set/imm 4, 0;
    %load/vec4a v000001e4eb87f200, 4;
    %parti/s 48, 23, 6;
    %assign/vec4 v000001e4eb87a580_0, 0;
    %ix/load 4, 1, 0;
    %flag_set/imm 4, 0;
    %load/vec4a v000001e4eb87f200, 4;
    %parti/s 48, 23, 6;
    %assign/vec4 v000001e4eb87a620_0, 0;
T_17.1 ;
    %jmp T_17;
    .thread T_17;
    .scope S_000001e4eb8a8a20;
T_18 ;
    %wait E_000001e4eb86e520;
    %load/vec4 v000001e4eb87fac0_0;
    %nor/r;
    %flag_set/vec4 8;
    %jmp/0xz  T_18.0, 8;
    %pushi/vec4 0, 0, 48;
    %ix/load 3, 0, 0;
    %flag_set/imm 4, 0;
    %ix/load 4, 0, 0; Constant delay
    %assign/vec4/a/d v000001e4eb87f840, 0, 4;
    %pushi/vec4 0, 0, 48;
    %ix/load 3, 1, 0;
    %flag_set/imm 4, 0;
    %ix/load 4, 0, 0; Constant delay
    %assign/vec4/a/d v000001e4eb87f840, 0, 4;
    %pushi/vec4 0, 0, 48;
    %ix/load 3, 2, 0;
    %flag_set/imm 4, 0;
    %ix/load 4, 0, 0; Constant delay
    %assign/vec4/a/d v000001e4eb87f840, 0, 4;
    %pushi/vec4 0, 0, 48;
    %ix/load 3, 3, 0;
    %flag_set/imm 4, 0;
    %ix/load 4, 0, 0; Constant delay
    %assign/vec4/a/d v000001e4eb87f840, 0, 4;
    %pushi/vec4 0, 0, 48;
    %ix/load 3, 4, 0;
    %flag_set/imm 4, 0;
    %ix/load 4, 0, 0; Constant delay
    %assign/vec4/a/d v000001e4eb87f840, 0, 4;
    %pushi/vec4 0, 0, 48;
    %ix/load 3, 5, 0;
    %flag_set/imm 4, 0;
    %ix/load 4, 0, 0; Constant delay
    %assign/vec4/a/d v000001e4eb87f840, 0, 4;
    %pushi/vec4 0, 0, 48;
    %ix/load 3, 6, 0;
    %flag_set/imm 4, 0;
    %ix/load 4, 0, 0; Constant delay
    %assign/vec4/a/d v000001e4eb87f840, 0, 4;
    %jmp T_18.1;
T_18.0 ;
    %load/vec4 v000001e4eb87fe80_0;
    %flag_set/vec4 8;
    %jmp/0xz  T_18.2, 8;
    %ix/load 4, 4, 0;
    %flag_set/imm 4, 0;
    %load/vec4a v000001e4eb87f840, 4;
    %ix/load 3, 6, 0;
    %flag_set/imm 4, 0;
    %ix/load 4, 0, 0; Constant delay
    %assign/vec4/a/d v000001e4eb87f840, 0, 4;
    %ix/load 4, 3, 0;
    %flag_set/imm 4, 0;
    %load/vec4a v000001e4eb87f840, 4;
    %ix/load 3, 5, 0;
    %flag_set/imm 4, 0;
    %ix/load 4, 0, 0; Constant delay
    %assign/vec4/a/d v000001e4eb87f840, 0, 4;
    %ix/load 4, 2, 0;
    %flag_set/imm 4, 0;
    %load/vec4a v000001e4eb87f840, 4;
    %ix/load 3, 4, 0;
    %flag_set/imm 4, 0;
    %ix/load 4, 0, 0; Constant delay
    %assign/vec4/a/d v000001e4eb87f840, 0, 4;
    %ix/load 4, 1, 0;
    %flag_set/imm 4, 0;
    %load/vec4a v000001e4eb87f840, 4;
    %ix/load 3, 3, 0;
    %flag_set/imm 4, 0;
    %ix/load 4, 0, 0; Constant delay
    %assign/vec4/a/d v000001e4eb87f840, 0, 4;
    %ix/load 4, 0, 0;
    %flag_set/imm 4, 0;
    %load/vec4a v000001e4eb87f840, 4;
    %ix/load 3, 2, 0;
    %flag_set/imm 4, 0;
    %ix/load 4, 0, 0; Constant delay
    %assign/vec4/a/d v000001e4eb87f840, 0, 4;
    %load/vec4 v000001e4eb87ed00_0;
    %ix/load 3, 1, 0;
    %flag_set/imm 4, 0;
    %ix/load 4, 0, 0; Constant delay
    %assign/vec4/a/d v000001e4eb87f840, 0, 4;
    %load/vec4 v000001e4eb87f0c0_0;
    %ix/load 3, 0, 0;
    %flag_set/imm 4, 0;
    %ix/load 4, 0, 0; Constant delay
    %assign/vec4/a/d v000001e4eb87f840, 0, 4;
T_18.2 ;
T_18.1 ;
    %jmp T_18;
    .thread T_18;
    .scope S_000001e4eb8a8a20;
T_19 ;
    %wait E_000001e4eb86e520;
    %load/vec4 v000001e4eb87fac0_0;
    %nor/r;
    %flag_set/vec4 8;
    %jmp/0xz  T_19.0, 8;
    %pushi/vec4 0, 0, 4;
    %assign/vec4 v000001e4eb880380_0, 0;
    %jmp T_19.1;
T_19.0 ;
    %load/vec4 v000001e4eb87fe80_0;
    %flag_set/vec4 8;
    %jmp/0xz  T_19.2, 8;
    %load/vec4 v000001e4eb880380_0;
    %parti/s 3, 0, 2;
    %concati/vec4 1, 0, 1;
    %assign/vec4 v000001e4eb880380_0, 0;
T_19.2 ;
T_19.1 ;
    %jmp T_19;
    .thread T_19;
    .scope S_000001e4eb8a8a20;
T_20 ;
    %wait E_000001e4eb86e520;
    %load/vec4 v000001e4eb87fac0_0;
    %nor/r;
    %flag_set/vec4 8;
    %jmp/0xz  T_20.0, 8;
    %pushi/vec4 0, 0, 1;
    %assign/vec4 v000001e4eb87ff20_0, 0;
    %pushi/vec4 0, 0, 1;
    %assign/vec4 v000001e4eb87f520_0, 0;
    %pushi/vec4 0, 0, 1;
    %assign/vec4 v000001e4eb87e940_0, 0;
    %jmp T_20.1;
T_20.0 ;
    %load/vec4 v000001e4eb87fe80_0;
    %load/vec4 v000001e4eb880380_0;
    %parti/s 1, 3, 3;
    %and;
    %assign/vec4 v000001e4eb87ff20_0, 0;
    %load/vec4 v000001e4eb87ff20_0;
    %assign/vec4 v000001e4eb87f520_0, 0;
    %load/vec4 v000001e4eb87f520_0;
    %assign/vec4 v000001e4eb87e940_0, 0;
T_20.1 ;
    %jmp T_20;
    .thread T_20;
    .scope S_000001e4eb8a8a20;
T_21 ;
    %wait E_000001e4eb86e6e0;
    %load/vec4 v000001e4eb87ed00_0;
    %pad/s 73;
    %pushi/vec4 4294967295, 0, 32;
    %concati/vec4 4294966054, 0, 32;
    %concati/vec4 335, 0, 9;
    %mul;
    %ix/load 3, 0, 0;
    %flag_set/imm 4, 0;
    %ix/load 4, 0, 0; Constant delay
    %assign/vec4/a/d v000001e4eb87fa20, 0, 4;
    %ix/load 4, 0, 0;
    %flag_set/imm 4, 0;
    %load/vec4a v000001e4eb87f840, 4;
    %pad/s 73;
    %pushi/vec4 4294967295, 0, 32;
    %concati/vec4 4294966810, 0, 32;
    %concati/vec4 231, 0, 9;
    %mul;
    %ix/load 3, 1, 0;
    %flag_set/imm 4, 0;
    %ix/load 4, 0, 0; Constant delay
    %assign/vec4/a/d v000001e4eb87fa20, 0, 4;
    %ix/load 4, 1, 0;
    %flag_set/imm 4, 0;
    %load/vec4a v000001e4eb87f840, 4;
    %pad/s 73;
    %muli 4174328, 0, 73;
    %ix/load 3, 2, 0;
    %flag_set/imm 4, 0;
    %ix/load 4, 0, 0; Constant delay
    %assign/vec4/a/d v000001e4eb87fa20, 0, 4;
    %ix/load 4, 2, 0;
    %flag_set/imm 4, 0;
    %load/vec4a v000001e4eb87f840, 4;
    %pad/s 73;
    %muli 6742249, 0, 73;
    %ix/load 3, 3, 0;
    %flag_set/imm 4, 0;
    %ix/load 4, 0, 0; Constant delay
    %assign/vec4/a/d v000001e4eb87fa20, 0, 4;
    %ix/load 4, 3, 0;
    %flag_set/imm 4, 0;
    %load/vec4a v000001e4eb87f840, 4;
    %pad/s 73;
    %muli 2498612, 0, 73;
    %ix/load 3, 4, 0;
    %flag_set/imm 4, 0;
    %ix/load 4, 0, 0; Constant delay
    %assign/vec4/a/d v000001e4eb87fa20, 0, 4;
    %ix/load 4, 4, 0;
    %flag_set/imm 4, 0;
    %load/vec4a v000001e4eb87f840, 4;
    %pad/s 73;
    %pushi/vec4 4294967295, 0, 32;
    %concati/vec4 4294965670, 0, 32;
    %concati/vec4 198, 0, 9;
    %mul;
    %ix/load 3, 5, 0;
    %flag_set/imm 4, 0;
    %ix/load 4, 0, 0; Constant delay
    %assign/vec4/a/d v000001e4eb87fa20, 0, 4;
    %ix/load 4, 5, 0;
    %flag_set/imm 4, 0;
    %load/vec4a v000001e4eb87f840, 4;
    %pad/s 73;
    %pushi/vec4 4294967295, 0, 32;
    %concati/vec4 4294967089, 0, 32;
    %concati/vec4 254, 0, 9;
    %mul;
    %ix/load 3, 6, 0;
    %flag_set/imm 4, 0;
    %ix/load 4, 0, 0; Constant delay
    %assign/vec4/a/d v000001e4eb87fa20, 0, 4;
    %ix/load 4, 6, 0;
    %flag_set/imm 4, 0;
    %load/vec4a v000001e4eb87f840, 4;
    %pad/s 73;
    %muli 270307, 0, 73;
    %ix/load 3, 7, 0;
    %flag_set/imm 4, 0;
    %ix/load 4, 0, 0; Constant delay
    %assign/vec4/a/d v000001e4eb87fa20, 0, 4;
    %jmp T_21;
    .thread T_21;
    .scope S_000001e4eb8a8a20;
T_22 ;
    %wait E_000001e4eb86e6e0;
    %ix/load 4, 0, 0;
    %flag_set/imm 4, 0;
    %load/vec4a v000001e4eb87fa20, 4;
    %pad/s 76;
    %ix/load 4, 1, 0;
    %flag_set/imm 4, 0;
    %load/vec4a v000001e4eb87fa20, 4;
    %pad/s 76;
    %add;
    %ix/load 4, 2, 0;
    %flag_set/imm 4, 0;
    %load/vec4a v000001e4eb87fa20, 4;
    %pad/s 76;
    %add;
    %ix/load 4, 3, 0;
    %flag_set/imm 4, 0;
    %load/vec4a v000001e4eb87fa20, 4;
    %pad/s 76;
    %add;
    %ix/load 4, 4, 0;
    %flag_set/imm 4, 0;
    %load/vec4a v000001e4eb87fa20, 4;
    %pad/s 76;
    %add;
    %ix/load 4, 5, 0;
    %flag_set/imm 4, 0;
    %load/vec4a v000001e4eb87fa20, 4;
    %pad/s 76;
    %add;
    %ix/load 4, 6, 0;
    %flag_set/imm 4, 0;
    %load/vec4a v000001e4eb87fa20, 4;
    %pad/s 76;
    %add;
    %ix/load 4, 7, 0;
    %flag_set/imm 4, 0;
    %load/vec4a v000001e4eb87fa20, 4;
    %pad/s 76;
    %add;
    %assign/vec4 v000001e4eb87fb60_0, 0;
    %jmp T_22;
    .thread T_22;
    .scope S_000001e4eb8a8a20;
T_23 ;
    %wait E_000001e4eb86e520;
    %load/vec4 v000001e4eb87fac0_0;
    %nor/r;
    %flag_set/vec4 8;
    %jmp/0xz  T_23.0, 8;
    %pushi/vec4 0, 0, 48;
    %assign/vec4 v000001e4eb880240_0, 0;
    %jmp T_23.1;
T_23.0 ;
    %load/vec4 v000001e4eb87fb60_0;
    %parti/s 48, 23, 6;
    %assign/vec4 v000001e4eb880240_0, 0;
T_23.1 ;
    %jmp T_23;
    .thread T_23;
    .scope S_000001e4eb784570;
T_24 ;
    %delay 5000, 0;
    %load/vec4 v000001e4eb87ef80_0;
    %inv;
    %store/vec4 v000001e4eb87ef80_0, 0, 1;
    %jmp T_24;
    .thread T_24;
    .scope S_000001e4eb784570;
T_25 ;
    %pushi/vec4 0, 0, 1;
    %store/vec4 v000001e4eb87ef80_0, 0, 1;
    %pushi/vec4 0, 0, 1;
    %store/vec4 v000001e4eb880100_0, 0, 1;
    %pushi/vec4 0, 0, 1;
    %store/vec4 v000001e4eb87f160_0, 0, 1;
    %vpi_call 2 142 "$display", "Starting Decompose L1->L2->L3->L4 Testbench..." {0 0 0};
    %pushi/vec4 0, 0, 32;
    %store/vec4 v000001e4eb87ee40_0, 0, 32;
T_25.0 ;
    %load/vec4 v000001e4eb87ee40_0;
    %cmpi/s 16, 0, 32;
    %jmp/0xz T_25.1, 5;
    %pushi/vec4 0, 0, 16;
    %ix/getv/s 4, v000001e4eb87ee40_0;
    %store/vec4a v000001e4eb880740, 4, 0;
    %load/vec4 v000001e4eb87ee40_0;
    %addi 1, 0, 32;
    %store/vec4 v000001e4eb87ee40_0, 0, 32;
    %jmp T_25.0;
T_25.1 ;
    %vpi_func 2 145 "$fopen" 32, "D:/project/zu9_modifield+pulse_iir/PL/FMC_FH8052_zu9/FMC_FH8052.srcs/sources_1/imports/src/simulation/x_input.txt", "r" {0 0 0};
    %store/vec4 v000001e4eb87fd40_0, 0, 32;
    %load/vec4 v000001e4eb87fd40_0;
    %cmpi/e 0, 0, 32;
    %jmp/0xz  T_25.2, 4;
    %vpi_call 2 147 "$display", "ERROR: Cannot open x_input.txt" {0 0 0};
    %vpi_call 2 148 "$finish" {0 0 0};
T_25.2 ;
    %delay 100000, 0;
    %pushi/vec4 1, 0, 1;
    %store/vec4 v000001e4eb880100_0, 0, 1;
T_25.4 ;
    %vpi_func 2 154 "$feof" 32, v000001e4eb87fd40_0 {0 0 0};
    %nor/r;
    %flag_set/vec4 8;
    %jmp/0xz T_25.5, 8;
    %wait E_000001e4eb86e6e0;
    %delay 0, 0;
    %vpi_func 2 157 "$fscanf" 32, v000001e4eb87fd40_0, "%h,%h,%h,%h,%h,%h,%h,%h,%h,%h,%h,%h,%h,%h,%h,%h\012", &A<v000001e4eb880740, 0>, &A<v000001e4eb880740, 1>, &A<v000001e4eb880740, 2>, &A<v000001e4eb880740, 3>, &A<v000001e4eb880740, 4>, &A<v000001e4eb880740, 5>, &A<v000001e4eb880740, 6>, &A<v000001e4eb880740, 7>, &A<v000001e4eb880740, 8>, &A<v000001e4eb880740, 9>, &A<v000001e4eb880740, 10>, &A<v000001e4eb880740, 11>, &A<v000001e4eb880740, 12>, &A<v000001e4eb880740, 13>, &A<v000001e4eb880740, 14>, &A<v000001e4eb880740, 15> {0 0 0};
    %store/vec4 v000001e4eb87f2a0_0, 0, 32;
    %load/vec4 v000001e4eb87f2a0_0;
    %cmpi/e 16, 0, 32;
    %jmp/0xz  T_25.6, 4;
    %pushi/vec4 1, 0, 1;
    %store/vec4 v000001e4eb87f160_0, 0, 1;
    %jmp T_25.7;
T_25.6 ;
    %vpi_call 2 167 "$display", "ERROR: fscanf failed to read 16 values" {0 0 0};
    %pushi/vec4 0, 0, 1;
    %store/vec4 v000001e4eb87f160_0, 0, 1;
    %delay 100000, 0;
    %vpi_call 2 170 "$finish" {0 0 0};
T_25.7 ;
    %delay 1000, 0;
    %jmp T_25.4;
T_25.5 ;
    %wait E_000001e4eb86e6e0;
    %pushi/vec4 0, 0, 1;
    %store/vec4 v000001e4eb87f160_0, 0, 1;
    %delay 500000, 0;
    %vpi_call 2 179 "$fclose", v000001e4eb87fd40_0 {0 0 0};
    %vpi_call 2 180 "$finish" {0 0 0};
    %end;
    .thread T_25;
    .scope S_000001e4eb784570;
T_26 ;
    %vpi_func 2 188 "$fopen" 32, "D:/project/zu9_modifield+pulse_iir/PL/FMC_FH8052_zu9/FMC_FH8052.srcs/sources_1/imports/src/simulation/a4_output.txt", "w" {0 0 0};
    %store/vec4 v000001e4eb87f8e0_0, 0, 32;
    %end;
    .thread T_26;
    .scope S_000001e4eb784570;
T_27 ;
    %wait E_000001e4eb86e6e0;
    %load/vec4 v000001e4eb87f7a0_0;
    %flag_set/vec4 8;
    %jmp/0xz  T_27.0, 8;
    %vpi_call 2 193 "$fdisplay", v000001e4eb87f8e0_0, "%h", v000001e4eb87fca0_0 {0 0 0};
T_27.0 ;
    %jmp T_27;
    .thread T_27;
    .scope S_000001e4eb784570;
T_28 ;
    %vpi_call 2 199 "$dumpfile", "waveform/tb_decompose_L14.vcd" {0 0 0};
    %vpi_call 2 200 "$dumpvars", 32'sb00000000000000000000000000000000, S_000001e4eb784570 {0 0 0};
    %end;
    .thread T_28;
# The file index is used to find the file name in the following table.
:file_names 7;
    "N/A";
    "<interactive>";
    "tb_decompose_L14.v";
    "./../baseLine/decompose_L1.v";
    "./../baseLine/decompose_L2.v";
    "./../baseLine/decompose_L3.v";
    "./../baseLine/decompose_L4.v";
